/var/spool/slurmd/job5173648/slurm_script: line 14: ../../ML_Environment/bin/activate: No such file or directory
1.13.1+cu117
GPU is available
Namespace(Jp=1.0, Jz=1.0, Nx=4, Ny=4, U=1.0, antisym=0.0, bounds=1, boundsx=0, boundsy=0, density=0.9375, hd=100, load_model=0, sym=0.0, t=3.0)
4x4_qubits/periodic/Jp=1.0Jz=1.0t=3.0den=0.94/
Use RNN cell with weight sharing.
Model parameters: 
rnn.W1: 120000
rnn.b1: 100
rnn.W2: 120000
rnn.b2: 100
rnn.Wmerge: 20000
lin1.weight: 300
lin1.bias: 3
lin2.weight: 300
lin2.bias: 3
Total number of parameters in the network: 260806
1
2
3
4
5
6
7
8
9
10
[(-23.690770778349144+0.004291956710637187j), 0.3400114528986158]
