/var/spool/slurmd/job5188777/slurm_script: line 14: ../../ML_Environment/bin/activate: No such file or directory
1.13.1+cu117
GPU is available
Namespace(Jp=1.0, Jz=1.0, Nx=4, Ny=4, U=1.0, antisym=0.0, bounds=1, boundsx=0, boundsy=0, density=0.9375, hd=70, load_model=0, sym=0.0, t=3.0)
4x4_qubits/periodic/Jp=1.0Jz=1.0t=3.0den=0.94/
Use RNN cell with weight sharing.
Model parameters: 
rnn.W1: 58800
rnn.b1: 70
rnn.W2: 58800
rnn.b2: 70
rnn.Wmerge: 9800
lin1.weight: 210
lin1.bias: 3
lin2.weight: 210
lin2.bias: 3
Total number of parameters in the network: 127966
Traceback (most recent call last):
  File "tests.py", line 45, in <module>
    model.load_state_dict(torch.load(fol+"model_params"+fol_ext+".pt")) 
  File "/scratch/h/Hannah.Lange/PhD/ML/ML_Environment/lib/python3.8/site-packages/torch/serialization.py", line 771, in load
    with _open_file_like(f, 'rb') as opened_file:
  File "/scratch/h/Hannah.Lange/PhD/ML/ML_Environment/lib/python3.8/site-packages/torch/serialization.py", line 270, in _open_file_like
    return _open_file(name_or_buffer, mode)
  File "/scratch/h/Hannah.Lange/PhD/ML/ML_Environment/lib/python3.8/site-packages/torch/serialization.py", line 251, in __init__
    super(_open_file, self).__init__(open(name, mode))
FileNotFoundError: [Errno 2] No such file or directory: '4x4_qubits/periodic/Jp=1.0Jz=1.0t=3.0den=0.94/model_params_h=70_no_antisym.pt'
