1.13.1+cu117
GPU is available
Namespace(Jp=1.0, Jz=1.0, U=1.0, t=1.0, density=0.9375, Nx=4, Ny=4, kx=0.0, ky=0.0, bounds=1, boundsx=0, boundsy=0, load_model=1, sym=0.0, antisym=0.0, hd=70)
4 4 0.9375 15
4x4_qubits/periodic/Jp=1.0Jz=1.0t=1.0den=0.94/
Use RNN cell with weight sharing.
Model parameters: 
rnn.W1: 58800
rnn.b1: 70
rnn.W2: 58800
rnn.b2: 70
rnn.Wmerge: 9800
lin1.weight: 210
lin1.bias: 3
lin2.weight: 210
lin2.bias: 3
Total number of parameters in the network: 127966
check if ../4x4_qubits/periodic/Jp=1.0Jz=1.0t=1.0den=0.94/model_params_h=70_no_antisym.pt exists.
load ../4x4_qubits/periodic/Jp=1.0Jz=1.0t=1.0den=0.94/model_params_h=70_no_antisym.pt
0.38738890003699744
tensor(0.1879, device='cuda:0', dtype=torch.float64, grad_fn=<MulBackward0>)
Epoch: 1/ 1000/ t/epoch=1.65............. Loss: -0.20980601, mean(E): -18.39791287-0.02886361j, var(E): 0.21545661, Px: -0.49822359-0.31795320j, Py: 0.48661944-0.24592683j
0.7679877704607115
tensor(0.3766, device='cuda:0', dtype=torch.float64, grad_fn=<MulBackward0>)
1.1420305438263911
tensor(0.5354, device='cuda:0', dtype=torch.float64, grad_fn=<MulBackward0>)
1.5097392678375618
tensor(0.7346, device='cuda:0', dtype=torch.float64, grad_fn=<MulBackward0>)
1.8713248970311833
tensor(0.8488, device='cuda:0', dtype=torch.float64, grad_fn=<MulBackward0>)
2.226988019620549
tensor(1.0168, device='cuda:0', dtype=torch.float64, grad_fn=<MulBackward0>)
2.5769195257663693
tensor(1.1537, device='cuda:0', dtype=torch.float64, grad_fn=<MulBackward0>)
2.9213012228502677
tensor(1.1229, device='cuda:0', dtype=torch.float64, grad_fn=<MulBackward0>)
3.260306402715595
tensor(1.5438, device='cuda:0', dtype=torch.float64, grad_fn=<MulBackward0>)
3.594100365306269
tensor(1.7296, device='cuda:0', dtype=torch.float64, grad_fn=<MulBackward0>)
Epoch: 10/ 1000/ t/epoch=0.6............. Loss: 2.00606189, mean(E): -18.43241202-0.01093182j, var(E): 0.20272356, Px: -0.49772180-0.50532112j, Py: 0.48322782-0.26247897j
3.9228409026646283
tensor(1.6379, device='cuda:0', dtype=torch.float64, grad_fn=<MulBackward0>)
4.246678746835807
tensor(1.9949, device='cuda:0', dtype=torch.float64, grad_fn=<MulBackward0>)
4.565757984861144
tensor(2.1981, device='cuda:0', dtype=torch.float64, grad_fn=<MulBackward0>)
4.880216443720544
tensor(2.0776, device='cuda:0', dtype=torch.float64, grad_fn=<MulBackward0>)
5.190186047797844
tensor(2.2336, device='cuda:0', dtype=torch.float64, grad_fn=<MulBackward0>)
5.495793151189666
tensor(2.0776, device='cuda:0', dtype=torch.float64, grad_fn=<MulBackward0>)
5.797158846952756
tensor(2.3058, device='cuda:0', dtype=torch.float64, grad_fn=<MulBackward0>)
6.094399255184058
tensor(2.8178, device='cuda:0', dtype=torch.float64, grad_fn=<MulBackward0>)
6.387625791648664
tensor(2.2789, device='cuda:0', dtype=torch.float64, grad_fn=<MulBackward0>)
6.676945418510874
tensor(3.2283, device='cuda:0', dtype=torch.float64, grad_fn=<MulBackward0>)
Epoch: 20/ 1000/ t/epoch=0.6............. Loss: 2.97497588, mean(E): -18.40868544+0.02527235j, var(E): 0.27144193, Px: -0.48912881-0.22794482j, Py: 0.49421830-0.18402813j
6.962460878580353
tensor(1.8021, device='cuda:0', dtype=torch.float64, grad_fn=<MulBackward0>)
7.244270914357112
tensor(1.8275, device='cuda:0', dtype=torch.float64, grad_fn=<MulBackward0>)
7.522470473044028
tensor(3.6584, device='cuda:0', dtype=torch.float64, grad_fn=<MulBackward0>)
7.797150898591837
tensor(2.0583, device='cuda:0', dtype=torch.float64, grad_fn=<MulBackward0>)
8.068400111748744
tensor(2.8380, device='cuda:0', dtype=torch.float64, grad_fn=<MulBackward0>)
8.336302779002585
tensor(4.0961, device='cuda:0', dtype=torch.float64, grad_fn=<MulBackward0>)
8.600940471227823
tensor(2.8155, device='cuda:0', dtype=torch.float64, grad_fn=<MulBackward0>)
8.862391812781173
tensor(2.1730, device='cuda:0', dtype=torch.float64, grad_fn=<MulBackward0>)
9.1207326217277
tensor(4.0189, device='cuda:0', dtype=torch.float64, grad_fn=<MulBackward0>)
9.376036041823156
tensor(4.3465, device='cuda:0', dtype=torch.float64, grad_fn=<MulBackward0>)
Epoch: 30/ 1000/ t/epoch=0.6............. Loss: 4.38103253, mean(E): -18.38283287-0.02944223j, var(E): 0.38997641, Px: -0.46323853-0.37150235j, Py: 0.49898079-0.24166341j
9.628372666827284
tensor(4.5441, device='cuda:0', dtype=torch.float64, grad_fn=<MulBackward0>)
9.877810657676827
tensor(4.3333, device='cuda:0', dtype=torch.float64, grad_fn=<MulBackward0>)
10.124415853004676
tensor(2.6848, device='cuda:0', dtype=torch.float64, grad_fn=<MulBackward0>)
10.368251873453593
tensor(2.4984, device='cuda:0', dtype=torch.float64, grad_fn=<MulBackward0>)
10.60938022019789
tensor(2.6076, device='cuda:0', dtype=torch.float64, grad_fn=<MulBackward0>)
10.847860368054851
tensor(2.4850, device='cuda:0', dtype=torch.float64, grad_fn=<MulBackward0>)
11.08374985353844
tensor(3.4791, device='cuda:0', dtype=torch.float64, grad_fn=<MulBackward0>)
11.317104358181536
tensor(4.9166, device='cuda:0', dtype=torch.float64, grad_fn=<MulBackward0>)
11.547977787428454
tensor(5.1816, device='cuda:0', dtype=torch.float64, grad_fn=<MulBackward0>)
11.776422345377446
tensor(5.4856, device='cuda:0', dtype=torch.float64, grad_fn=<MulBackward0>)
Epoch: 40/ 1000/ t/epoch=0.6............. Loss: 5.68732555, mean(E): -18.38181189+0.00167748j, var(E): 0.61714663, Px: 0.47147321-0.41342937j, Py: 0.49348400-0.22994818j
12.002488605632383
tensor(5.5730, device='cuda:0', dtype=torch.float64, grad_fn=<MulBackward0>)
12.226225578504188
tensor(3.5098, device='cuda:0', dtype=torch.float64, grad_fn=<MulBackward0>)
12.44768077478538
tensor(3.0796, device='cuda:0', dtype=torch.float64, grad_fn=<MulBackward0>)
12.66690026630532
tensor(4.7405, device='cuda:0', dtype=torch.float64, grad_fn=<MulBackward0>)
12.883928743459228
tensor(5.0715, device='cuda:0', dtype=torch.float64, grad_fn=<MulBackward0>)
13.09880956989063
tensor(6.1714, device='cuda:0', dtype=torch.float64, grad_fn=<MulBackward0>)
13.311584834494663
tensor(3.6789, device='cuda:0', dtype=torch.float64, grad_fn=<MulBackward0>)
13.522295400898127
tensor(3.7026, device='cuda:0', dtype=torch.float64, grad_fn=<MulBackward0>)
13.730980954561906
tensor(4.1521, device='cuda:0', dtype=torch.float64, grad_fn=<MulBackward0>)
13.937680047641447
tensor(3.9952, device='cuda:0', dtype=torch.float64, grad_fn=<MulBackward0>)
Epoch: 50/ 1000/ t/epoch=0.6............. Loss: 4.12113491, mean(E): -18.27924730-0.01016855j, var(E): 0.51905242, Px: 0.20902011-0.51380961j, Py: 0.49291048-0.20923197j
14.142430141732243
tensor(6.3564, device='cuda:0', dtype=torch.float64, grad_fn=<MulBackward0>)
14.345267648618742
tensor(6.6974, device='cuda:0', dtype=torch.float64, grad_fn=<MulBackward0>)
14.546227969137712
tensor(6.3290, device='cuda:0', dtype=torch.float64, grad_fn=<MulBackward0>)
14.745345530259621
tensor(2.7866, device='cuda:0', dtype=torch.float64, grad_fn=<MulBackward0>)
14.942653820485333
tensor(3.9185, device='cuda:0', dtype=torch.float64, grad_fn=<MulBackward0>)
15.138185423649087
tensor(3.6342, device='cuda:0', dtype=torch.float64, grad_fn=<MulBackward0>)
15.33197205121308
tensor(3.7619, device='cuda:0', dtype=torch.float64, grad_fn=<MulBackward0>)
15.524044573133757
tensor(4.0229, device='cuda:0', dtype=torch.float64, grad_fn=<MulBackward0>)
15.71443304737489
tensor(5.0741, device='cuda:0', dtype=torch.float64, grad_fn=<MulBackward0>)
15.903166748138078
tensor(4.2718, device='cuda:0', dtype=torch.float64, grad_fn=<MulBackward0>)
Epoch: 60/ 1000/ t/epoch=0.59............. Loss: 6.16754186, mean(E): -18.25481340+0.02929086j, var(E): 0.74627084, Px: 0.14781982-0.35109402j, Py: 0.49675441-0.27155505j
16.09027419287695
tensor(3.7270, device='cuda:0', dtype=torch.float64, grad_fn=<MulBackward0>)
16.27578316815741
tensor(3.9916, device='cuda:0', dtype=torch.float64, grad_fn=<MulBackward0>)
16.459720754422552
tensor(4.3580, device='cuda:0', dtype=torch.float64, grad_fn=<MulBackward0>)
16.64211334971758
tensor(5.1955, device='cuda:0', dtype=torch.float64, grad_fn=<MulBackward0>)
16.822986692426475
tensor(5.2777, device='cuda:0', dtype=torch.float64, grad_fn=<MulBackward0>)
17.002365883069658
tensor(4.1816, device='cuda:0', dtype=torch.float64, grad_fn=<MulBackward0>)
17.18027540520859
tensor(4.2684, device='cuda:0', dtype=torch.float64, grad_fn=<MulBackward0>)
17.356739145500995
tensor(6.9155, device='cuda:0', dtype=torch.float64, grad_fn=<MulBackward0>)
17.531780412947718
tensor(3.9967, device='cuda:0', dtype=torch.float64, grad_fn=<MulBackward0>)
17.705421957370042
tensor(4.3862, device='cuda:0', dtype=torch.float64, grad_fn=<MulBackward0>)
Epoch: 70/ 1000/ t/epoch=0.59............. Loss: 6.33734970, mean(E): -18.21320673+0.01736801j, var(E): 0.63249423, Px: -0.07829736-0.32820242j, Py: -0.49152877-0.23373262j
17.87768598715408
tensor(4.0094, device='cuda:0', dtype=torch.float64, grad_fn=<MulBackward0>)
18.0485941862968
tensor(3.7809, device='cuda:0', dtype=torch.float64, grad_fn=<MulBackward0>)
18.21816773078654
tensor(5.2578, device='cuda:0', dtype=torch.float64, grad_fn=<MulBackward0>)
18.386427304348825
tensor(4.5545, device='cuda:0', dtype=torch.float64, grad_fn=<MulBackward0>)
18.553393113586814
tensor(4.2512, device='cuda:0', dtype=torch.float64, grad_fn=<MulBackward0>)
18.71908490254411
tensor(5.0377, device='cuda:0', dtype=torch.float64, grad_fn=<MulBackward0>)
18.883521966716156
tensor(4.6020, device='cuda:0', dtype=torch.float64, grad_fn=<MulBackward0>)
19.046723166535095
tensor(4.7685, device='cuda:0', dtype=torch.float64, grad_fn=<MulBackward0>)
19.208706940351668
tensor(4.0146, device='cuda:0', dtype=torch.float64, grad_fn=<MulBackward0>)
19.36949131693647
tensor(4.3437, device='cuda:0', dtype=torch.float64, grad_fn=<MulBackward0>)
Epoch: 80/ 1000/ t/epoch=0.59............. Loss: 6.14025315, mean(E): -18.30283422+0.08081262j, var(E): 0.66647289, Px: -0.06138795-0.55864315j, Py: 0.46955990-0.26933270j
19.529093927521764
tensor(4.9275, device='cuda:0', dtype=torch.float64, grad_fn=<MulBackward0>)
19.68753201740402
tensor(4.8454, device='cuda:0', dtype=torch.float64, grad_fn=<MulBackward0>)
19.844822457126188
tensor(4.9211, device='cuda:0', dtype=torch.float64, grad_fn=<MulBackward0>)
20.000981753257925
tensor(4.3872, device='cuda:0', dtype=torch.float64, grad_fn=<MulBackward0>)
20.1560260587909
tensor(4.6406, device='cuda:0', dtype=torch.float64, grad_fn=<MulBackward0>)
20.309971183165644
tensor(5.0695, device='cuda:0', dtype=torch.float64, grad_fn=<MulBackward0>)
20.462832601945486
tensor(4.9639, device='cuda:0', dtype=torch.float64, grad_fn=<MulBackward0>)
20.614625466152326
tensor(5.0495, device='cuda:0', dtype=torch.float64, grad_fn=<MulBackward0>)
20.765364611278375
tensor(5.3306, device='cuda:0', dtype=torch.float64, grad_fn=<MulBackward0>)
20.915064565987272
tensor(5.3656, device='cuda:0', dtype=torch.float64, grad_fn=<MulBackward0>)
Epoch: 90/ 1000/ t/epoch=0.59............. Loss: 6.40214433, mean(E): -18.28881233-0.02234372j, var(E): 1.40816100, Px: 0.10172271-0.31898198j, Py: 0.49618008-0.28207714j
21.063739560517327
tensor(4.9734, device='cuda:0', dtype=torch.float64, grad_fn=<MulBackward0>)
21.211403534798993
tensor(5.4471, device='cuda:0', dtype=torch.float64, grad_fn=<MulBackward0>)
21.358070146298278
tensor(4.9794, device='cuda:0', dtype=torch.float64, grad_fn=<MulBackward0>)
21.50375277759696
tensor(4.9538, device='cuda:0', dtype=torch.float64, grad_fn=<MulBackward0>)
21.648464543720287
tensor(5.1620, device='cuda:0', dtype=torch.float64, grad_fn=<MulBackward0>)
21.792218299222064
tensor(5.1894, device='cuda:0', dtype=torch.float64, grad_fn=<MulBackward0>)
21.935026645036814
tensor(5.3551, device='cuda:0', dtype=torch.float64, grad_fn=<MulBackward0>)
22.07690193510804
tensor(5.4906, device='cuda:0', dtype=torch.float64, grad_fn=<MulBackward0>)
22.217856282801378
tensor(5.4802, device='cuda:0', dtype=torch.float64, grad_fn=<MulBackward0>)
22.35790156711096
tensor(5.4221, device='cuda:0', dtype=torch.float64, grad_fn=<MulBackward0>)
Epoch: 100/ 1000/ t/epoch=0.59............. Loss: 6.74526212, mean(E): -18.19938379-0.04032102j, var(E): 0.94835620, Px: -0.11699671-0.46010272j, Py: -0.47835856-0.19078571j
22.497049438666885
tensor(5.8383, device='cuda:0', dtype=torch.float64, grad_fn=<MulBackward0>)
22.63531132555145
tensor(4.3012, device='cuda:0', dtype=torch.float64, grad_fn=<MulBackward0>)
22.772698438931407
tensor(5.7008, device='cuda:0', dtype=torch.float64, grad_fn=<MulBackward0>)
22.909221778513135
tensor(6.1007, device='cuda:0', dtype=torch.float64, grad_fn=<MulBackward0>)
23.04489213782739
tensor(5.8049, device='cuda:0', dtype=torch.float64, grad_fn=<MulBackward0>)
23.17972010935001
tensor(5.7102, device='cuda:0', dtype=torch.float64, grad_fn=<MulBackward0>)
23.313716089464602
tensor(5.4850, device='cuda:0', dtype=torch.float64, grad_fn=<MulBackward0>)
23.44689028327306
tensor(4.9795, device='cuda:0', dtype=torch.float64, grad_fn=<MulBackward0>)
23.57925270925948
tensor(4.9529, device='cuda:0', dtype=torch.float64, grad_fn=<MulBackward0>)
23.710813203812762
tensor(5.1989, device='cuda:0', dtype=torch.float64, grad_fn=<MulBackward0>)
Epoch: 110/ 1000/ t/epoch=0.6............. Loss: 6.80666831, mean(E): -18.22511134+0.03875012j, var(E): 1.21911663, Px: -0.00979313-0.27216961j, Py: 0.46815489-0.32174380j
23.841581425613036
tensor(5.4722, device='cuda:0', dtype=torch.float64, grad_fn=<MulBackward0>)
23.971566859886824
tensor(5.5520, device='cuda:0', dtype=torch.float64, grad_fn=<MulBackward0>)
24.100778822535585
tensor(5.0262, device='cuda:0', dtype=torch.float64, grad_fn=<MulBackward0>)
24.229226464142144
tensor(5.8397, device='cuda:0', dtype=torch.float64, grad_fn=<MulBackward0>)
24.356918773859324
tensor(6.0905, device='cuda:0', dtype=torch.float64, grad_fn=<MulBackward0>)
24.48386458318493
tensor(5.2896, device='cuda:0', dtype=torch.float64, grad_fn=<MulBackward0>)
24.610072569626983
tensor(6.1417, device='cuda:0', dtype=torch.float64, grad_fn=<MulBackward0>)
24.735551260263136
tensor(5.2564, device='cuda:0', dtype=torch.float64, grad_fn=<MulBackward0>)
24.860309035197727
tensor(5.8440, device='cuda:0', dtype=torch.float64, grad_fn=<MulBackward0>)
24.98435413092019
tensor(5.5761, device='cuda:0', dtype=torch.float64, grad_fn=<MulBackward0>)
Epoch: 120/ 1000/ t/epoch=0.6............. Loss: 5.83024957, mean(E): -18.09425875+0.03958768j, var(E): 1.01408091, Px: -0.04521670-0.46023803j, Py: -0.47025422-0.24931050j
25.107694643568035
tensor(5.2717, device='cuda:0', dtype=torch.float64, grad_fn=<MulBackward0>)
25.23033853209769
tensor(5.5657, device='cuda:0', dtype=torch.float64, grad_fn=<MulBackward0>)
25.352293621366286
tensor(6.0487, device='cuda:0', dtype=torch.float64, grad_fn=<MulBackward0>)
25.47356760512743
tensor(5.5042, device='cuda:0', dtype=torch.float64, grad_fn=<MulBackward0>)
25.59416804894372
tensor(7.4859, device='cuda:0', dtype=torch.float64, grad_fn=<MulBackward0>)
25.71410239301889
tensor(5.7000, device='cuda:0', dtype=torch.float64, grad_fn=<MulBackward0>)
25.833377954952148
tensor(4.5191, device='cuda:0', dtype=torch.float64, grad_fn=<MulBackward0>)
25.95200193241723
tensor(5.4522, device='cuda:0', dtype=torch.float64, grad_fn=<MulBackward0>)
26.069981405768782
tensor(5.5427, device='cuda:0', dtype=torch.float64, grad_fn=<MulBackward0>)
26.18732334057822
tensor(6.2210, device='cuda:0', dtype=torch.float64, grad_fn=<MulBackward0>)
Epoch: 130/ 1000/ t/epoch=0.6............. Loss: 6.82329380, mean(E): -18.16060594+0.07253762j, var(E): 1.04211910, Px: 0.01721349-0.29604692j, Py: 0.48709288-0.32649354j
26.304034590101498
tensor(5.3423, device='cuda:0', dtype=torch.float64, grad_fn=<MulBackward0>)
26.420121897680872
tensor(6.5085, device='cuda:0', dtype=torch.float64, grad_fn=<MulBackward0>)
26.53559189908285
tensor(4.8204, device='cuda:0', dtype=torch.float64, grad_fn=<MulBackward0>)
26.65045112477427
tensor(6.8407, device='cuda:0', dtype=torch.float64, grad_fn=<MulBackward0>)
26.764706002138528
tensor(5.1717, device='cuda:0', dtype=torch.float64, grad_fn=<MulBackward0>)
26.878362857633757
tensor(9.3294, device='cuda:0', dtype=torch.float64, grad_fn=<MulBackward0>)
26.99142791889491
tensor(6.0714, device='cuda:0', dtype=torch.float64, grad_fn=<MulBackward0>)
27.103907316781278
tensor(6.0788, device='cuda:0', dtype=torch.float64, grad_fn=<MulBackward0>)
27.215807087371363
tensor(6.7590, device='cuda:0', dtype=torch.float64, grad_fn=<MulBackward0>)
27.327133173906553
tensor(5.7959, device='cuda:0', dtype=torch.float64, grad_fn=<MulBackward0>)
Epoch: 140/ 1000/ t/epoch=0.6............. Loss: 6.70387433, mean(E): -18.15977605+0.02898793j, var(E): 1.07318736, Px: 0.00402054-0.42732340j, Py: 0.46051681-0.29803059j
27.437891428685212
tensor(5.5730, device='cuda:0', dtype=torch.float64, grad_fn=<MulBackward0>)
27.548087614908805
tensor(6.0107, device='cuda:0', dtype=torch.float64, grad_fn=<MulBackward0>)
27.65772740848127
tensor(6.9507, device='cuda:0', dtype=torch.float64, grad_fn=<MulBackward0>)
27.76681639976334
tensor(6.7578, device='cuda:0', dtype=torch.float64, grad_fn=<MulBackward0>)
27.875360095282897
tensor(6.5495, device='cuda:0', dtype=torch.float64, grad_fn=<MulBackward0>)
27.983363919402883
tensor(6.1451, device='cuda:0', dtype=torch.float64, grad_fn=<MulBackward0>)
28.090833215947875
tensor(5.8189, device='cuda:0', dtype=torch.float64, grad_fn=<MulBackward0>)
28.197773249790643
tensor(6.9393, device='cuda:0', dtype=torch.float64, grad_fn=<MulBackward0>)
28.304189208399794
tensor(6.7190, device='cuda:0', dtype=torch.float64, grad_fn=<MulBackward0>)
28.41008620334975
tensor(6.3105, device='cuda:0', dtype=torch.float64, grad_fn=<MulBackward0>)
Epoch: 150/ 1000/ t/epoch=0.6............. Loss: 6.44300853, mean(E): -18.11942490+0.01101442j, var(E): 1.05488758, Px: -0.01688480-0.29671903j, Py: 0.47099566-0.29046063j
28.515469271793993
tensor(7.0151, device='cuda:0', dtype=torch.float64, grad_fn=<MulBackward0>)
28.620343377902792
tensor(5.9771, device='cuda:0', dtype=torch.float64, grad_fn=<MulBackward0>)
28.72471341426638
tensor(5.9257, device='cuda:0', dtype=torch.float64, grad_fn=<MulBackward0>)
28.82858420326454
tensor(6.1963, device='cuda:0', dtype=torch.float64, grad_fn=<MulBackward0>)
28.93196049840362
tensor(6.9198, device='cuda:0', dtype=torch.float64, grad_fn=<MulBackward0>)
29.034846985621837
tensor(6.5632, device='cuda:0', dtype=torch.float64, grad_fn=<MulBackward0>)
29.137248284563853
tensor(5.9439, device='cuda:0', dtype=torch.float64, grad_fn=<MulBackward0>)
29.23916894982539
tensor(5.6093, device='cuda:0', dtype=torch.float64, grad_fn=<MulBackward0>)
29.340613472168798
tensor(7.5305, device='cuda:0', dtype=torch.float64, grad_fn=<MulBackward0>)
29.441586279710364
tensor(5.5761, device='cuda:0', dtype=torch.float64, grad_fn=<MulBackward0>)
Epoch: 160/ 1000/ t/epoch=0.6............. Loss: 7.68082705, mean(E): -18.15234059-0.00669973j, var(E): 1.18213868, Px: 0.09787714-0.22052600j, Py: 0.42404556-0.33759097j
29.542091739080135
tensor(7.1264, device='cuda:0', dtype=torch.float64, grad_fn=<MulBackward0>)
29.64213415655501
tensor(6.1599, device='cuda:0', dtype=torch.float64, grad_fn=<MulBackward0>)
29.7417177791659
tensor(3.4304, device='cuda:0', dtype=torch.float64, grad_fn=<MulBackward0>)
29.840846795779523
tensor(6.0738, device='cuda:0', dtype=torch.float64, grad_fn=<MulBackward0>)
29.939525338155754
tensor(6.2790, device='cuda:0', dtype=torch.float64, grad_fn=<MulBackward0>)
30.037757481980904
tensor(5.2831, device='cuda:0', dtype=torch.float64, grad_fn=<MulBackward0>)
30.135547247877874
tensor(7.3216, device='cuda:0', dtype=torch.float64, grad_fn=<MulBackward0>)
30.232898602393547
tensor(5.5359, device='cuda:0', dtype=torch.float64, grad_fn=<MulBackward0>)
30.32981545896426
tensor(7.0565, device='cuda:0', dtype=torch.float64, grad_fn=<MulBackward0>)
30.42630167885971
tensor(7.5792, device='cuda:0', dtype=torch.float64, grad_fn=<MulBackward0>)
Epoch: 170/ 1000/ t/epoch=0.6............. Loss: 8.66790224, mean(E): -18.05229708-0.14696810j, var(E): 1.50154519, Px: 0.03099703-0.32228127j, Py: 0.49813761-0.29972783j
30.522361072106058
tensor(6.3404, device='cuda:0', dtype=torch.float64, grad_fn=<MulBackward0>)
30.61799739838872
tensor(6.6961, device='cuda:0', dtype=torch.float64, grad_fn=<MulBackward0>)
30.713214367935258
tensor(6.9066, device='cuda:0', dtype=torch.float64, grad_fn=<MulBackward0>)
30.80801564237915
tensor(5.8564, device='cuda:0', dtype=torch.float64, grad_fn=<MulBackward0>)
30.902404835604635
tensor(6.7903, device='cuda:0', dtype=torch.float64, grad_fn=<MulBackward0>)
30.996385514573404
tensor(6.7620, device='cuda:0', dtype=torch.float64, grad_fn=<MulBackward0>)
31.08996120013338
tensor(7.4459, device='cuda:0', dtype=torch.float64, grad_fn=<MulBackward0>)
31.183135367810234
tensor(7.5207, device='cuda:0', dtype=torch.float64, grad_fn=<MulBackward0>)
31.275911448581876
tensor(3.9439, device='cuda:0', dtype=torch.float64, grad_fn=<MulBackward0>)
31.368292829636633
tensor(5.0849, device='cuda:0', dtype=torch.float64, grad_fn=<MulBackward0>)
Epoch: 180/ 1000/ t/epoch=0.6............. Loss: 7.02475102, mean(E): -18.06280823-0.01318915j, var(E): 1.35296645, Px: 0.05204679-0.22245997j, Py: -0.39924096-0.38293168j
31.46028285511519
tensor(7.7992, device='cuda:0', dtype=torch.float64, grad_fn=<MulBackward0>)
31.551884826837018
tensor(6.9459, device='cuda:0', dtype=torch.float64, grad_fn=<MulBackward0>)
31.643102005011496
tensor(4.1622, device='cuda:0', dtype=torch.float64, grad_fn=<MulBackward0>)
31.73393760893411
tensor(7.5300, device='cuda:0', dtype=torch.float64, grad_fn=<MulBackward0>)
31.82439481766827
tensor(5.0061, device='cuda:0', dtype=torch.float64, grad_fn=<MulBackward0>)
31.914476770712845
tensor(4.1755, device='cuda:0', dtype=torch.float64, grad_fn=<MulBackward0>)
32.00418656865602
tensor(7.4651, device='cuda:0', dtype=torch.float64, grad_fn=<MulBackward0>)
32.09352727381564
tensor(5.5539, device='cuda:0', dtype=torch.float64, grad_fn=<MulBackward0>)
32.182501910866456
tensor(6.1638, device='cuda:0', dtype=torch.float64, grad_fn=<MulBackward0>)
32.27111346745459
tensor(7.7733, device='cuda:0', dtype=torch.float64, grad_fn=<MulBackward0>)
Epoch: 190/ 1000/ t/epoch=0.6............. Loss: 8.83848097, mean(E): -18.04038054+0.06750349j, var(E): 1.36626818, Px: -0.09777318-0.37583228j, Py: 0.48095195-0.42543855j
32.359364894799484
tensor(2.9430, device='cuda:0', dtype=torch.float64, grad_fn=<MulBackward0>)
32.447259108283625
tensor(5.1190, device='cuda:0', dtype=torch.float64, grad_fn=<MulBackward0>)
32.534798988030545
tensor(3.9610, device='cuda:0', dtype=torch.float64, grad_fn=<MulBackward0>)
32.62198737947101
tensor(5.1219, device='cuda:0', dtype=torch.float64, grad_fn=<MulBackward0>)
32.70882709389802
tensor(3.1633, device='cuda:0', dtype=torch.float64, grad_fn=<MulBackward0>)
32.795320909010755
tensor(6.2910, device='cuda:0', dtype=torch.float64, grad_fn=<MulBackward0>)
32.8814715694476
tensor(1.7976, device='cuda:0', dtype=torch.float64, grad_fn=<MulBackward0>)
32.96728178730885
tensor(2.7613, device='cuda:0', dtype=torch.float64, grad_fn=<MulBackward0>)
33.05275424266894
tensor(3.3880, device='cuda:0', dtype=torch.float64, grad_fn=<MulBackward0>)
33.1378915840787
tensor(2.1870, device='cuda:0', dtype=torch.float64, grad_fn=<MulBackward0>)
Epoch: 200/ 1000/ t/epoch=0.6............. Loss: 3.34092178, mean(E): -17.86937751+0.03301653j, var(E): 1.64119730, Px: 0.18477121-0.34251583j, Py: -0.17848353-0.52880099j
33.222696429057876
tensor(3.0387, device='cuda:0', dtype=torch.float64, grad_fn=<MulBackward0>)
33.30717136457792
tensor(1.1326, device='cuda:0', dtype=torch.float64, grad_fn=<MulBackward0>)
33.39131894753556
tensor(3.9320, device='cuda:0', dtype=torch.float64, grad_fn=<MulBackward0>)
33.47514170521716
tensor(1.9305, device='cuda:0', dtype=torch.float64, grad_fn=<MulBackward0>)
33.55864213575416
tensor(6.7149, device='cuda:0', dtype=torch.float64, grad_fn=<MulBackward0>)
33.641822708569855
tensor(0.0165, device='cuda:0', dtype=torch.float64, grad_fn=<MulBackward0>)
33.72468586481751
tensor(0.3948, device='cuda:0', dtype=torch.float64, grad_fn=<MulBackward0>)
33.80723401781031
tensor(0.4531, device='cuda:0', dtype=torch.float64, grad_fn=<MulBackward0>)
33.88946955344306
tensor(4.5004, device='cuda:0', dtype=torch.float64, grad_fn=<MulBackward0>)
33.97139483060594
tensor(2.7678, device='cuda:0', dtype=torch.float64, grad_fn=<MulBackward0>)
Epoch: 210/ 1000/ t/epoch=0.6............. Loss: 3.74735814, mean(E): -17.71816738+0.13677911j, var(E): 2.14317248, Px: 0.24385629-0.51430687j, Py: 0.14835530-0.40482430j
34.05301218159059
tensor(1.3585, device='cuda:0', dtype=torch.float64, grad_fn=<MulBackward0>)
34.134323912488405
tensor(2.6121, device='cuda:0', dtype=torch.float64, grad_fn=<MulBackward0>)
34.215332303581576
tensor(0.9172, device='cuda:0', dtype=torch.float64, grad_fn=<MulBackward0>)
34.29603960972677
tensor(1.1656, device='cuda:0', dtype=torch.float64, grad_fn=<MulBackward0>)
34.37644806073172
tensor(4.4417, device='cuda:0', dtype=torch.float64, grad_fn=<MulBackward0>)
34.45655986172489
tensor(0.7021, device='cuda:0', dtype=torch.float64, grad_fn=<MulBackward0>)
34.53637719351835
tensor(0.0838, device='cuda:0', dtype=torch.float64, grad_fn=<MulBackward0>)
34.61590221296393
tensor(0.1575, device='cuda:0', dtype=torch.float64, grad_fn=<MulBackward0>)
34.695137053303036
tensor(0.7129, device='cuda:0', dtype=torch.float64, grad_fn=<MulBackward0>)
34.77408382450987
tensor(0.5198, device='cuda:0', dtype=torch.float64, grad_fn=<MulBackward0>)
Epoch: 220/ 1000/ t/epoch=0.6............. Loss: -1.52717581, mean(E): -17.57815777+0.04479815j, var(E): 2.97153862, Px: 0.09967673-0.44825080j, Py: 0.07079125-0.44494252j
34.85274461362872
tensor(0.0465, device='cuda:0', dtype=torch.float64, grad_fn=<MulBackward0>)
34.931121485104896
tensor(0.0464, device='cuda:0', dtype=torch.float64, grad_fn=<MulBackward0>)
35.00921648110989
tensor(0.4708, device='cuda:0', dtype=torch.float64, grad_fn=<MulBackward0>)
35.087031621860625
tensor(0.9177, device='cuda:0', dtype=torch.float64, grad_fn=<MulBackward0>)
35.164568905933066
tensor(5.3427, device='cuda:0', dtype=torch.float64, grad_fn=<MulBackward0>)
35.24183031057019
tensor(0.0788, device='cuda:0', dtype=torch.float64, grad_fn=<MulBackward0>)
35.31881779198451
tensor(0.2466, device='cuda:0', dtype=torch.float64, grad_fn=<MulBackward0>)
35.3955332856553
tensor(0.3574, device='cuda:0', dtype=torch.float64, grad_fn=<MulBackward0>)
35.47197870662055
tensor(1.2262, device='cuda:0', dtype=torch.float64, grad_fn=<MulBackward0>)
35.54815594976379
tensor(0.3512, device='cuda:0', dtype=torch.float64, grad_fn=<MulBackward0>)
Epoch: 230/ 1000/ t/epoch=0.6............. Loss: -0.32411776, mean(E): -17.63365569+0.16928062j, var(E): 3.04136125, Px: 0.09405012-0.39946362j, Py: 0.03213896-0.33682270j
35.62406689009593
tensor(1.2634, device='cuda:0', dtype=torch.float64, grad_fn=<MulBackward0>)
35.6997133830322
tensor(0.4319, device='cuda:0', dtype=torch.float64, grad_fn=<MulBackward0>)
35.7750972646642
tensor(0.1015, device='cuda:0', dtype=torch.float64, grad_fn=<MulBackward0>)
35.85022035202735
tensor(0.0384, device='cuda:0', dtype=torch.float64, grad_fn=<MulBackward0>)
35.925084443363716
tensor(1.9377, device='cuda:0', dtype=torch.float64, grad_fn=<MulBackward0>)
35.999691318380194
tensor(1.0423, device='cuda:0', dtype=torch.float64, grad_fn=<MulBackward0>)
36.07404273850246
tensor(0.6979, device='cuda:0', dtype=torch.float64, grad_fn=<MulBackward0>)
36.148140447124476
tensor(0.2339, device='cuda:0', dtype=torch.float64, grad_fn=<MulBackward0>)
36.22198616985373
tensor(0.9273, device='cuda:0', dtype=torch.float64, grad_fn=<MulBackward0>)
36.29558161475241
tensor(0.0811, device='cuda:0', dtype=torch.float64, grad_fn=<MulBackward0>)
Epoch: 240/ 1000/ t/epoch=0.6............. Loss: -0.42343106, mean(E): -17.66256798-0.04920152j, var(E): 2.73497744, Px: -0.04125892-0.30384136j, Py: -0.02308277-0.33025039j
36.368928472574446
tensor(0.0555, device='cuda:0', dtype=torch.float64, grad_fn=<MulBackward0>)
36.44202841699857
tensor(0.4721, device='cuda:0', dtype=torch.float64, grad_fn=<MulBackward0>)
36.51488310485748
tensor(1.1068, device='cuda:0', dtype=torch.float64, grad_fn=<MulBackward0>)
36.58749417636317
tensor(0.5384, device='cuda:0', dtype=torch.float64, grad_fn=<MulBackward0>)
36.659863255328474
tensor(1.4620, device='cuda:0', dtype=torch.float64, grad_fn=<MulBackward0>)
36.73199194938498
tensor(0.2186, device='cuda:0', dtype=torch.float64, grad_fn=<MulBackward0>)
36.803881850197286
tensor(1.5760, device='cuda:0', dtype=torch.float64, grad_fn=<MulBackward0>)
36.87553453367381
tensor(0.0853, device='cuda:0', dtype=torch.float64, grad_fn=<MulBackward0>)
36.94695156017398
tensor(0.0763, device='cuda:0', dtype=torch.float64, grad_fn=<MulBackward0>)
37.01813447471219
tensor(0.9019, device='cuda:0', dtype=torch.float64, grad_fn=<MulBackward0>)
Epoch: 250/ 1000/ t/epoch=0.61............. Loss: 1.00510298, mean(E): -17.63851459+0.03659151j, var(E): 2.58518100, Px: -0.11714714-0.32717447j, Py: -0.10315339-0.46287918j
37.089084807158336
tensor(0.1194, device='cuda:0', dtype=torch.float64, grad_fn=<MulBackward0>)
37.159804072435065
tensor(0.2149, device='cuda:0', dtype=torch.float64, grad_fn=<MulBackward0>)
37.23029377071194
tensor(8.2541, device='cuda:0', dtype=torch.float64, grad_fn=<MulBackward0>)
37.3005553875963
tensor(0.8186, device='cuda:0', dtype=torch.float64, grad_fn=<MulBackward0>)
37.37059039432116
tensor(0.9938, device='cuda:0', dtype=torch.float64, grad_fn=<MulBackward0>)
37.440400247930114
tensor(0.1642, device='cuda:0', dtype=torch.float64, grad_fn=<MulBackward0>)
37.50998639145911
tensor(0.2912, device='cuda:0', dtype=torch.float64, grad_fn=<MulBackward0>)
37.57935025411551
tensor(0.4789, device='cuda:0', dtype=torch.float64, grad_fn=<MulBackward0>)
37.648493251454205
tensor(1.2026, device='cuda:0', dtype=torch.float64, grad_fn=<MulBackward0>)
37.717416785550945
tensor(0.0052, device='cuda:0', dtype=torch.float64, grad_fn=<MulBackward0>)
Epoch: 260/ 1000/ t/epoch=0.61............. Loss: 1.88760457, mean(E): -17.49711523-0.01267916j, var(E): 3.38146409, Px: -0.01049513-0.29355379j, Py: -0.00537995-0.36880815j
37.786122245172905
tensor(0.0678, device='cuda:0', dtype=torch.float64, grad_fn=<MulBackward0>)
37.85461100594663
tensor(7.8754, device='cuda:0', dtype=torch.float64, grad_fn=<MulBackward0>)
37.92288443052328
tensor(0.1242, device='cuda:0', dtype=torch.float64, grad_fn=<MulBackward0>)
37.99094386874131
tensor(1.7690, device='cuda:0', dtype=torch.float64, grad_fn=<MulBackward0>)
38.05879065778657
tensor(0.0024, device='cuda:0', dtype=torch.float64, grad_fn=<MulBackward0>)
38.12642612234999
tensor(0.1324, device='cuda:0', dtype=torch.float64, grad_fn=<MulBackward0>)
38.19385157478274
tensor(0.1446, device='cuda:0', dtype=torch.float64, grad_fn=<MulBackward0>)
38.261068315249034
tensor(1.5286, device='cuda:0', dtype=torch.float64, grad_fn=<MulBackward0>)
38.328077631876546
tensor(0.0110, device='cuda:0', dtype=torch.float64, grad_fn=<MulBackward0>)
38.39488080090454
tensor(0.2158, device='cuda:0', dtype=torch.float64, grad_fn=<MulBackward0>)
Epoch: 270/ 1000/ t/epoch=0.61............. Loss: 1.13296736, mean(E): -17.54051313-0.05519041j, var(E): 2.07400163, Px: -0.02365607-0.37209466j, Py: 0.07114894-0.35895250j
38.461479086829684
tensor(0.8782, device='cuda:0', dtype=torch.float64, grad_fn=<MulBackward0>)
38.52787374254975
tensor(0.1128, device='cuda:0', dtype=torch.float64, grad_fn=<MulBackward0>)
38.59406600950494
tensor(0.1334, device='cuda:0', dtype=torch.float64, grad_fn=<MulBackward0>)
38.66005711781722
tensor(0.5110, device='cuda:0', dtype=torch.float64, grad_fn=<MulBackward0>)
38.72584828642748
tensor(0.4239, device='cuda:0', dtype=torch.float64, grad_fn=<MulBackward0>)
38.79144072323062
tensor(0.5740, device='cuda:0', dtype=torch.float64, grad_fn=<MulBackward0>)
38.85683562520863
tensor(0.5324, device='cuda:0', dtype=torch.float64, grad_fn=<MulBackward0>)
38.92203417856164
tensor(0.3439, device='cuda:0', dtype=torch.float64, grad_fn=<MulBackward0>)
38.98703755883703
tensor(0.1943, device='cuda:0', dtype=torch.float64, grad_fn=<MulBackward0>)
39.051846931056595
tensor(0.0738, device='cuda:0', dtype=torch.float64, grad_fn=<MulBackward0>)
Epoch: 280/ 1000/ t/epoch=0.61............. Loss: -1.69758998, mean(E): -17.54298436+0.01773220j, var(E): 2.78086450, Px: -0.00019287-0.32558630j, Py: 0.04345827-0.40745264j
39.116463449841845
tensor(2.3027, device='cuda:0', dtype=torch.float64, grad_fn=<MulBackward0>)
39.18088825953744
tensor(0.1623, device='cuda:0', dtype=torch.float64, grad_fn=<MulBackward0>)
39.24512249433274
tensor(0.1222, device='cuda:0', dtype=torch.float64, grad_fn=<MulBackward0>)
39.30916727838167
tensor(0.0469, device='cuda:0', dtype=torch.float64, grad_fn=<MulBackward0>)
39.37302372592075
tensor(0.0481, device='cuda:0', dtype=torch.float64, grad_fn=<MulBackward0>)
39.436692941385374
tensor(0.4135, device='cuda:0', dtype=torch.float64, grad_fn=<MulBackward0>)
39.500176019524474
tensor(0.2396, device='cuda:0', dtype=torch.float64, grad_fn=<MulBackward0>)
39.56347404551342
tensor(0.5565, device='cuda:0', dtype=torch.float64, grad_fn=<MulBackward0>)
39.62658809506538
tensor(0.0591, device='cuda:0', dtype=torch.float64, grad_fn=<MulBackward0>)
39.68951923454094
tensor(0.0461, device='cuda:0', dtype=torch.float64, grad_fn=<MulBackward0>)
Epoch: 290/ 1000/ t/epoch=0.61............. Loss: 0.44687519, mean(E): -17.57443928-0.07680825j, var(E): 2.78760303, Px: 0.02323551-0.40162159j, Py: 0.02495025-0.38504218j
39.75226852105625
tensor(0.4702, device='cuda:0', dtype=torch.float64, grad_fn=<MulBackward0>)
39.814837002589584
tensor(0.0897, device='cuda:0', dtype=torch.float64, grad_fn=<MulBackward0>)
39.877225718086315
tensor(0.3494, device='cuda:0', dtype=torch.float64, grad_fn=<MulBackward0>)
39.939435697562466
tensor(0.3972, device='cuda:0', dtype=torch.float64, grad_fn=<MulBackward0>)
40.00146796220672
tensor(0.0345, device='cuda:0', dtype=torch.float64, grad_fn=<MulBackward0>)
40.06332352448101
tensor(0.4960, device='cuda:0', dtype=torch.float64, grad_fn=<MulBackward0>)
40.12500338821967
tensor(0.9854, device='cuda:0', dtype=torch.float64, grad_fn=<MulBackward0>)
40.1865085487272
tensor(0.0820, device='cuda:0', dtype=torch.float64, grad_fn=<MulBackward0>)
40.24783999287458
tensor(9.7276, device='cuda:0', dtype=torch.float64, grad_fn=<MulBackward0>)
40.30899869919436
tensor(2.7115, device='cuda:0', dtype=torch.float64, grad_fn=<MulBackward0>)
Epoch: 300/ 1000/ t/epoch=0.61............. Loss: 1.73861218, mean(E): -17.55066195-0.15248794j, var(E): 4.26978266, Px: -0.08090049-0.36200652j, Py: -0.24642113-0.42826646j
40.36998563797427
tensor(0.0507, device='cuda:0', dtype=torch.float64, grad_fn=<MulBackward0>)
40.43080177134959
tensor(0.0117, device='cuda:0', dtype=torch.float64, grad_fn=<MulBackward0>)
40.49144805339431
tensor(1.0847, device='cuda:0', dtype=torch.float64, grad_fn=<MulBackward0>)
40.551925430210794
tensor(1.8275, device='cuda:0', dtype=torch.float64, grad_fn=<MulBackward0>)
40.612234840018466
tensor(0.6533, device='cuda:0', dtype=torch.float64, grad_fn=<MulBackward0>)
40.67237721324106
tensor(0.4823, device='cuda:0', dtype=torch.float64, grad_fn=<MulBackward0>)
40.732353472592806
tensor(0.2877, device='cuda:0', dtype=torch.float64, grad_fn=<MulBackward0>)
40.79216453316333
tensor(0.1250, device='cuda:0', dtype=torch.float64, grad_fn=<MulBackward0>)
40.851811302501446
tensor(0.2165, device='cuda:0', dtype=torch.float64, grad_fn=<MulBackward0>)
40.91129468069777
tensor(1.6596, device='cuda:0', dtype=torch.float64, grad_fn=<MulBackward0>)
Epoch: 310/ 1000/ t/epoch=0.61............. Loss: 2.61109884, mean(E): -17.66708019-0.07119428j, var(E): 2.66428337, Px: -0.11207155-0.33952415j, Py: -0.16734843-0.32948675j
40.97061556046626
tensor(0.3305, device='cuda:0', dtype=torch.float64, grad_fn=<MulBackward0>)
41.029774827224514
tensor(0.0884, device='cuda:0', dtype=torch.float64, grad_fn=<MulBackward0>)
41.088773359173175
tensor(0.1096, device='cuda:0', dtype=torch.float64, grad_fn=<MulBackward0>)
41.14761202737408
tensor(0.3971, device='cuda:0', dtype=torch.float64, grad_fn=<MulBackward0>)
41.206291695827446
tensor(0.9277, device='cuda:0', dtype=torch.float64, grad_fn=<MulBackward0>)
41.264813221547996
tensor(0.2218, device='cuda:0', dtype=torch.float64, grad_fn=<MulBackward0>)
41.32317745464007
tensor(0.0160, device='cuda:0', dtype=torch.float64, grad_fn=<MulBackward0>)
41.38138523837167
tensor(0.2466, device='cuda:0', dtype=torch.float64, grad_fn=<MulBackward0>)
41.43943740924766
tensor(0.3185, device='cuda:0', dtype=torch.float64, grad_fn=<MulBackward0>)
41.4973347970818
tensor(0.0469, device='cuda:0', dtype=torch.float64, grad_fn=<MulBackward0>)
Epoch: 320/ 1000/ t/epoch=0.61............. Loss: 0.86510285, mean(E): -17.67876803+0.18459115j, var(E): 3.44120571, Px: -0.03124962-0.45299009j, Py: 0.01237913-0.29009379j
41.55507822506797
tensor(0.1350, device='cuda:0', dtype=torch.float64, grad_fn=<MulBackward0>)
41.6126685098504
tensor(0.3307, device='cuda:0', dtype=torch.float64, grad_fn=<MulBackward0>)
41.67010646159293
tensor(0.0658, device='cuda:0', dtype=torch.float64, grad_fn=<MulBackward0>)
41.72739288404743
tensor(0.4051, device='cuda:0', dtype=torch.float64, grad_fn=<MulBackward0>)
41.78452857462128
tensor(0.9728, device='cuda:0', dtype=torch.float64, grad_fn=<MulBackward0>)
41.84151432444395
tensor(0.6371, device='cuda:0', dtype=torch.float64, grad_fn=<MulBackward0>)
41.89835091843273
tensor(0.6836, device='cuda:0', dtype=torch.float64, grad_fn=<MulBackward0>)
41.95503913535766
tensor(0.0859, device='cuda:0', dtype=torch.float64, grad_fn=<MulBackward0>)
42.01157974790545
tensor(0.7734, device='cuda:0', dtype=torch.float64, grad_fn=<MulBackward0>)
42.06797352274275
tensor(0.1572, device='cuda:0', dtype=torch.float64, grad_fn=<MulBackward0>)
Epoch: 330/ 1000/ t/epoch=0.61............. Loss: 0.96291704, mean(E): -17.63937727+0.00016088j, var(E): 3.14959773, Px: 0.05331838-0.32327356j, Py: -0.02990728-0.33095439j
42.124221220578505
tensor(0.1035, device='cuda:0', dtype=torch.float64, grad_fn=<MulBackward0>)
42.18032359622554
tensor(0.1316, device='cuda:0', dtype=torch.float64, grad_fn=<MulBackward0>)
42.2362813986613
tensor(1.6644, device='cuda:0', dtype=torch.float64, grad_fn=<MulBackward0>)
42.29209537108787
tensor(0.1322, device='cuda:0', dtype=torch.float64, grad_fn=<MulBackward0>)
42.3477662509912
tensor(0.4369, device='cuda:0', dtype=torch.float64, grad_fn=<MulBackward0>)
42.40329477019957
tensor(0.2602, device='cuda:0', dtype=torch.float64, grad_fn=<MulBackward0>)
42.45868165494133
tensor(0.1410, device='cuda:0', dtype=torch.float64, grad_fn=<MulBackward0>)
42.51392762590186
tensor(0.0986, device='cuda:0', dtype=torch.float64, grad_fn=<MulBackward0>)
42.569033398279835
tensor(0.1263, device='cuda:0', dtype=torch.float64, grad_fn=<MulBackward0>)
42.62399968184282
tensor(0.0034, device='cuda:0', dtype=torch.float64, grad_fn=<MulBackward0>)
Epoch: 340/ 1000/ t/epoch=0.6............. Loss: 0.54496563, mean(E): -17.77262528+0.09118145j, var(E): 2.31841784, Px: 0.00543075-0.34124515j, Py: 0.00704349-0.41261581j
42.67882718098208
tensor(0.3562, device='cuda:0', dtype=torch.float64, grad_fn=<MulBackward0>)
42.73351659476677
tensor(1.9601, device='cuda:0', dtype=torch.float64, grad_fn=<MulBackward0>)
42.78806861699739
tensor(0.2926, device='cuda:0', dtype=torch.float64, grad_fn=<MulBackward0>)
42.84248393625862
tensor(0.0251, device='cuda:0', dtype=torch.float64, grad_fn=<MulBackward0>)
42.896763235971456
tensor(0.2378, device='cuda:0', dtype=torch.float64, grad_fn=<MulBackward0>)
42.95090719444471
tensor(0.3811, device='cuda:0', dtype=torch.float64, grad_fn=<MulBackward0>)
43.0049164849259
tensor(0.4642, device='cuda:0', dtype=torch.float64, grad_fn=<MulBackward0>)
43.058791775651436
tensor(0.0699, device='cuda:0', dtype=torch.float64, grad_fn=<MulBackward0>)
43.11253372989625
tensor(0.4002, device='cuda:0', dtype=torch.float64, grad_fn=<MulBackward0>)
43.16614300602279
tensor(0.2779, device='cuda:0', dtype=torch.float64, grad_fn=<MulBackward0>)
Epoch: 350/ 1000/ t/epoch=0.61............. Loss: 0.16611104, mean(E): -17.66449190-0.16443210j, var(E): 2.29590223, Px: -0.07396539-0.44675087j, Py: -0.03108292-0.29719659j
43.219620257529435
tensor(0.5542, device='cuda:0', dtype=torch.float64, grad_fn=<MulBackward0>)
43.27296613309824
tensor(0.1408, device='cuda:0', dtype=torch.float64, grad_fn=<MulBackward0>)
43.32618127664218
tensor(0.4142, device='cuda:0', dtype=torch.float64, grad_fn=<MulBackward0>)
43.379266327351814
tensor(0.1058, device='cuda:0', dtype=torch.float64, grad_fn=<MulBackward0>)
43.43222191974129
tensor(0.5990, device='cuda:0', dtype=torch.float64, grad_fn=<MulBackward0>)
43.4850486836939
tensor(0.4450, device='cuda:0', dtype=torch.float64, grad_fn=<MulBackward0>)
43.53774724450701
tensor(0.2073, device='cuda:0', dtype=torch.float64, grad_fn=<MulBackward0>)
43.59031822293647
tensor(0.1450, device='cuda:0', dtype=torch.float64, grad_fn=<MulBackward0>)
43.64276223524051
tensor(0.0693, device='cuda:0', dtype=torch.float64, grad_fn=<MulBackward0>)
43.695079893223074
tensor(0.5121, device='cuda:0', dtype=torch.float64, grad_fn=<MulBackward0>)
Epoch: 360/ 1000/ t/epoch=0.6............. Loss: 1.87981211, mean(E): -17.70067835+0.24182140j, var(E): 2.45420550, Px: -0.10682819-0.34666042j, Py: -0.01753603-0.42573245j
43.74727180427659
tensor(0.0162, device='cuda:0', dtype=torch.float64, grad_fn=<MulBackward0>)
43.7993385714244
tensor(1.2438, device='cuda:0', dtype=torch.float64, grad_fn=<MulBackward0>)
43.85128079336244
tensor(0.1150, device='cuda:0', dtype=torch.float64, grad_fn=<MulBackward0>)
43.90309906450063
tensor(0.0676, device='cuda:0', dtype=torch.float64, grad_fn=<MulBackward0>)
43.95479397500364
tensor(0.4011, device='cuda:0', dtype=torch.float64, grad_fn=<MulBackward0>)
