1.13.1+cu117
GPU is available
Namespace(Jp=1.0, Jz=1.0, U=1.0, t=3.0, density=0.9375, Nx=4, Ny=4, kx=0.0, ky=0.0, bounds=1, boundsx=0, boundsy=0, load_model=1, sym=0.0, antisym=0.0, hd=70)
4 4 0.9375 15
4x4_qubits/periodic/Jp=1.0Jz=1.0t=3.0den=0.94/
Use RNN cell with weight sharing.
Model parameters: 
rnn.W1: 58800
rnn.b1: 70
rnn.W2: 58800
rnn.b2: 70
rnn.Wmerge: 9800
lin1.weight: 210
lin1.bias: 3
lin2.weight: 210
lin2.bias: 3
Total number of parameters in the network: 127966
check if ../4x4_qubits/periodic/Jp=1.0Jz=1.0t=3.0den=0.94/model_params_h=70_no_antisym.pt exists.
load ../4x4_qubits/periodic/Jp=1.0Jz=1.0t=3.0den=0.94/model_params_h=70_no_antisym.pt
0.38738890003699744
tensor(0.1769, device='cuda:0', dtype=torch.float64, grad_fn=<MulBackward0>)
Epoch: 1/ 1000/ t/epoch=1.7............. Loss: -0.61232270, mean(E): -23.49478709-0.01631020j, var(E): 1.48612750, Px: 0.47372651-0.15762375j, Py: 0.48187776-0.26532204j
0.7679877704607115
tensor(0.3625, device='cuda:0', dtype=torch.float64, grad_fn=<MulBackward0>)
1.1420305438263911
tensor(0.5580, device='cuda:0', dtype=torch.float64, grad_fn=<MulBackward0>)
1.5097392678375618
tensor(0.6864, device='cuda:0', dtype=torch.float64, grad_fn=<MulBackward0>)
1.8713248970311833
tensor(0.7747, device='cuda:0', dtype=torch.float64, grad_fn=<MulBackward0>)
2.226988019620549
tensor(1.1095, device='cuda:0', dtype=torch.float64, grad_fn=<MulBackward0>)
2.5769195257663693
tensor(1.2230, device='cuda:0', dtype=torch.float64, grad_fn=<MulBackward0>)
2.9213012228502677
tensor(1.2153, device='cuda:0', dtype=torch.float64, grad_fn=<MulBackward0>)
3.260306402715595
tensor(1.4890, device='cuda:0', dtype=torch.float64, grad_fn=<MulBackward0>)
3.594100365306269
tensor(1.7323, device='cuda:0', dtype=torch.float64, grad_fn=<MulBackward0>)
Epoch: 10/ 1000/ t/epoch=0.6............. Loss: 2.34629676, mean(E): -23.53239859-0.00249387j, var(E): 1.62521664, Px: 0.49630097-0.12984472j, Py: 0.48544390-0.27165285j
3.9228409026646283
tensor(1.6008, device='cuda:0', dtype=torch.float64, grad_fn=<MulBackward0>)
4.246678746835807
tensor(1.9558, device='cuda:0', dtype=torch.float64, grad_fn=<MulBackward0>)
4.565757984861144
tensor(1.8330, device='cuda:0', dtype=torch.float64, grad_fn=<MulBackward0>)
4.880216443720544
tensor(2.0245, device='cuda:0', dtype=torch.float64, grad_fn=<MulBackward0>)
5.190186047797844
tensor(2.3067, device='cuda:0', dtype=torch.float64, grad_fn=<MulBackward0>)
5.495793151189666
tensor(2.7205, device='cuda:0', dtype=torch.float64, grad_fn=<MulBackward0>)
5.797158846952756
tensor(2.5751, device='cuda:0', dtype=torch.float64, grad_fn=<MulBackward0>)
6.094399255184058
tensor(2.9834, device='cuda:0', dtype=torch.float64, grad_fn=<MulBackward0>)
6.387625791648664
tensor(2.8357, device='cuda:0', dtype=torch.float64, grad_fn=<MulBackward0>)
6.676945418510874
tensor(3.2732, device='cuda:0', dtype=torch.float64, grad_fn=<MulBackward0>)
Epoch: 20/ 1000/ t/epoch=0.6............. Loss: 3.75881847, mean(E): -23.44177244+0.02363298j, var(E): 2.74753172, Px: 0.49817560-0.14696257j, Py: 0.49197944-0.30073441j
6.962460878580353
tensor(3.1250, device='cuda:0', dtype=torch.float64, grad_fn=<MulBackward0>)
7.244270914357112
tensor(3.3462, device='cuda:0', dtype=torch.float64, grad_fn=<MulBackward0>)
7.522470473044028
tensor(3.4600, device='cuda:0', dtype=torch.float64, grad_fn=<MulBackward0>)
7.797150898591837
tensor(3.7428, device='cuda:0', dtype=torch.float64, grad_fn=<MulBackward0>)
8.068400111748744
tensor(3.7753, device='cuda:0', dtype=torch.float64, grad_fn=<MulBackward0>)
8.336302779002585
tensor(3.8707, device='cuda:0', dtype=torch.float64, grad_fn=<MulBackward0>)
8.600940471227823
tensor(3.5164, device='cuda:0', dtype=torch.float64, grad_fn=<MulBackward0>)
8.862391812781173
tensor(4.0910, device='cuda:0', dtype=torch.float64, grad_fn=<MulBackward0>)
9.1207326217277
tensor(4.2037, device='cuda:0', dtype=torch.float64, grad_fn=<MulBackward0>)
9.376036041823156
tensor(4.4634, device='cuda:0', dtype=torch.float64, grad_fn=<MulBackward0>)
Epoch: 30/ 1000/ t/epoch=0.6............. Loss: 5.60326512, mean(E): -23.36244990+0.01300127j, var(E): 1.67331046, Px: 0.48626313-0.15654449j, Py: 0.48948080-0.25060830j
9.628372666827284
tensor(4.7154, device='cuda:0', dtype=torch.float64, grad_fn=<MulBackward0>)
9.877810657676827
tensor(4.6407, device='cuda:0', dtype=torch.float64, grad_fn=<MulBackward0>)
10.124415853004676
tensor(3.8814, device='cuda:0', dtype=torch.float64, grad_fn=<MulBackward0>)
10.368251873453593
tensor(5.0750, device='cuda:0', dtype=torch.float64, grad_fn=<MulBackward0>)
10.60938022019789
tensor(4.5782, device='cuda:0', dtype=torch.float64, grad_fn=<MulBackward0>)
10.847860368054851
tensor(5.0992, device='cuda:0', dtype=torch.float64, grad_fn=<MulBackward0>)
11.08374985353844
tensor(5.2464, device='cuda:0', dtype=torch.float64, grad_fn=<MulBackward0>)
11.317104358181536
tensor(4.5184, device='cuda:0', dtype=torch.float64, grad_fn=<MulBackward0>)
11.547977787428454
tensor(4.0624, device='cuda:0', dtype=torch.float64, grad_fn=<MulBackward0>)
11.776422345377446
tensor(5.6226, device='cuda:0', dtype=torch.float64, grad_fn=<MulBackward0>)
Epoch: 40/ 1000/ t/epoch=0.6............. Loss: 6.93008654, mean(E): -23.40934613+0.02449151j, var(E): 2.14032746, Px: -0.48733733-0.17615833j, Py: 0.48984346-0.28516568j
12.002488605632383
tensor(5.3976, device='cuda:0', dtype=torch.float64, grad_fn=<MulBackward0>)
12.226225578504188
tensor(5.9663, device='cuda:0', dtype=torch.float64, grad_fn=<MulBackward0>)
12.44768077478538
tensor(6.0420, device='cuda:0', dtype=torch.float64, grad_fn=<MulBackward0>)
12.66690026630532
tensor(5.1679, device='cuda:0', dtype=torch.float64, grad_fn=<MulBackward0>)
12.883928743459228
tensor(5.4231, device='cuda:0', dtype=torch.float64, grad_fn=<MulBackward0>)
13.09880956989063
tensor(5.9097, device='cuda:0', dtype=torch.float64, grad_fn=<MulBackward0>)
13.311584834494663
tensor(5.9739, device='cuda:0', dtype=torch.float64, grad_fn=<MulBackward0>)
13.522295400898127
tensor(5.7593, device='cuda:0', dtype=torch.float64, grad_fn=<MulBackward0>)
13.730980954561906
tensor(5.8007, device='cuda:0', dtype=torch.float64, grad_fn=<MulBackward0>)
13.937680047641447
tensor(5.5872, device='cuda:0', dtype=torch.float64, grad_fn=<MulBackward0>)
Epoch: 50/ 1000/ t/epoch=0.6............. Loss: 7.66438839, mean(E): -23.58118550+0.13723872j, var(E): 1.92013313, Px: 0.43169440-0.23750011j, Py: 0.46315094-0.34131895j
14.142430141732243
tensor(5.7881, device='cuda:0', dtype=torch.float64, grad_fn=<MulBackward0>)
14.345267648618742
tensor(6.2175, device='cuda:0', dtype=torch.float64, grad_fn=<MulBackward0>)
14.546227969137712
tensor(7.0349, device='cuda:0', dtype=torch.float64, grad_fn=<MulBackward0>)
14.745345530259621
tensor(6.6013, device='cuda:0', dtype=torch.float64, grad_fn=<MulBackward0>)
14.942653820485333
tensor(5.0231, device='cuda:0', dtype=torch.float64, grad_fn=<MulBackward0>)
15.138185423649087
tensor(6.4959, device='cuda:0', dtype=torch.float64, grad_fn=<MulBackward0>)
15.33197205121308
tensor(6.8273, device='cuda:0', dtype=torch.float64, grad_fn=<MulBackward0>)
15.524044573133757
tensor(7.0910, device='cuda:0', dtype=torch.float64, grad_fn=<MulBackward0>)
15.71443304737489
tensor(6.1780, device='cuda:0', dtype=torch.float64, grad_fn=<MulBackward0>)
15.903166748138078
tensor(6.5172, device='cuda:0', dtype=torch.float64, grad_fn=<MulBackward0>)
Epoch: 60/ 1000/ t/epoch=0.6............. Loss: 9.02820947, mean(E): -23.38991792-0.00746807j, var(E): 2.63593995, Px: 0.45141947-0.23625220j, Py: 0.45389773-0.36526327j
16.09027419287695
tensor(7.1895, device='cuda:0', dtype=torch.float64, grad_fn=<MulBackward0>)
16.27578316815741
tensor(7.6388, device='cuda:0', dtype=torch.float64, grad_fn=<MulBackward0>)
16.459720754422552
tensor(7.0820, device='cuda:0', dtype=torch.float64, grad_fn=<MulBackward0>)
16.64211334971758
tensor(6.0398, device='cuda:0', dtype=torch.float64, grad_fn=<MulBackward0>)
16.822986692426475
tensor(7.3091, device='cuda:0', dtype=torch.float64, grad_fn=<MulBackward0>)
17.002365883069658
tensor(5.1873, device='cuda:0', dtype=torch.float64, grad_fn=<MulBackward0>)
17.18027540520859
tensor(6.6461, device='cuda:0', dtype=torch.float64, grad_fn=<MulBackward0>)
17.356739145500995
tensor(7.2317, device='cuda:0', dtype=torch.float64, grad_fn=<MulBackward0>)
17.531780412947718
tensor(7.4293, device='cuda:0', dtype=torch.float64, grad_fn=<MulBackward0>)
17.705421957370042
tensor(4.7902, device='cuda:0', dtype=torch.float64, grad_fn=<MulBackward0>)
Epoch: 70/ 1000/ t/epoch=0.6............. Loss: 8.56896937, mean(E): -23.14058726+0.03635854j, var(E): 7.21616797, Px: -0.43706608-0.20458028j, Py: 0.28200172-0.40639327j
17.87768598715408
tensor(5.4044, device='cuda:0', dtype=torch.float64, grad_fn=<MulBackward0>)
18.0485941862968
tensor(5.0607, device='cuda:0', dtype=torch.float64, grad_fn=<MulBackward0>)
18.21816773078654
tensor(8.6590, device='cuda:0', dtype=torch.float64, grad_fn=<MulBackward0>)
18.386427304348825
tensor(4.5024, device='cuda:0', dtype=torch.float64, grad_fn=<MulBackward0>)
18.553393113586814
tensor(8.7412, device='cuda:0', dtype=torch.float64, grad_fn=<MulBackward0>)
18.71908490254411
tensor(7.3376, device='cuda:0', dtype=torch.float64, grad_fn=<MulBackward0>)
18.883521966716156
tensor(7.2680, device='cuda:0', dtype=torch.float64, grad_fn=<MulBackward0>)
19.046723166535095
tensor(4.9475, device='cuda:0', dtype=torch.float64, grad_fn=<MulBackward0>)
19.208706940351668
tensor(4.7383, device='cuda:0', dtype=torch.float64, grad_fn=<MulBackward0>)
19.36949131693647
tensor(5.0749, device='cuda:0', dtype=torch.float64, grad_fn=<MulBackward0>)
Epoch: 80/ 1000/ t/epoch=0.6............. Loss: 7.77498664, mean(E): -23.20909490+0.22870544j, var(E): 5.02332751, Px: -0.45983483-0.24144661j, Py: -0.22484406-0.35038564j
19.529093927521764
tensor(4.9697, device='cuda:0', dtype=torch.float64, grad_fn=<MulBackward0>)
19.68753201740402
tensor(7.0450, device='cuda:0', dtype=torch.float64, grad_fn=<MulBackward0>)
19.844822457126188
tensor(4.5264, device='cuda:0', dtype=torch.float64, grad_fn=<MulBackward0>)
20.000981753257925
tensor(5.0434, device='cuda:0', dtype=torch.float64, grad_fn=<MulBackward0>)
20.1560260587909
tensor(3.9414, device='cuda:0', dtype=torch.float64, grad_fn=<MulBackward0>)
20.309971183165644
tensor(5.0022, device='cuda:0', dtype=torch.float64, grad_fn=<MulBackward0>)
20.462832601945486
tensor(5.0939, device='cuda:0', dtype=torch.float64, grad_fn=<MulBackward0>)
20.614625466152326
tensor(4.5574, device='cuda:0', dtype=torch.float64, grad_fn=<MulBackward0>)
20.765364611278375
tensor(3.4500, device='cuda:0', dtype=torch.float64, grad_fn=<MulBackward0>)
20.915064565987272
tensor(4.3133, device='cuda:0', dtype=torch.float64, grad_fn=<MulBackward0>)
Epoch: 90/ 1000/ t/epoch=0.6............. Loss: 10.28139008, mean(E): -22.98018797-0.09427074j, var(E): 7.28789063, Px: 0.45410394-0.35117665j, Py: 0.00421281-0.31072307j
21.063739560517327
tensor(3.8422, device='cuda:0', dtype=torch.float64, grad_fn=<MulBackward0>)
21.211403534798993
tensor(3.3382, device='cuda:0', dtype=torch.float64, grad_fn=<MulBackward0>)
21.358070146298278
tensor(4.6910, device='cuda:0', dtype=torch.float64, grad_fn=<MulBackward0>)
21.50375277759696
tensor(1.6750, device='cuda:0', dtype=torch.float64, grad_fn=<MulBackward0>)
21.648464543720287
tensor(2.6663, device='cuda:0', dtype=torch.float64, grad_fn=<MulBackward0>)
21.792218299222064
tensor(0.5110, device='cuda:0', dtype=torch.float64, grad_fn=<MulBackward0>)
21.935026645036814
tensor(2.0673, device='cuda:0', dtype=torch.float64, grad_fn=<MulBackward0>)
22.07690193510804
tensor(0.1230, device='cuda:0', dtype=torch.float64, grad_fn=<MulBackward0>)
22.217856282801378
tensor(0.2297, device='cuda:0', dtype=torch.float64, grad_fn=<MulBackward0>)
22.35790156711096
tensor(0.0129, device='cuda:0', dtype=torch.float64, grad_fn=<MulBackward0>)
Epoch: 100/ 1000/ t/epoch=0.6............. Loss: 7.21820704, mean(E): -22.65091276+0.10124979j, var(E): 7.99469674, Px: 0.02235289-0.27725600j, Py: -0.00878128-0.37233491j
22.497049438666885
tensor(0.2208, device='cuda:0', dtype=torch.float64, grad_fn=<MulBackward0>)
22.63531132555145
tensor(0.0073, device='cuda:0', dtype=torch.float64, grad_fn=<MulBackward0>)
22.772698438931407
tensor(0.2025, device='cuda:0', dtype=torch.float64, grad_fn=<MulBackward0>)
22.909221778513135
tensor(0.1595, device='cuda:0', dtype=torch.float64, grad_fn=<MulBackward0>)
23.04489213782739
tensor(0.2025, device='cuda:0', dtype=torch.float64, grad_fn=<MulBackward0>)
23.17972010935001
tensor(0.3578, device='cuda:0', dtype=torch.float64, grad_fn=<MulBackward0>)
23.313716089464602
tensor(0.2930, device='cuda:0', dtype=torch.float64, grad_fn=<MulBackward0>)
23.44689028327306
tensor(0.0921, device='cuda:0', dtype=torch.float64, grad_fn=<MulBackward0>)
23.57925270925948
tensor(0.6198, device='cuda:0', dtype=torch.float64, grad_fn=<MulBackward0>)
23.710813203812762
tensor(0.0689, device='cuda:0', dtype=torch.float64, grad_fn=<MulBackward0>)
Epoch: 110/ 1000/ t/epoch=0.6............. Loss: 10.67809051, mean(E): -22.39421471-0.17710271j, var(E): 8.61062808, Px: 0.05360984-0.27184168j, Py: -0.00547309-0.40888380j
23.841581425613036
tensor(0.0761, device='cuda:0', dtype=torch.float64, grad_fn=<MulBackward0>)
23.971566859886824
tensor(0.2211, device='cuda:0', dtype=torch.float64, grad_fn=<MulBackward0>)
24.100778822535585
tensor(0.7818, device='cuda:0', dtype=torch.float64, grad_fn=<MulBackward0>)
24.229226464142144
tensor(0.0752, device='cuda:0', dtype=torch.float64, grad_fn=<MulBackward0>)
24.356918773859324
tensor(0.2678, device='cuda:0', dtype=torch.float64, grad_fn=<MulBackward0>)
24.48386458318493
tensor(0.1079, device='cuda:0', dtype=torch.float64, grad_fn=<MulBackward0>)
24.610072569626983
tensor(0.1797, device='cuda:0', dtype=torch.float64, grad_fn=<MulBackward0>)
24.735551260263136
tensor(0.0083, device='cuda:0', dtype=torch.float64, grad_fn=<MulBackward0>)
24.860309035197727
tensor(0.2040, device='cuda:0', dtype=torch.float64, grad_fn=<MulBackward0>)
24.98435413092019
tensor(0.3436, device='cuda:0', dtype=torch.float64, grad_fn=<MulBackward0>)
Epoch: 120/ 1000/ t/epoch=0.6............. Loss: 10.77857625, mean(E): -22.33335834-0.16516493j, var(E): 11.00086905, Px: -0.04433473-0.23286935j, Py: -0.10856578-0.30433163j
25.107694643568035
tensor(0.0079, device='cuda:0', dtype=torch.float64, grad_fn=<MulBackward0>)
25.23033853209769
tensor(0.5592, device='cuda:0', dtype=torch.float64, grad_fn=<MulBackward0>)
25.352293621366286
tensor(0.0392, device='cuda:0', dtype=torch.float64, grad_fn=<MulBackward0>)
25.47356760512743
tensor(0.0663, device='cuda:0', dtype=torch.float64, grad_fn=<MulBackward0>)
25.59416804894372
tensor(0.0430, device='cuda:0', dtype=torch.float64, grad_fn=<MulBackward0>)
25.71410239301889
tensor(0.3029, device='cuda:0', dtype=torch.float64, grad_fn=<MulBackward0>)
25.833377954952148
tensor(0.3070, device='cuda:0', dtype=torch.float64, grad_fn=<MulBackward0>)
25.95200193241723
tensor(0.1005, device='cuda:0', dtype=torch.float64, grad_fn=<MulBackward0>)
26.069981405768782
tensor(0.4179, device='cuda:0', dtype=torch.float64, grad_fn=<MulBackward0>)
26.18732334057822
tensor(0.2524, device='cuda:0', dtype=torch.float64, grad_fn=<MulBackward0>)
Epoch: 130/ 1000/ t/epoch=0.6............. Loss: 10.15142073, mean(E): -22.34568497+0.01750089j, var(E): 12.58162229, Px: 0.03105568-0.22246851j, Py: -0.09313689-0.27241212j
26.304034590101498
tensor(0.9104, device='cuda:0', dtype=torch.float64, grad_fn=<MulBackward0>)
26.420121897680872
tensor(0.0497, device='cuda:0', dtype=torch.float64, grad_fn=<MulBackward0>)
26.53559189908285
tensor(0.1135, device='cuda:0', dtype=torch.float64, grad_fn=<MulBackward0>)
26.65045112477427
tensor(0.0290, device='cuda:0', dtype=torch.float64, grad_fn=<MulBackward0>)
26.764706002138528
tensor(0.7418, device='cuda:0', dtype=torch.float64, grad_fn=<MulBackward0>)
26.878362857633757
tensor(0.1370, device='cuda:0', dtype=torch.float64, grad_fn=<MulBackward0>)
26.99142791889491
tensor(0.1889, device='cuda:0', dtype=torch.float64, grad_fn=<MulBackward0>)
27.103907316781278
tensor(0.0349, device='cuda:0', dtype=torch.float64, grad_fn=<MulBackward0>)
27.215807087371363
tensor(0.0184, device='cuda:0', dtype=torch.float64, grad_fn=<MulBackward0>)
27.327133173906553
tensor(0.0168, device='cuda:0', dtype=torch.float64, grad_fn=<MulBackward0>)
Epoch: 140/ 1000/ t/epoch=0.6............. Loss: 9.44411041, mean(E): -22.65624514+0.21132349j, var(E): 7.77607155, Px: 0.01626266-0.22858261j, Py: -0.01873750-0.31634489j
27.437891428685212
tensor(0.0151, device='cuda:0', dtype=torch.float64, grad_fn=<MulBackward0>)
27.548087614908805
tensor(0.0089, device='cuda:0', dtype=torch.float64, grad_fn=<MulBackward0>)
27.65772740848127
tensor(0.0860, device='cuda:0', dtype=torch.float64, grad_fn=<MulBackward0>)
27.76681639976334
tensor(0.0721, device='cuda:0', dtype=torch.float64, grad_fn=<MulBackward0>)
27.875360095282897
tensor(1.1502, device='cuda:0', dtype=torch.float64, grad_fn=<MulBackward0>)
27.983363919402883
tensor(0.1626, device='cuda:0', dtype=torch.float64, grad_fn=<MulBackward0>)
28.090833215947875
tensor(0.0924, device='cuda:0', dtype=torch.float64, grad_fn=<MulBackward0>)
28.197773249790643
tensor(0.2049, device='cuda:0', dtype=torch.float64, grad_fn=<MulBackward0>)
28.304189208399794
tensor(0.0856, device='cuda:0', dtype=torch.float64, grad_fn=<MulBackward0>)
28.41008620334975
tensor(0.0483, device='cuda:0', dtype=torch.float64, grad_fn=<MulBackward0>)
Epoch: 150/ 1000/ t/epoch=0.6............. Loss: 8.32486536, mean(E): -22.73155006+0.03443376j, var(E): 6.46898284, Px: 0.04051025-0.23549042j, Py: -0.00758295-0.37115238j
28.515469271793993
tensor(0.0531, device='cuda:0', dtype=torch.float64, grad_fn=<MulBackward0>)
28.620343377902792
tensor(0.5837, device='cuda:0', dtype=torch.float64, grad_fn=<MulBackward0>)
28.72471341426638
tensor(0.3516, device='cuda:0', dtype=torch.float64, grad_fn=<MulBackward0>)
28.82858420326454
tensor(0.2047, device='cuda:0', dtype=torch.float64, grad_fn=<MulBackward0>)
28.93196049840362
tensor(0.1073, device='cuda:0', dtype=torch.float64, grad_fn=<MulBackward0>)
29.034846985621837
tensor(0.2449, device='cuda:0', dtype=torch.float64, grad_fn=<MulBackward0>)
29.137248284563853
tensor(0.2317, device='cuda:0', dtype=torch.float64, grad_fn=<MulBackward0>)
29.23916894982539
tensor(0.5383, device='cuda:0', dtype=torch.float64, grad_fn=<MulBackward0>)
29.340613472168798
tensor(0.2321, device='cuda:0', dtype=torch.float64, grad_fn=<MulBackward0>)
29.441586279710364
tensor(0.1106, device='cuda:0', dtype=torch.float64, grad_fn=<MulBackward0>)
Epoch: 160/ 1000/ t/epoch=0.6............. Loss: 7.37072566, mean(E): -22.62886230+0.21107946j, var(E): 8.93084722, Px: 0.04912675-0.23990391j, Py: 0.03666137-0.37686874j
29.542091739080135
tensor(0.2286, device='cuda:0', dtype=torch.float64, grad_fn=<MulBackward0>)
29.64213415655501
tensor(0.2981, device='cuda:0', dtype=torch.float64, grad_fn=<MulBackward0>)
29.7417177791659
tensor(0.1571, device='cuda:0', dtype=torch.float64, grad_fn=<MulBackward0>)
29.840846795779523
tensor(0.0657, device='cuda:0', dtype=torch.float64, grad_fn=<MulBackward0>)
29.939525338155754
tensor(0.0161, device='cuda:0', dtype=torch.float64, grad_fn=<MulBackward0>)
30.037757481980904
tensor(0.0726, device='cuda:0', dtype=torch.float64, grad_fn=<MulBackward0>)
30.135547247877874
tensor(0.0764, device='cuda:0', dtype=torch.float64, grad_fn=<MulBackward0>)
30.232898602393547
tensor(0.2162, device='cuda:0', dtype=torch.float64, grad_fn=<MulBackward0>)
30.32981545896426
tensor(0.0165, device='cuda:0', dtype=torch.float64, grad_fn=<MulBackward0>)
30.42630167885971
tensor(0.0320, device='cuda:0', dtype=torch.float64, grad_fn=<MulBackward0>)
Epoch: 170/ 1000/ t/epoch=0.6............. Loss: 3.56484058, mean(E): -22.59840248-0.10132670j, var(E): 8.27961320, Px: 0.01200566-0.30512807j, Py: -0.03013909-0.34303482j
30.522361072106058
tensor(0.0019, device='cuda:0', dtype=torch.float64, grad_fn=<MulBackward0>)
30.61799739838872
tensor(0.0361, device='cuda:0', dtype=torch.float64, grad_fn=<MulBackward0>)
30.713214367935258
tensor(0.1479, device='cuda:0', dtype=torch.float64, grad_fn=<MulBackward0>)
30.80801564237915
tensor(0.5126, device='cuda:0', dtype=torch.float64, grad_fn=<MulBackward0>)
30.902404835604635
tensor(0.0805, device='cuda:0', dtype=torch.float64, grad_fn=<MulBackward0>)
30.996385514573404
tensor(0.0448, device='cuda:0', dtype=torch.float64, grad_fn=<MulBackward0>)
31.08996120013338
tensor(0.2279, device='cuda:0', dtype=torch.float64, grad_fn=<MulBackward0>)
31.183135367810234
tensor(0.0939, device='cuda:0', dtype=torch.float64, grad_fn=<MulBackward0>)
31.275911448581876
tensor(0.0465, device='cuda:0', dtype=torch.float64, grad_fn=<MulBackward0>)
31.368292829636633
tensor(0.4527, device='cuda:0', dtype=torch.float64, grad_fn=<MulBackward0>)
Epoch: 180/ 1000/ t/epoch=0.6............. Loss: 6.41409734, mean(E): -22.86846871-0.17789771j, var(E): 7.52805997, Px: -0.05314476-0.25644667j, Py: 0.10773036-0.31119685j
31.46028285511519
tensor(0.0873, device='cuda:0', dtype=torch.float64, grad_fn=<MulBackward0>)
31.551884826837018
tensor(0.1030, device='cuda:0', dtype=torch.float64, grad_fn=<MulBackward0>)
31.643102005011496
tensor(0.0847, device='cuda:0', dtype=torch.float64, grad_fn=<MulBackward0>)
31.73393760893411
tensor(1.7595, device='cuda:0', dtype=torch.float64, grad_fn=<MulBackward0>)
31.82439481766827
tensor(0.2020, device='cuda:0', dtype=torch.float64, grad_fn=<MulBackward0>)
31.914476770712845
tensor(0.2843, device='cuda:0', dtype=torch.float64, grad_fn=<MulBackward0>)
32.00418656865602
tensor(0.0337, device='cuda:0', dtype=torch.float64, grad_fn=<MulBackward0>)
32.09352727381564
tensor(0.0738, device='cuda:0', dtype=torch.float64, grad_fn=<MulBackward0>)
32.182501910866456
tensor(0.0059, device='cuda:0', dtype=torch.float64, grad_fn=<MulBackward0>)
32.27111346745459
tensor(0.1417, device='cuda:0', dtype=torch.float64, grad_fn=<MulBackward0>)
Epoch: 190/ 1000/ t/epoch=0.61............. Loss: 7.07195545, mean(E): -22.95085750-0.09113738j, var(E): 5.69277153, Px: -0.00600140-0.28312986j, Py: -0.06598589-0.35158255j
32.359364894799484
tensor(0.0546, device='cuda:0', dtype=torch.float64, grad_fn=<MulBackward0>)
32.447259108283625
tensor(0.3704, device='cuda:0', dtype=torch.float64, grad_fn=<MulBackward0>)
32.534798988030545
tensor(0.5248, device='cuda:0', dtype=torch.float64, grad_fn=<MulBackward0>)
32.62198737947101
tensor(0.3383, device='cuda:0', dtype=torch.float64, grad_fn=<MulBackward0>)
32.70882709389802
tensor(0.1495, device='cuda:0', dtype=torch.float64, grad_fn=<MulBackward0>)
32.795320909010755
tensor(0.3960, device='cuda:0', dtype=torch.float64, grad_fn=<MulBackward0>)
32.8814715694476
tensor(0.1956, device='cuda:0', dtype=torch.float64, grad_fn=<MulBackward0>)
32.96728178730885
tensor(0.4557, device='cuda:0', dtype=torch.float64, grad_fn=<MulBackward0>)
33.05275424266894
tensor(6.5309, device='cuda:0', dtype=torch.float64, grad_fn=<MulBackward0>)
33.1378915840787
tensor(0.0074, device='cuda:0', dtype=torch.float64, grad_fn=<MulBackward0>)
Epoch: 200/ 1000/ t/epoch=0.61............. Loss: 11.98361839, mean(E): -22.94575002-0.07179160j, var(E): 10.46162721, Px: -0.00651996-0.29066825j, Py: -0.01339892-0.34725306j
33.222696429057876
tensor(0.3705, device='cuda:0', dtype=torch.float64, grad_fn=<MulBackward0>)
33.30717136457792
tensor(0.2622, device='cuda:0', dtype=torch.float64, grad_fn=<MulBackward0>)
33.39131894753556
tensor(0.2390, device='cuda:0', dtype=torch.float64, grad_fn=<MulBackward0>)
33.47514170521716
tensor(0.0724, device='cuda:0', dtype=torch.float64, grad_fn=<MulBackward0>)
33.55864213575416
tensor(0.0203, device='cuda:0', dtype=torch.float64, grad_fn=<MulBackward0>)
33.641822708569855
tensor(0.1263, device='cuda:0', dtype=torch.float64, grad_fn=<MulBackward0>)
33.72468586481751
tensor(0.1889, device='cuda:0', dtype=torch.float64, grad_fn=<MulBackward0>)
33.80723401781031
tensor(0.2385, device='cuda:0', dtype=torch.float64, grad_fn=<MulBackward0>)
33.88946955344306
tensor(0.4669, device='cuda:0', dtype=torch.float64, grad_fn=<MulBackward0>)
33.97139483060594
tensor(0.2967, device='cuda:0', dtype=torch.float64, grad_fn=<MulBackward0>)
Epoch: 210/ 1000/ t/epoch=0.6............. Loss: 6.64707010, mean(E): -22.84190278+0.24698170j, var(E): 5.63554788, Px: -0.09031070-0.32423321j, Py: -0.02406569-0.32370771j
34.05301218159059
tensor(0.3640, device='cuda:0', dtype=torch.float64, grad_fn=<MulBackward0>)
34.134323912488405
tensor(0.4760, device='cuda:0', dtype=torch.float64, grad_fn=<MulBackward0>)
34.215332303581576
tensor(0.0599, device='cuda:0', dtype=torch.float64, grad_fn=<MulBackward0>)
34.29603960972677
tensor(0.0572, device='cuda:0', dtype=torch.float64, grad_fn=<MulBackward0>)
34.37644806073172
tensor(0.3119, device='cuda:0', dtype=torch.float64, grad_fn=<MulBackward0>)
34.45655986172489
tensor(0.0530, device='cuda:0', dtype=torch.float64, grad_fn=<MulBackward0>)
34.53637719351835
tensor(0.3409, device='cuda:0', dtype=torch.float64, grad_fn=<MulBackward0>)
34.61590221296393
tensor(0.1894, device='cuda:0', dtype=torch.float64, grad_fn=<MulBackward0>)
34.695137053303036
tensor(0.0013, device='cuda:0', dtype=torch.float64, grad_fn=<MulBackward0>)
34.77408382450987
tensor(0.0073, device='cuda:0', dtype=torch.float64, grad_fn=<MulBackward0>)
Epoch: 220/ 1000/ t/epoch=0.61............. Loss: 6.80361777, mean(E): -22.80002905+0.28380584j, var(E): 8.23221646, Px: -0.00018366-0.23625360j, Py: -0.01445160-0.23624911j
34.85274461362872
tensor(0.0371, device='cuda:0', dtype=torch.float64, grad_fn=<MulBackward0>)
34.931121485104896
tensor(0.2540, device='cuda:0', dtype=torch.float64, grad_fn=<MulBackward0>)
35.00921648110989
tensor(0.1232, device='cuda:0', dtype=torch.float64, grad_fn=<MulBackward0>)
35.087031621860625
tensor(0.0871, device='cuda:0', dtype=torch.float64, grad_fn=<MulBackward0>)
35.164568905933066
tensor(0.4049, device='cuda:0', dtype=torch.float64, grad_fn=<MulBackward0>)
35.24183031057019
tensor(0.4592, device='cuda:0', dtype=torch.float64, grad_fn=<MulBackward0>)
35.31881779198451
tensor(0.2632, device='cuda:0', dtype=torch.float64, grad_fn=<MulBackward0>)
35.3955332856553
tensor(0.2142, device='cuda:0', dtype=torch.float64, grad_fn=<MulBackward0>)
35.47197870662055
tensor(0.0714, device='cuda:0', dtype=torch.float64, grad_fn=<MulBackward0>)
35.54815594976379
tensor(0.0047, device='cuda:0', dtype=torch.float64, grad_fn=<MulBackward0>)
Epoch: 230/ 1000/ t/epoch=0.61............. Loss: 3.39469180, mean(E): -22.62048369-0.14262077j, var(E): 7.51628885, Px: 0.00988401-0.27968205j, Py: 0.00582403-0.22482649j
35.62406689009593
tensor(0.0809, device='cuda:0', dtype=torch.float64, grad_fn=<MulBackward0>)
35.6997133830322
tensor(0.2698, device='cuda:0', dtype=torch.float64, grad_fn=<MulBackward0>)
35.7750972646642
tensor(0.1277, device='cuda:0', dtype=torch.float64, grad_fn=<MulBackward0>)
35.85022035202735
tensor(0.7029, device='cuda:0', dtype=torch.float64, grad_fn=<MulBackward0>)
35.925084443363716
tensor(0.2290, device='cuda:0', dtype=torch.float64, grad_fn=<MulBackward0>)
35.999691318380194
tensor(0.0290, device='cuda:0', dtype=torch.float64, grad_fn=<MulBackward0>)
36.07404273850246
tensor(0.0873, device='cuda:0', dtype=torch.float64, grad_fn=<MulBackward0>)
36.148140447124476
tensor(0.1311, device='cuda:0', dtype=torch.float64, grad_fn=<MulBackward0>)
36.22198616985373
tensor(0.0530, device='cuda:0', dtype=torch.float64, grad_fn=<MulBackward0>)
36.29558161475241
tensor(0.8043, device='cuda:0', dtype=torch.float64, grad_fn=<MulBackward0>)
Epoch: 240/ 1000/ t/epoch=0.61............. Loss: 6.20357802, mean(E): -23.08573018+0.06020665j, var(E): 6.09832550, Px: -0.02951257-0.26544235j, Py: -0.14591095-0.36197062j
36.368928472574446
tensor(0.4799, device='cuda:0', dtype=torch.float64, grad_fn=<MulBackward0>)
36.44202841699857
tensor(0.4817, device='cuda:0', dtype=torch.float64, grad_fn=<MulBackward0>)
36.51488310485748
tensor(0.0415, device='cuda:0', dtype=torch.float64, grad_fn=<MulBackward0>)
36.58749417636317
tensor(0.0584, device='cuda:0', dtype=torch.float64, grad_fn=<MulBackward0>)
36.659863255328474
tensor(0.3614, device='cuda:0', dtype=torch.float64, grad_fn=<MulBackward0>)
36.73199194938498
tensor(0.1222, device='cuda:0', dtype=torch.float64, grad_fn=<MulBackward0>)
36.803881850197286
tensor(0.0046, device='cuda:0', dtype=torch.float64, grad_fn=<MulBackward0>)
36.87553453367381
tensor(0.2048, device='cuda:0', dtype=torch.float64, grad_fn=<MulBackward0>)
36.94695156017398
tensor(0.1395, device='cuda:0', dtype=torch.float64, grad_fn=<MulBackward0>)
37.01813447471219
tensor(0.1420, device='cuda:0', dtype=torch.float64, grad_fn=<MulBackward0>)
Epoch: 250/ 1000/ t/epoch=0.61............. Loss: 7.33740563, mean(E): -22.93880999+0.01809110j, var(E): 5.59614485, Px: 0.05838734-0.27102040j, Py: 0.02067643-0.32266503j
37.089084807158336
tensor(0.1467, device='cuda:0', dtype=torch.float64, grad_fn=<MulBackward0>)
37.159804072435065
tensor(0.0014, device='cuda:0', dtype=torch.float64, grad_fn=<MulBackward0>)
37.23029377071194
tensor(0.8392, device='cuda:0', dtype=torch.float64, grad_fn=<MulBackward0>)
37.3005553875963
tensor(0.1903, device='cuda:0', dtype=torch.float64, grad_fn=<MulBackward0>)
37.37059039432116
tensor(0.1261, device='cuda:0', dtype=torch.float64, grad_fn=<MulBackward0>)
37.440400247930114
tensor(1.4911, device='cuda:0', dtype=torch.float64, grad_fn=<MulBackward0>)
37.50998639145911
tensor(0.3601, device='cuda:0', dtype=torch.float64, grad_fn=<MulBackward0>)
37.57935025411551
tensor(0.0454, device='cuda:0', dtype=torch.float64, grad_fn=<MulBackward0>)
37.648493251454205
tensor(0.0158, device='cuda:0', dtype=torch.float64, grad_fn=<MulBackward0>)
37.717416785550945
tensor(0.0706, device='cuda:0', dtype=torch.float64, grad_fn=<MulBackward0>)
Epoch: 260/ 1000/ t/epoch=0.61............. Loss: 6.43716457, mean(E): -22.91745269+0.05907155j, var(E): 5.37441987, Px: 0.03367678-0.23882548j, Py: -0.02716347-0.30440579j
37.786122245172905
tensor(0.0445, device='cuda:0', dtype=torch.float64, grad_fn=<MulBackward0>)
37.85461100594663
tensor(0.5701, device='cuda:0', dtype=torch.float64, grad_fn=<MulBackward0>)
37.92288443052328
tensor(0.2775, device='cuda:0', dtype=torch.float64, grad_fn=<MulBackward0>)
37.99094386874131
tensor(0.8559, device='cuda:0', dtype=torch.float64, grad_fn=<MulBackward0>)
38.05879065778657
tensor(0.0056, device='cuda:0', dtype=torch.float64, grad_fn=<MulBackward0>)
38.12642612234999
tensor(0.0672, device='cuda:0', dtype=torch.float64, grad_fn=<MulBackward0>)
38.19385157478274
tensor(0.0063, device='cuda:0', dtype=torch.float64, grad_fn=<MulBackward0>)
38.261068315249034
tensor(0.1941, device='cuda:0', dtype=torch.float64, grad_fn=<MulBackward0>)
38.328077631876546
tensor(0.2984, device='cuda:0', dtype=torch.float64, grad_fn=<MulBackward0>)
38.39488080090454
tensor(0.0758, device='cuda:0', dtype=torch.float64, grad_fn=<MulBackward0>)
Epoch: 270/ 1000/ t/epoch=0.61............. Loss: 6.21894370, mean(E): -22.77546025-0.08459957j, var(E): 6.20613399, Px: 0.02512730-0.24919899j, Py: -0.03664933-0.24219882j
38.461479086829684
tensor(0.1696, device='cuda:0', dtype=torch.float64, grad_fn=<MulBackward0>)
