/var/spool/slurmd/job4828735/slurm_script: line 14: ../../ML_Environment/bin/activate: No such file or directory
1.13.1+cu117
GPU is available
Namespace(Jp=0.0, Jz=1.0, Nx=10, Ny=4, U=1.0, antisym=0.0, bounds=1, boundsx=1, boundsy=0, density=0.975, hd=300, kx=0.0, ky=0.0, load_model=1, sym=0.0, t=3.0)
10 4 0.975 39
10x4_qubits/open_periodic/Jp=0.0Jz=1.0t=3.0den=0.97/
Use RNN cell with weight sharing.
Model parameters: 
rnn.W1: 1080000
rnn.b1: 300
rnn.W2: 1080000
rnn.b2: 300
rnn.Wmerge: 180000
lin1.weight: 900
lin1.bias: 3
lin2.weight: 900
lin2.bias: 3
Total number of parameters in the network: 2342406
check if ../10x4_qubits/open_periodic/Jp=0.0Jz=1.0t=3.0den=0.97/model_params_h=300_no_antisym.pt exists.
load ../10x4_qubits/open_periodic/Jp=0.0Jz=1.0t=3.0den=0.97/model_params_h=300_no_antisym.pt
0.38738890003699744
tensor(0.0006, device='cuda:0', dtype=torch.float64, grad_fn=<DivBackward0>)
Epoch: 1/ 10000/ t/epoch=3.42............. Loss: 0.14116484, mean(E): -41.99104090-0.00255133j, var(E): 1.21733507, Px: -0.00249249-0.44732288j, Py: -0.03896722-2.40559945j
0.7679877704607115
tensor(0.0042, device='cuda:0', dtype=torch.float64, grad_fn=<DivBackward0>)
1.1420305438263911
tensor(0.0101, device='cuda:0', dtype=torch.float64, grad_fn=<DivBackward0>)
1.5097392678375618
tensor(0.0041, device='cuda:0', dtype=torch.float64, grad_fn=<DivBackward0>)
1.8713248970311833
tensor(0.0040, device='cuda:0', dtype=torch.float64, grad_fn=<DivBackward0>)
2.226988019620549
tensor(0.0029, device='cuda:0', dtype=torch.float64, grad_fn=<DivBackward0>)
2.5769195257663693
tensor(0.0124, device='cuda:0', dtype=torch.float64, grad_fn=<DivBackward0>)
2.9213012228502677
tensor(0.0202, device='cuda:0', dtype=torch.float64, grad_fn=<DivBackward0>)
3.260306402715595
tensor(0.0074, device='cuda:0', dtype=torch.float64, grad_fn=<DivBackward0>)
3.594100365306269
tensor(0.0113, device='cuda:0', dtype=torch.float64, grad_fn=<DivBackward0>)
Epoch: 10/ 10000/ t/epoch=1.44............. Loss: -1.78871134, mean(E): -41.43729527+0.00954635j, var(E): 4.71530885, Px: -0.00365980-0.44207822j, Py: 0.05589650-1.68095667j
3.9228409026646283
tensor(0.0235, device='cuda:0', dtype=torch.float64, grad_fn=<DivBackward0>)
4.246678746835807
tensor(0.0063, device='cuda:0', dtype=torch.float64, grad_fn=<DivBackward0>)
4.565757984861144
tensor(0.0221, device='cuda:0', dtype=torch.float64, grad_fn=<DivBackward0>)
4.880216443720544
tensor(0.0187, device='cuda:0', dtype=torch.float64, grad_fn=<DivBackward0>)
5.190186047797844
tensor(0.0097, device='cuda:0', dtype=torch.float64, grad_fn=<DivBackward0>)
5.495793151189666
tensor(0.0134, device='cuda:0', dtype=torch.float64, grad_fn=<DivBackward0>)
5.797158846952756
tensor(0.0093, device='cuda:0', dtype=torch.float64, grad_fn=<DivBackward0>)
6.094399255184058
tensor(0.0054, device='cuda:0', dtype=torch.float64, grad_fn=<DivBackward0>)
6.387625791648664
tensor(0.0052, device='cuda:0', dtype=torch.float64, grad_fn=<DivBackward0>)
6.676945418510874
tensor(0.0069, device='cuda:0', dtype=torch.float64, grad_fn=<DivBackward0>)
Epoch: 20/ 10000/ t/epoch=1.44............. Loss: -0.54941809, mean(E): -41.76433665+0.13899908j, var(E): 4.74991219, Px: 0.01298866-0.43044643j, Py: -0.02949861-1.38578401j
6.962460878580353
tensor(0.0018, device='cuda:0', dtype=torch.float64, grad_fn=<DivBackward0>)
7.244270914357112
tensor(0.0027, device='cuda:0', dtype=torch.float64, grad_fn=<DivBackward0>)
7.522470473044028
tensor(0.0021, device='cuda:0', dtype=torch.float64, grad_fn=<DivBackward0>)
7.797150898591837
tensor(0.0030, device='cuda:0', dtype=torch.float64, grad_fn=<DivBackward0>)
8.068400111748744
tensor(0.0060, device='cuda:0', dtype=torch.float64, grad_fn=<DivBackward0>)
8.336302779002585
tensor(0.0026, device='cuda:0', dtype=torch.float64, grad_fn=<DivBackward0>)
8.600940471227823
tensor(0.0014, device='cuda:0', dtype=torch.float64, grad_fn=<DivBackward0>)
8.862391812781173
tensor(0.0067, device='cuda:0', dtype=torch.float64, grad_fn=<DivBackward0>)
9.1207326217277
tensor(0.0018, device='cuda:0', dtype=torch.float64, grad_fn=<DivBackward0>)
9.376036041823156
tensor(0.0036, device='cuda:0', dtype=torch.float64, grad_fn=<DivBackward0>)
Epoch: 30/ 10000/ t/epoch=1.44............. Loss: 0.51262138, mean(E): -41.79286682-0.04850364j, var(E): 2.04583531, Px: -0.01082133-0.39280787j, Py: -0.01618924-1.49957710j
9.628372666827284
tensor(0.0075, device='cuda:0', dtype=torch.float64, grad_fn=<DivBackward0>)
9.877810657676827
tensor(0.0016, device='cuda:0', dtype=torch.float64, grad_fn=<DivBackward0>)
10.124415853004676
tensor(0.0016, device='cuda:0', dtype=torch.float64, grad_fn=<DivBackward0>)
10.368251873453593
tensor(0.0046, device='cuda:0', dtype=torch.float64, grad_fn=<DivBackward0>)
10.60938022019789
tensor(0.0153, device='cuda:0', dtype=torch.float64, grad_fn=<DivBackward0>)
10.847860368054851
tensor(0.0071, device='cuda:0', dtype=torch.float64, grad_fn=<DivBackward0>)
11.08374985353844
tensor(0.0046, device='cuda:0', dtype=torch.float64, grad_fn=<DivBackward0>)
11.317104358181536
tensor(0.0032, device='cuda:0', dtype=torch.float64, grad_fn=<DivBackward0>)
11.547977787428454
tensor(0.0046, device='cuda:0', dtype=torch.float64, grad_fn=<DivBackward0>)
11.776422345377446
tensor(0.0016, device='cuda:0', dtype=torch.float64, grad_fn=<DivBackward0>)
Epoch: 40/ 10000/ t/epoch=1.44............. Loss: 0.08551485, mean(E): -41.61765335+0.04246753j, var(E): 3.51100732, Px: -0.00018783-0.43703868j, Py: -0.01153566-1.35196588j
12.002488605632383
tensor(0.0047, device='cuda:0', dtype=torch.float64, grad_fn=<DivBackward0>)
12.226225578504188
tensor(0.0053, device='cuda:0', dtype=torch.float64, grad_fn=<DivBackward0>)
12.44768077478538
tensor(0.0111, device='cuda:0', dtype=torch.float64, grad_fn=<DivBackward0>)
12.66690026630532
tensor(0.0114, device='cuda:0', dtype=torch.float64, grad_fn=<DivBackward0>)
12.883928743459228
tensor(0.0169, device='cuda:0', dtype=torch.float64, grad_fn=<DivBackward0>)
13.09880956989063
tensor(0.0147, device='cuda:0', dtype=torch.float64, grad_fn=<DivBackward0>)
13.311584834494663
tensor(0.0159, device='cuda:0', dtype=torch.float64, grad_fn=<DivBackward0>)
13.522295400898127
tensor(0.0165, device='cuda:0', dtype=torch.float64, grad_fn=<DivBackward0>)
13.730980954561906
tensor(0.0087, device='cuda:0', dtype=torch.float64, grad_fn=<DivBackward0>)
13.937680047641447
tensor(0.0013, device='cuda:0', dtype=torch.float64, grad_fn=<DivBackward0>)
Epoch: 50/ 10000/ t/epoch=1.45............. Loss: -1.00710472, mean(E): -41.65238295-0.00575517j, var(E): 3.66591074, Px: 0.00820336-0.43705389j, Py: -0.00500167-1.24464446j
14.142430141732243
tensor(0.0010, device='cuda:0', dtype=torch.float64, grad_fn=<DivBackward0>)
14.345267648618742
tensor(0.0007, device='cuda:0', dtype=torch.float64, grad_fn=<DivBackward0>)
14.546227969137712
tensor(0.0005, device='cuda:0', dtype=torch.float64, grad_fn=<DivBackward0>)
14.745345530259621
tensor(0.0005, device='cuda:0', dtype=torch.float64, grad_fn=<DivBackward0>)
14.942653820485333
tensor(0.0029, device='cuda:0', dtype=torch.float64, grad_fn=<DivBackward0>)
15.138185423649087
tensor(0.0040, device='cuda:0', dtype=torch.float64, grad_fn=<DivBackward0>)
15.33197205121308
tensor(0.0050, device='cuda:0', dtype=torch.float64, grad_fn=<DivBackward0>)
15.524044573133757
tensor(0.0073, device='cuda:0', dtype=torch.float64, grad_fn=<DivBackward0>)
15.71443304737489
tensor(0.0017, device='cuda:0', dtype=torch.float64, grad_fn=<DivBackward0>)
15.903166748138078
tensor(0.0064, device='cuda:0', dtype=torch.float64, grad_fn=<DivBackward0>)
Epoch: 60/ 10000/ t/epoch=1.45............. Loss: -0.23346162, mean(E): -41.67074383-0.01674798j, var(E): 4.54715403, Px: 0.00250935-0.44286359j, Py: 0.01991393-1.21613653j
16.09027419287695
tensor(0.0304, device='cuda:0', dtype=torch.float64, grad_fn=<DivBackward0>)
16.27578316815741
tensor(0.0018, device='cuda:0', dtype=torch.float64, grad_fn=<DivBackward0>)
16.459720754422552
tensor(0.0028, device='cuda:0', dtype=torch.float64, grad_fn=<DivBackward0>)
16.64211334971758
tensor(0.0004, device='cuda:0', dtype=torch.float64, grad_fn=<DivBackward0>)
16.822986692426475
tensor(0.0006, device='cuda:0', dtype=torch.float64, grad_fn=<DivBackward0>)
17.002365883069658
tensor(0.0007, device='cuda:0', dtype=torch.float64, grad_fn=<DivBackward0>)
17.18027540520859
tensor(0.0016, device='cuda:0', dtype=torch.float64, grad_fn=<DivBackward0>)
17.356739145500995
tensor(0.0027, device='cuda:0', dtype=torch.float64, grad_fn=<DivBackward0>)
17.531780412947718
tensor(0.0010, device='cuda:0', dtype=torch.float64, grad_fn=<DivBackward0>)
17.705421957370042
tensor(0.0012, device='cuda:0', dtype=torch.float64, grad_fn=<DivBackward0>)
Epoch: 70/ 10000/ t/epoch=1.45............. Loss: -0.39148274, mean(E): -41.84348647+0.01479076j, var(E): 2.41693151, Px: 0.00630102-0.42085827j, Py: 0.00506013-1.17613551j
17.87768598715408
tensor(0.0012, device='cuda:0', dtype=torch.float64, grad_fn=<DivBackward0>)
18.0485941862968
tensor(0.0029, device='cuda:0', dtype=torch.float64, grad_fn=<DivBackward0>)
18.21816773078654
tensor(0.0052, device='cuda:0', dtype=torch.float64, grad_fn=<DivBackward0>)
18.386427304348825
tensor(0.0015, device='cuda:0', dtype=torch.float64, grad_fn=<DivBackward0>)
18.553393113586814
tensor(0.0004, device='cuda:0', dtype=torch.float64, grad_fn=<DivBackward0>)
18.71908490254411
tensor(0.0005, device='cuda:0', dtype=torch.float64, grad_fn=<DivBackward0>)
18.883521966716156
tensor(0.0003, device='cuda:0', dtype=torch.float64, grad_fn=<DivBackward0>)
19.046723166535095
tensor(0.0001, device='cuda:0', dtype=torch.float64, grad_fn=<DivBackward0>)
19.208706940351668
tensor(0.0029, device='cuda:0', dtype=torch.float64, grad_fn=<DivBackward0>)
19.36949131693647
tensor(0.0005, device='cuda:0', dtype=torch.float64, grad_fn=<DivBackward0>)
Epoch: 80/ 10000/ t/epoch=1.45............. Loss: -0.04299085, mean(E): -41.84498828+0.00274914j, var(E): 1.57102422, Px: -0.00483452-0.41262914j, Py: -0.00016700-1.19319713j
19.529093927521764
tensor(0.0015, device='cuda:0', dtype=torch.float64, grad_fn=<DivBackward0>)
19.68753201740402
tensor(0.0001, device='cuda:0', dtype=torch.float64, grad_fn=<DivBackward0>)
19.844822457126188
tensor(0.0014, device='cuda:0', dtype=torch.float64, grad_fn=<DivBackward0>)
20.000981753257925
tensor(0.0004, device='cuda:0', dtype=torch.float64, grad_fn=<DivBackward0>)
20.1560260587909
tensor(0.0006, device='cuda:0', dtype=torch.float64, grad_fn=<DivBackward0>)
20.309971183165644
tensor(0.0013, device='cuda:0', dtype=torch.float64, grad_fn=<DivBackward0>)
20.462832601945486
tensor(0.0064, device='cuda:0', dtype=torch.float64, grad_fn=<DivBackward0>)
20.614625466152326
tensor(0.0031, device='cuda:0', dtype=torch.float64, grad_fn=<DivBackward0>)
20.765364611278375
tensor(0.0020, device='cuda:0', dtype=torch.float64, grad_fn=<DivBackward0>)
20.915064565987272
tensor(0.0009, device='cuda:0', dtype=torch.float64, grad_fn=<DivBackward0>)
Epoch: 90/ 10000/ t/epoch=1.45............. Loss: -0.22352468, mean(E): -41.96893906+0.00125034j, var(E): 1.73040945, Px: 0.00232810-0.43888438j, Py: -0.00614722-1.18337109j
21.063739560517327
tensor(9.1338e-05, device='cuda:0', dtype=torch.float64,
       grad_fn=<DivBackward0>)
21.211403534798993
tensor(0.0011, device='cuda:0', dtype=torch.float64, grad_fn=<DivBackward0>)
21.358070146298278
tensor(0.0005, device='cuda:0', dtype=torch.float64, grad_fn=<DivBackward0>)
21.50375277759696
tensor(0.0001, device='cuda:0', dtype=torch.float64, grad_fn=<DivBackward0>)
21.648464543720287
tensor(0.0003, device='cuda:0', dtype=torch.float64, grad_fn=<DivBackward0>)
21.792218299222064
tensor(0.0010, device='cuda:0', dtype=torch.float64, grad_fn=<DivBackward0>)
21.935026645036814
tensor(0.0003, device='cuda:0', dtype=torch.float64, grad_fn=<DivBackward0>)
22.07690193510804
tensor(0.0002, device='cuda:0', dtype=torch.float64, grad_fn=<DivBackward0>)
22.217856282801378
tensor(0.0003, device='cuda:0', dtype=torch.float64, grad_fn=<DivBackward0>)
22.35790156711096
tensor(0.0024, device='cuda:0', dtype=torch.float64, grad_fn=<DivBackward0>)
Epoch: 100/ 10000/ t/epoch=1.45............. Loss: -0.20455941, mean(E): -41.92585529-0.00904900j, var(E): 1.75970745, Px: 0.01002707-0.42755617j, Py: 0.00271228-1.24427123j
22.497049438666885
tensor(0.0042, device='cuda:0', dtype=torch.float64, grad_fn=<DivBackward0>)
22.63531132555145
tensor(0.0018, device='cuda:0', dtype=torch.float64, grad_fn=<DivBackward0>)
22.772698438931407
tensor(0.0004, device='cuda:0', dtype=torch.float64, grad_fn=<DivBackward0>)
22.909221778513135
tensor(0.0016, device='cuda:0', dtype=torch.float64, grad_fn=<DivBackward0>)
23.04489213782739
tensor(0.0044, device='cuda:0', dtype=torch.float64, grad_fn=<DivBackward0>)
23.17972010935001
tensor(0.0006, device='cuda:0', dtype=torch.float64, grad_fn=<DivBackward0>)
23.313716089464602
tensor(0.0005, device='cuda:0', dtype=torch.float64, grad_fn=<DivBackward0>)
23.44689028327306
tensor(0.0007, device='cuda:0', dtype=torch.float64, grad_fn=<DivBackward0>)
23.57925270925948
tensor(0.0002, device='cuda:0', dtype=torch.float64, grad_fn=<DivBackward0>)
23.710813203812762
tensor(0.0014, device='cuda:0', dtype=torch.float64, grad_fn=<DivBackward0>)
Epoch: 110/ 10000/ t/epoch=1.45............. Loss: -1.05242014, mean(E): -41.73999274-0.00064035j, var(E): 2.02434879, Px: -0.00556516-0.48038045j, Py: -0.00522920-1.23195387j
23.841581425613036
tensor(0.0011, device='cuda:0', dtype=torch.float64, grad_fn=<DivBackward0>)
23.971566859886824
tensor(0.0011, device='cuda:0', dtype=torch.float64, grad_fn=<DivBackward0>)
24.100778822535585
tensor(0.0002, device='cuda:0', dtype=torch.float64, grad_fn=<DivBackward0>)
24.229226464142144
tensor(0.0022, device='cuda:0', dtype=torch.float64, grad_fn=<DivBackward0>)
24.356918773859324
tensor(0.0012, device='cuda:0', dtype=torch.float64, grad_fn=<DivBackward0>)
24.48386458318493
tensor(0.0022, device='cuda:0', dtype=torch.float64, grad_fn=<DivBackward0>)
24.610072569626983
tensor(0.0021, device='cuda:0', dtype=torch.float64, grad_fn=<DivBackward0>)
24.735551260263136
tensor(0.0011, device='cuda:0', dtype=torch.float64, grad_fn=<DivBackward0>)
24.860309035197727
tensor(0.0002, device='cuda:0', dtype=torch.float64, grad_fn=<DivBackward0>)
24.98435413092019
tensor(0.0012, device='cuda:0', dtype=torch.float64, grad_fn=<DivBackward0>)
Epoch: 120/ 10000/ t/epoch=1.45............. Loss: 0.38507292, mean(E): -41.96931985+0.01450550j, var(E): 2.60624252, Px: -0.00034235-0.45289972j, Py: -0.00704693-1.25532421j
25.107694643568035
tensor(0.0037, device='cuda:0', dtype=torch.float64, grad_fn=<DivBackward0>)
25.23033853209769
tensor(0.0006, device='cuda:0', dtype=torch.float64, grad_fn=<DivBackward0>)
25.352293621366286
tensor(0.0028, device='cuda:0', dtype=torch.float64, grad_fn=<DivBackward0>)
25.47356760512743
tensor(0.0003, device='cuda:0', dtype=torch.float64, grad_fn=<DivBackward0>)
25.59416804894372
tensor(0.0028, device='cuda:0', dtype=torch.float64, grad_fn=<DivBackward0>)
25.71410239301889
tensor(0.0018, device='cuda:0', dtype=torch.float64, grad_fn=<DivBackward0>)
25.833377954952148
tensor(0.0005, device='cuda:0', dtype=torch.float64, grad_fn=<DivBackward0>)
25.95200193241723
tensor(0.0003, device='cuda:0', dtype=torch.float64, grad_fn=<DivBackward0>)
26.069981405768782
tensor(0.0006, device='cuda:0', dtype=torch.float64, grad_fn=<DivBackward0>)
26.18732334057822
tensor(0.0011, device='cuda:0', dtype=torch.float64, grad_fn=<DivBackward0>)
Epoch: 130/ 10000/ t/epoch=1.45............. Loss: 0.35106740, mean(E): -42.07970933-0.04104024j, var(E): 1.88139852, Px: 0.00301760-0.43110789j, Py: -0.00568352-1.24222561j
26.304034590101498
tensor(0.0010, device='cuda:0', dtype=torch.float64, grad_fn=<DivBackward0>)
26.420121897680872
tensor(0.0417, device='cuda:0', dtype=torch.float64, grad_fn=<DivBackward0>)
26.53559189908285
tensor(0.0026, device='cuda:0', dtype=torch.float64, grad_fn=<DivBackward0>)
26.65045112477427
tensor(0.0038, device='cuda:0', dtype=torch.float64, grad_fn=<DivBackward0>)
26.764706002138528
tensor(0.0035, device='cuda:0', dtype=torch.float64, grad_fn=<DivBackward0>)
26.878362857633757
tensor(0.0045, device='cuda:0', dtype=torch.float64, grad_fn=<DivBackward0>)
26.99142791889491
tensor(0.0068, device='cuda:0', dtype=torch.float64, grad_fn=<DivBackward0>)
27.103907316781278
tensor(0.0005, device='cuda:0', dtype=torch.float64, grad_fn=<DivBackward0>)
27.215807087371363
tensor(0.0007, device='cuda:0', dtype=torch.float64, grad_fn=<DivBackward0>)
27.327133173906553
tensor(0.0008, device='cuda:0', dtype=torch.float64, grad_fn=<DivBackward0>)
Epoch: 140/ 10000/ t/epoch=1.45............. Loss: 1.12066831, mean(E): -42.08819426-0.03023747j, var(E): 1.51558253, Px: -0.00333896-0.43736493j, Py: -0.00420408-1.27955198j
27.437891428685212
tensor(0.0007, device='cuda:0', dtype=torch.float64, grad_fn=<DivBackward0>)
27.548087614908805
tensor(0.0027, device='cuda:0', dtype=torch.float64, grad_fn=<DivBackward0>)
27.65772740848127
tensor(0.0005, device='cuda:0', dtype=torch.float64, grad_fn=<DivBackward0>)
27.76681639976334
tensor(0.0034, device='cuda:0', dtype=torch.float64, grad_fn=<DivBackward0>)
27.875360095282897
tensor(0.0021, device='cuda:0', dtype=torch.float64, grad_fn=<DivBackward0>)
27.983363919402883
tensor(0.0010, device='cuda:0', dtype=torch.float64, grad_fn=<DivBackward0>)
28.090833215947875
tensor(0.0005, device='cuda:0', dtype=torch.float64, grad_fn=<DivBackward0>)
28.197773249790643
tensor(0.0006, device='cuda:0', dtype=torch.float64, grad_fn=<DivBackward0>)
28.304189208399794
tensor(0.0032, device='cuda:0', dtype=torch.float64, grad_fn=<DivBackward0>)
28.41008620334975
tensor(0.0023, device='cuda:0', dtype=torch.float64, grad_fn=<DivBackward0>)
Epoch: 150/ 10000/ t/epoch=1.45............. Loss: -0.63655691, mean(E): -41.87626647-0.00711640j, var(E): 2.17579026, Px: -0.00892512-0.47093760j, Py: 0.00144190-1.36501892j
28.515469271793993
tensor(0.0030, device='cuda:0', dtype=torch.float64, grad_fn=<DivBackward0>)
28.620343377902792
tensor(0.0011, device='cuda:0', dtype=torch.float64, grad_fn=<DivBackward0>)
28.72471341426638
tensor(0.0003, device='cuda:0', dtype=torch.float64, grad_fn=<DivBackward0>)
28.82858420326454
tensor(0.0003, device='cuda:0', dtype=torch.float64, grad_fn=<DivBackward0>)
28.93196049840362
tensor(0.0005, device='cuda:0', dtype=torch.float64, grad_fn=<DivBackward0>)
29.034846985621837
tensor(0.0003, device='cuda:0', dtype=torch.float64, grad_fn=<DivBackward0>)
29.137248284563853
tensor(0.0006, device='cuda:0', dtype=torch.float64, grad_fn=<DivBackward0>)
29.23916894982539
tensor(0.0002, device='cuda:0', dtype=torch.float64, grad_fn=<DivBackward0>)
29.340613472168798
tensor(0.0002, device='cuda:0', dtype=torch.float64, grad_fn=<DivBackward0>)
29.441586279710364
tensor(1.4013e-05, device='cuda:0', dtype=torch.float64,
       grad_fn=<DivBackward0>)
Epoch: 160/ 10000/ t/epoch=1.45............. Loss: 0.57548588, mean(E): -41.97169057+0.00650993j, var(E): 1.33966824, Px: 0.00060795-0.42484428j, Py: -0.00032613-1.27681088j
29.542091739080135
tensor(9.9915e-05, device='cuda:0', dtype=torch.float64,
       grad_fn=<DivBackward0>)
29.64213415655501
tensor(0.0004, device='cuda:0', dtype=torch.float64, grad_fn=<DivBackward0>)
29.7417177791659
tensor(0.0010, device='cuda:0', dtype=torch.float64, grad_fn=<DivBackward0>)
29.840846795779523
tensor(0.0006, device='cuda:0', dtype=torch.float64, grad_fn=<DivBackward0>)
29.939525338155754
tensor(4.9141e-05, device='cuda:0', dtype=torch.float64,
       grad_fn=<DivBackward0>)
30.037757481980904
tensor(0.0266, device='cuda:0', dtype=torch.float64, grad_fn=<DivBackward0>)
30.135547247877874
tensor(0.0006, device='cuda:0', dtype=torch.float64, grad_fn=<DivBackward0>)
30.232898602393547
tensor(0.0018, device='cuda:0', dtype=torch.float64, grad_fn=<DivBackward0>)
30.32981545896426
tensor(0.0027, device='cuda:0', dtype=torch.float64, grad_fn=<DivBackward0>)
30.42630167885971
tensor(0.0043, device='cuda:0', dtype=torch.float64, grad_fn=<DivBackward0>)
Epoch: 170/ 10000/ t/epoch=1.45............. Loss: -0.06797399, mean(E): -42.07855148+0.00054397j, var(E): 1.97641261, Px: -0.00933716-0.41434493j, Py: -0.00726099-1.36412871j
30.522361072106058
tensor(0.0055, device='cuda:0', dtype=torch.float64, grad_fn=<DivBackward0>)
30.61799739838872
tensor(0.0001, device='cuda:0', dtype=torch.float64, grad_fn=<DivBackward0>)
30.713214367935258
tensor(0.0013, device='cuda:0', dtype=torch.float64, grad_fn=<DivBackward0>)
30.80801564237915
tensor(0.0025, device='cuda:0', dtype=torch.float64, grad_fn=<DivBackward0>)
30.902404835604635
tensor(0.0015, device='cuda:0', dtype=torch.float64, grad_fn=<DivBackward0>)
30.996385514573404
tensor(0.0005, device='cuda:0', dtype=torch.float64, grad_fn=<DivBackward0>)
31.08996120013338
tensor(0.0009, device='cuda:0', dtype=torch.float64, grad_fn=<DivBackward0>)
31.183135367810234
tensor(0.0002, device='cuda:0', dtype=torch.float64, grad_fn=<DivBackward0>)
31.275911448581876
tensor(0.0023, device='cuda:0', dtype=torch.float64, grad_fn=<DivBackward0>)
31.368292829636633
tensor(0.0005, device='cuda:0', dtype=torch.float64, grad_fn=<DivBackward0>)
Epoch: 180/ 10000/ t/epoch=1.45............. Loss: 0.57207721, mean(E): -41.99753751-0.00618725j, var(E): 1.12598005, Px: -0.00013767-0.43810882j, Py: 0.00395136-1.38491666j
31.46028285511519
tensor(0.0001, device='cuda:0', dtype=torch.float64, grad_fn=<DivBackward0>)
31.551884826837018
tensor(0.0009, device='cuda:0', dtype=torch.float64, grad_fn=<DivBackward0>)
31.643102005011496
tensor(0.0006, device='cuda:0', dtype=torch.float64, grad_fn=<DivBackward0>)
31.73393760893411
tensor(0.0010, device='cuda:0', dtype=torch.float64, grad_fn=<DivBackward0>)
31.82439481766827
tensor(0.0004, device='cuda:0', dtype=torch.float64, grad_fn=<DivBackward0>)
31.914476770712845
tensor(0.0052, device='cuda:0', dtype=torch.float64, grad_fn=<DivBackward0>)
32.00418656865602
tensor(0.0004, device='cuda:0', dtype=torch.float64, grad_fn=<DivBackward0>)
32.09352727381564
tensor(0.0004, device='cuda:0', dtype=torch.float64, grad_fn=<DivBackward0>)
32.182501910866456
tensor(0.0008, device='cuda:0', dtype=torch.float64, grad_fn=<DivBackward0>)
32.27111346745459
tensor(2.9534e-05, device='cuda:0', dtype=torch.float64,
       grad_fn=<DivBackward0>)
Epoch: 190/ 10000/ t/epoch=1.45............. Loss: 0.22696399, mean(E): -41.93645101-0.00160699j, var(E): 0.82566782, Px: 0.00041104-0.43729210j, Py: 0.00086385-1.36276647j
32.359364894799484
tensor(0.0003, device='cuda:0', dtype=torch.float64, grad_fn=<DivBackward0>)
32.447259108283625
tensor(0.0003, device='cuda:0', dtype=torch.float64, grad_fn=<DivBackward0>)
32.534798988030545
tensor(0.0008, device='cuda:0', dtype=torch.float64, grad_fn=<DivBackward0>)
32.62198737947101
tensor(0.0007, device='cuda:0', dtype=torch.float64, grad_fn=<DivBackward0>)
32.70882709389802
tensor(0.0008, device='cuda:0', dtype=torch.float64, grad_fn=<DivBackward0>)
32.795320909010755
tensor(0.0002, device='cuda:0', dtype=torch.float64, grad_fn=<DivBackward0>)
32.8814715694476
tensor(0.0009, device='cuda:0', dtype=torch.float64, grad_fn=<DivBackward0>)
32.96728178730885
tensor(0.0014, device='cuda:0', dtype=torch.float64, grad_fn=<DivBackward0>)
33.05275424266894
tensor(0.0019, device='cuda:0', dtype=torch.float64, grad_fn=<DivBackward0>)
33.1378915840787
tensor(0.0017, device='cuda:0', dtype=torch.float64, grad_fn=<DivBackward0>)
Epoch: 200/ 10000/ t/epoch=1.45............. Loss: -0.20244140, mean(E): -42.04873016-0.00608104j, var(E): 1.56172834, Px: 0.00578077-0.41200687j, Py: -0.00416131-1.33637111j
33.222696429057876
tensor(0.0030, device='cuda:0', dtype=torch.float64, grad_fn=<DivBackward0>)
33.30717136457792
tensor(0.0004, device='cuda:0', dtype=torch.float64, grad_fn=<DivBackward0>)
33.39131894753556
tensor(0.0002, device='cuda:0', dtype=torch.float64, grad_fn=<DivBackward0>)
33.47514170521716
tensor(0.0009, device='cuda:0', dtype=torch.float64, grad_fn=<DivBackward0>)
33.55864213575416
tensor(7.5788e-05, device='cuda:0', dtype=torch.float64,
       grad_fn=<DivBackward0>)
33.641822708569855
tensor(0.0002, device='cuda:0', dtype=torch.float64, grad_fn=<DivBackward0>)
33.72468586481751
tensor(0.0015, device='cuda:0', dtype=torch.float64, grad_fn=<DivBackward0>)
33.80723401781031
tensor(0.0002, device='cuda:0', dtype=torch.float64, grad_fn=<DivBackward0>)
33.88946955344306
tensor(5.3994e-05, device='cuda:0', dtype=torch.float64,
       grad_fn=<DivBackward0>)
33.97139483060594
tensor(0.0002, device='cuda:0', dtype=torch.float64, grad_fn=<DivBackward0>)
Epoch: 210/ 10000/ t/epoch=1.45............. Loss: -0.09184942, mean(E): -42.09241824-0.00305282j, var(E): 1.58658342, Px: 0.00004903-0.46805426j, Py: -0.00221636-1.41152667j
34.05301218159059
tensor(0.0020, device='cuda:0', dtype=torch.float64, grad_fn=<DivBackward0>)
34.134323912488405
tensor(0.0012, device='cuda:0', dtype=torch.float64, grad_fn=<DivBackward0>)
34.215332303581576
tensor(0.0003, device='cuda:0', dtype=torch.float64, grad_fn=<DivBackward0>)
34.29603960972677
tensor(0.0010, device='cuda:0', dtype=torch.float64, grad_fn=<DivBackward0>)
34.37644806073172
tensor(0.0004, device='cuda:0', dtype=torch.float64, grad_fn=<DivBackward0>)
34.45655986172489
tensor(0.0016, device='cuda:0', dtype=torch.float64, grad_fn=<DivBackward0>)
34.53637719351835
tensor(0.0003, device='cuda:0', dtype=torch.float64, grad_fn=<DivBackward0>)
34.61590221296393
tensor(0.0021, device='cuda:0', dtype=torch.float64, grad_fn=<DivBackward0>)
34.695137053303036
tensor(0.0003, device='cuda:0', dtype=torch.float64, grad_fn=<DivBackward0>)
34.77408382450987
tensor(2.0676e-05, device='cuda:0', dtype=torch.float64,
       grad_fn=<DivBackward0>)
Epoch: 220/ 10000/ t/epoch=1.45............. Loss: 0.62285749, mean(E): -42.04539354-0.02528549j, var(E): 1.47188352, Px: -0.00009486-0.42489303j, Py: 0.00076524-1.41762285j
34.85274461362872
tensor(0.0060, device='cuda:0', dtype=torch.float64, grad_fn=<DivBackward0>)
34.931121485104896
tensor(0.0009, device='cuda:0', dtype=torch.float64, grad_fn=<DivBackward0>)
35.00921648110989
tensor(1.5208e-05, device='cuda:0', dtype=torch.float64,
       grad_fn=<DivBackward0>)
35.087031621860625
tensor(0.0013, device='cuda:0', dtype=torch.float64, grad_fn=<DivBackward0>)
35.164568905933066
tensor(0.0012, device='cuda:0', dtype=torch.float64, grad_fn=<DivBackward0>)
35.24183031057019
tensor(0.0032, device='cuda:0', dtype=torch.float64, grad_fn=<DivBackward0>)
35.31881779198451
tensor(0.0002, device='cuda:0', dtype=torch.float64, grad_fn=<DivBackward0>)
35.3955332856553
tensor(0.0006, device='cuda:0', dtype=torch.float64, grad_fn=<DivBackward0>)
35.47197870662055
tensor(0.0002, device='cuda:0', dtype=torch.float64, grad_fn=<DivBackward0>)
35.54815594976379
tensor(0.0002, device='cuda:0', dtype=torch.float64, grad_fn=<DivBackward0>)
Epoch: 230/ 10000/ t/epoch=1.45............. Loss: 0.57505690, mean(E): -42.06570234+0.02329219j, var(E): 1.46620428, Px: 0.00153272-0.44355807j, Py: 0.00194064-1.31935577j
35.62406689009593
tensor(0.0061, device='cuda:0', dtype=torch.float64, grad_fn=<DivBackward0>)
35.6997133830322
tensor(0.0020, device='cuda:0', dtype=torch.float64, grad_fn=<DivBackward0>)
35.7750972646642
tensor(0.0002, device='cuda:0', dtype=torch.float64, grad_fn=<DivBackward0>)
35.85022035202735
tensor(0.0013, device='cuda:0', dtype=torch.float64, grad_fn=<DivBackward0>)
35.925084443363716
tensor(0.0007, device='cuda:0', dtype=torch.float64, grad_fn=<DivBackward0>)
35.999691318380194
tensor(0.0013, device='cuda:0', dtype=torch.float64, grad_fn=<DivBackward0>)
36.07404273850246
tensor(0.0005, device='cuda:0', dtype=torch.float64, grad_fn=<DivBackward0>)
36.148140447124476
tensor(5.0291e-05, device='cuda:0', dtype=torch.float64,
       grad_fn=<DivBackward0>)
36.22198616985373
tensor(0.0004, device='cuda:0', dtype=torch.float64, grad_fn=<DivBackward0>)
36.29558161475241
tensor(0.0015, device='cuda:0', dtype=torch.float64, grad_fn=<DivBackward0>)
Epoch: 240/ 10000/ t/epoch=1.45............. Loss: 0.15971877, mean(E): -42.07467152+0.00816364j, var(E): 1.07494171, Px: 0.00544048-0.43405700j, Py: -0.00324411-1.33339158j
36.368928472574446
tensor(0.0017, device='cuda:0', dtype=torch.float64, grad_fn=<DivBackward0>)
36.44202841699857
tensor(2.4804e-05, device='cuda:0', dtype=torch.float64,
       grad_fn=<DivBackward0>)
36.51488310485748
tensor(0.0002, device='cuda:0', dtype=torch.float64, grad_fn=<DivBackward0>)
36.58749417636317
tensor(0.0005, device='cuda:0', dtype=torch.float64, grad_fn=<DivBackward0>)
36.659863255328474
tensor(0.0001, device='cuda:0', dtype=torch.float64, grad_fn=<DivBackward0>)
36.73199194938498
tensor(0.0019, device='cuda:0', dtype=torch.float64, grad_fn=<DivBackward0>)
36.803881850197286
tensor(0.0008, device='cuda:0', dtype=torch.float64, grad_fn=<DivBackward0>)
36.87553453367381
tensor(0.0015, device='cuda:0', dtype=torch.float64, grad_fn=<DivBackward0>)
36.94695156017398
tensor(0.0007, device='cuda:0', dtype=torch.float64, grad_fn=<DivBackward0>)
37.01813447471219
tensor(0.0003, device='cuda:0', dtype=torch.float64, grad_fn=<DivBackward0>)
Epoch: 250/ 10000/ t/epoch=1.45............. Loss: -0.27718667, mean(E): -41.77580838-0.00690804j, var(E): 1.33986016, Px: -0.00021000-0.44269399j, Py: -0.00287702-1.42684878j
37.089084807158336
tensor(0.0014, device='cuda:0', dtype=torch.float64, grad_fn=<DivBackward0>)
37.159804072435065
tensor(0.0002, device='cuda:0', dtype=torch.float64, grad_fn=<DivBackward0>)
37.23029377071194
tensor(0.0003, device='cuda:0', dtype=torch.float64, grad_fn=<DivBackward0>)
37.3005553875963
tensor(0.0010, device='cuda:0', dtype=torch.float64, grad_fn=<DivBackward0>)
37.37059039432116
tensor(0.0002, device='cuda:0', dtype=torch.float64, grad_fn=<DivBackward0>)
37.440400247930114
tensor(9.1103e-05, device='cuda:0', dtype=torch.float64,
       grad_fn=<DivBackward0>)
37.50998639145911
tensor(0.0005, device='cuda:0', dtype=torch.float64, grad_fn=<DivBackward0>)
37.57935025411551
tensor(0.0006, device='cuda:0', dtype=torch.float64, grad_fn=<DivBackward0>)
37.648493251454205
tensor(0.0008, device='cuda:0', dtype=torch.float64, grad_fn=<DivBackward0>)
37.717416785550945
tensor(7.9404e-05, device='cuda:0', dtype=torch.float64,
       grad_fn=<DivBackward0>)
Epoch: 260/ 10000/ t/epoch=1.45............. Loss: -0.11111259, mean(E): -42.14866668-0.01601202j, var(E): 1.23427763, Px: -0.00138975-0.45739485j, Py: 0.00041694-1.34860852j
37.786122245172905
tensor(0.0003, device='cuda:0', dtype=torch.float64, grad_fn=<DivBackward0>)
37.85461100594663
tensor(0.0001, device='cuda:0', dtype=torch.float64, grad_fn=<DivBackward0>)
37.92288443052328
tensor(0.0010, device='cuda:0', dtype=torch.float64, grad_fn=<DivBackward0>)
37.99094386874131
tensor(0.0001, device='cuda:0', dtype=torch.float64, grad_fn=<DivBackward0>)
38.05879065778657
tensor(0.0002, device='cuda:0', dtype=torch.float64, grad_fn=<DivBackward0>)
38.12642612234999
tensor(0.0004, device='cuda:0', dtype=torch.float64, grad_fn=<DivBackward0>)
38.19385157478274
tensor(0.0005, device='cuda:0', dtype=torch.float64, grad_fn=<DivBackward0>)
38.261068315249034
tensor(0.0014, device='cuda:0', dtype=torch.float64, grad_fn=<DivBackward0>)
38.328077631876546
tensor(0.0055, device='cuda:0', dtype=torch.float64, grad_fn=<DivBackward0>)
38.39488080090454
tensor(0.0021, device='cuda:0', dtype=torch.float64, grad_fn=<DivBackward0>)
Epoch: 270/ 10000/ t/epoch=1.45............. Loss: 0.39589319, mean(E): -42.05340368+0.02060393j, var(E): 1.66048253, Px: -0.00250999-0.45354457j, Py: 0.00697602-1.44822446j
38.461479086829684
tensor(0.0021, device='cuda:0', dtype=torch.float64, grad_fn=<DivBackward0>)
38.52787374254975
tensor(0.0011, device='cuda:0', dtype=torch.float64, grad_fn=<DivBackward0>)
38.59406600950494
tensor(0.0015, device='cuda:0', dtype=torch.float64, grad_fn=<DivBackward0>)
38.66005711781722
tensor(0.0016, device='cuda:0', dtype=torch.float64, grad_fn=<DivBackward0>)
38.72584828642748
tensor(0.0009, device='cuda:0', dtype=torch.float64, grad_fn=<DivBackward0>)
38.79144072323062
tensor(1.6691e-05, device='cuda:0', dtype=torch.float64,
       grad_fn=<DivBackward0>)
38.85683562520863
tensor(0.0024, device='cuda:0', dtype=torch.float64, grad_fn=<DivBackward0>)
38.92203417856164
tensor(0.0027, device='cuda:0', dtype=torch.float64, grad_fn=<DivBackward0>)
38.98703755883703
tensor(0.0010, device='cuda:0', dtype=torch.float64, grad_fn=<DivBackward0>)
39.051846931056595
tensor(0.0006, device='cuda:0', dtype=torch.float64, grad_fn=<DivBackward0>)
Epoch: 280/ 10000/ t/epoch=1.45............. Loss: -0.16370878, mean(E): -42.10743599+0.01140366j, var(E): 1.32069418, Px: 0.00049286-0.45686219j, Py: -0.00400123-1.50660371j
39.116463449841845
tensor(0.0002, device='cuda:0', dtype=torch.float64, grad_fn=<DivBackward0>)
39.18088825953744
tensor(0.0004, device='cuda:0', dtype=torch.float64, grad_fn=<DivBackward0>)
39.24512249433274
tensor(0.0007, device='cuda:0', dtype=torch.float64, grad_fn=<DivBackward0>)
39.30916727838167
tensor(0.0003, device='cuda:0', dtype=torch.float64, grad_fn=<DivBackward0>)
39.37302372592075
tensor(0.0010, device='cuda:0', dtype=torch.float64, grad_fn=<DivBackward0>)
39.436692941385374
tensor(0.0011, device='cuda:0', dtype=torch.float64, grad_fn=<DivBackward0>)
39.500176019524474
tensor(0.0006, device='cuda:0', dtype=torch.float64, grad_fn=<DivBackward0>)
39.56347404551342
tensor(0.0004, device='cuda:0', dtype=torch.float64, grad_fn=<DivBackward0>)
39.62658809506538
tensor(0.0010, device='cuda:0', dtype=torch.float64, grad_fn=<DivBackward0>)
39.68951923454094
tensor(0.0006, device='cuda:0', dtype=torch.float64, grad_fn=<DivBackward0>)
Epoch: 290/ 10000/ t/epoch=1.45............. Loss: 0.41513426, mean(E): -42.02961069-0.01789784j, var(E): 1.43429644, Px: -0.00378403-0.40932377j, Py: -0.00069480-1.45070933j
39.75226852105625
tensor(0.0003, device='cuda:0', dtype=torch.float64, grad_fn=<DivBackward0>)
39.814837002589584
tensor(0.0005, device='cuda:0', dtype=torch.float64, grad_fn=<DivBackward0>)
39.877225718086315
tensor(0.0001, device='cuda:0', dtype=torch.float64, grad_fn=<DivBackward0>)
39.939435697562466
tensor(5.1732e-05, device='cuda:0', dtype=torch.float64,
       grad_fn=<DivBackward0>)
40.00146796220672
tensor(2.1642e-05, device='cuda:0', dtype=torch.float64,
       grad_fn=<DivBackward0>)
40.06332352448101
tensor(0.0002, device='cuda:0', dtype=torch.float64, grad_fn=<DivBackward0>)
40.12500338821967
tensor(5.1294e-05, device='cuda:0', dtype=torch.float64,
       grad_fn=<DivBackward0>)
40.1865085487272
tensor(3.4593e-05, device='cuda:0', dtype=torch.float64,
       grad_fn=<DivBackward0>)
40.24783999287458
tensor(0.0003, device='cuda:0', dtype=torch.float64, grad_fn=<DivBackward0>)
40.30899869919436
tensor(5.7343e-05, device='cuda:0', dtype=torch.float64,
       grad_fn=<DivBackward0>)
Epoch: 300/ 10000/ t/epoch=1.45............. Loss: 0.35752225, mean(E): -42.10548802-0.01598214j, var(E): 1.37080947, Px: -0.00068848-0.41789239j, Py: 0.00097395-1.38913271j
40.36998563797427
tensor(0.0005, device='cuda:0', dtype=torch.float64, grad_fn=<DivBackward0>)
40.43080177134959
tensor(0.0015, device='cuda:0', dtype=torch.float64, grad_fn=<DivBackward0>)
40.49144805339431
tensor(6.9150e-05, device='cuda:0', dtype=torch.float64,
       grad_fn=<DivBackward0>)
40.551925430210794
tensor(0.0003, device='cuda:0', dtype=torch.float64, grad_fn=<DivBackward0>)
40.612234840018466
tensor(0.0002, device='cuda:0', dtype=torch.float64, grad_fn=<DivBackward0>)
40.67237721324106
tensor(1.9732e-05, device='cuda:0', dtype=torch.float64,
       grad_fn=<DivBackward0>)
40.732353472592806
tensor(0.0003, device='cuda:0', dtype=torch.float64, grad_fn=<DivBackward0>)
40.79216453316333
tensor(3.5708e-05, device='cuda:0', dtype=torch.float64,
       grad_fn=<DivBackward0>)
40.851811302501446
tensor(6.7154e-05, device='cuda:0', dtype=torch.float64,
       grad_fn=<DivBackward0>)
40.91129468069777
tensor(0.0006, device='cuda:0', dtype=torch.float64, grad_fn=<DivBackward0>)
Epoch: 310/ 10000/ t/epoch=1.45............. Loss: 0.61157690, mean(E): -42.19152065-0.01054294j, var(E): 1.33525164, Px: -0.00078990-0.41098475j, Py: -0.00382390-1.46505287j
40.97061556046626
tensor(0.0003, device='cuda:0', dtype=torch.float64, grad_fn=<DivBackward0>)
41.029774827224514
tensor(0.0004, device='cuda:0', dtype=torch.float64, grad_fn=<DivBackward0>)
41.088773359173175
tensor(0.0013, device='cuda:0', dtype=torch.float64, grad_fn=<DivBackward0>)
41.14761202737408
tensor(0.0003, device='cuda:0', dtype=torch.float64, grad_fn=<DivBackward0>)
41.206291695827446
tensor(0.0003, device='cuda:0', dtype=torch.float64, grad_fn=<DivBackward0>)
41.264813221547996
tensor(0.0007, device='cuda:0', dtype=torch.float64, grad_fn=<DivBackward0>)
41.32317745464007
tensor(0.0004, device='cuda:0', dtype=torch.float64, grad_fn=<DivBackward0>)
41.38138523837167
tensor(1.7856e-05, device='cuda:0', dtype=torch.float64,
       grad_fn=<DivBackward0>)
41.43943740924766
tensor(3.0271e-05, device='cuda:0', dtype=torch.float64,
       grad_fn=<DivBackward0>)
41.4973347970818
tensor(0.0002, device='cuda:0', dtype=torch.float64, grad_fn=<DivBackward0>)
Epoch: 320/ 10000/ t/epoch=1.45............. Loss: 0.20046473, mean(E): -42.08882001+0.00073980j, var(E): 0.88380168, Px: 0.00202147-0.42931038j, Py: 0.00071460-1.44855798j
41.55507822506797
tensor(9.1354e-06, device='cuda:0', dtype=torch.float64,
       grad_fn=<DivBackward0>)
41.6126685098504
tensor(0.0010, device='cuda:0', dtype=torch.float64, grad_fn=<DivBackward0>)
41.67010646159293
tensor(0.0003, device='cuda:0', dtype=torch.float64, grad_fn=<DivBackward0>)
41.72739288404743
tensor(0.0008, device='cuda:0', dtype=torch.float64, grad_fn=<DivBackward0>)
41.78452857462128
tensor(0.0011, device='cuda:0', dtype=torch.float64, grad_fn=<DivBackward0>)
41.84151432444395
tensor(0.0011, device='cuda:0', dtype=torch.float64, grad_fn=<DivBackward0>)
41.89835091843273
tensor(0.0004, device='cuda:0', dtype=torch.float64, grad_fn=<DivBackward0>)
41.95503913535766
tensor(0.0005, device='cuda:0', dtype=torch.float64, grad_fn=<DivBackward0>)
42.01157974790545
tensor(0.0018, device='cuda:0', dtype=torch.float64, grad_fn=<DivBackward0>)
42.06797352274275
tensor(0.0016, device='cuda:0', dtype=torch.float64, grad_fn=<DivBackward0>)
Epoch: 330/ 10000/ t/epoch=1.45............. Loss: 0.26498430, mean(E): -42.07621054+0.01733647j, var(E): 0.79376023, Px: 0.00385958-0.43322045j, Py: -0.00490535-1.47261009j
42.124221220578505
tensor(7.6712e-05, device='cuda:0', dtype=torch.float64,
       grad_fn=<DivBackward0>)
42.18032359622554
tensor(0.0004, device='cuda:0', dtype=torch.float64, grad_fn=<DivBackward0>)
42.2362813986613
tensor(0.0020, device='cuda:0', dtype=torch.float64, grad_fn=<DivBackward0>)
42.29209537108787
tensor(0.0002, device='cuda:0', dtype=torch.float64, grad_fn=<DivBackward0>)
42.3477662509912
tensor(0.0002, device='cuda:0', dtype=torch.float64, grad_fn=<DivBackward0>)
42.40329477019957
tensor(2.6396e-05, device='cuda:0', dtype=torch.float64,
       grad_fn=<DivBackward0>)
42.45868165494133
tensor(0.0005, device='cuda:0', dtype=torch.float64, grad_fn=<DivBackward0>)
42.51392762590186
tensor(0.0009, device='cuda:0', dtype=torch.float64, grad_fn=<DivBackward0>)
42.569033398279835
tensor(0.0004, device='cuda:0', dtype=torch.float64, grad_fn=<DivBackward0>)
42.62399968184282
tensor(7.7347e-05, device='cuda:0', dtype=torch.float64,
       grad_fn=<DivBackward0>)
Epoch: 340/ 10000/ t/epoch=1.45............. Loss: 0.51014800, mean(E): -41.98595375+0.00900636j, var(E): 1.32486819, Px: -0.00083654-0.42866713j, Py: -0.00105586-1.53876952j
42.67882718098208
tensor(0.0004, device='cuda:0', dtype=torch.float64, grad_fn=<DivBackward0>)
42.73351659476677
tensor(0.0009, device='cuda:0', dtype=torch.float64, grad_fn=<DivBackward0>)
42.78806861699739
tensor(0.0020, device='cuda:0', dtype=torch.float64, grad_fn=<DivBackward0>)
42.84248393625862
tensor(0.0002, device='cuda:0', dtype=torch.float64, grad_fn=<DivBackward0>)
42.896763235971456
tensor(0.0011, device='cuda:0', dtype=torch.float64, grad_fn=<DivBackward0>)
42.95090719444471
tensor(0.0001, device='cuda:0', dtype=torch.float64, grad_fn=<DivBackward0>)
43.0049164849259
tensor(0.0029, device='cuda:0', dtype=torch.float64, grad_fn=<DivBackward0>)
43.058791775651436
tensor(0.0001, device='cuda:0', dtype=torch.float64, grad_fn=<DivBackward0>)
43.11253372989625
tensor(0.0005, device='cuda:0', dtype=torch.float64, grad_fn=<DivBackward0>)
43.16614300602279
tensor(0.0016, device='cuda:0', dtype=torch.float64, grad_fn=<DivBackward0>)
Epoch: 350/ 10000/ t/epoch=1.45............. Loss: 0.15456906, mean(E): -42.12082095-0.00330856j, var(E): 0.72860934, Px: -0.00146419-0.42371599j, Py: 0.00582233-1.50104414j
43.219620257529435
tensor(0.0007, device='cuda:0', dtype=torch.float64, grad_fn=<DivBackward0>)
43.27296613309824
tensor(0.0007, device='cuda:0', dtype=torch.float64, grad_fn=<DivBackward0>)
43.32618127664218
tensor(0.0012, device='cuda:0', dtype=torch.float64, grad_fn=<DivBackward0>)
43.379266327351814
tensor(0.0008, device='cuda:0', dtype=torch.float64, grad_fn=<DivBackward0>)
43.43222191974129
tensor(4.1509e-05, device='cuda:0', dtype=torch.float64,
       grad_fn=<DivBackward0>)
43.4850486836939
tensor(0.0021, device='cuda:0', dtype=torch.float64, grad_fn=<DivBackward0>)
43.53774724450701
tensor(0.0009, device='cuda:0', dtype=torch.float64, grad_fn=<DivBackward0>)
43.59031822293647
tensor(0.0002, device='cuda:0', dtype=torch.float64, grad_fn=<DivBackward0>)
43.64276223524051
tensor(0.0001, device='cuda:0', dtype=torch.float64, grad_fn=<DivBackward0>)
43.695079893223074
tensor(8.7936e-05, device='cuda:0', dtype=torch.float64,
       grad_fn=<DivBackward0>)
Epoch: 360/ 10000/ t/epoch=1.45............. Loss: 0.50851718, mean(E): -42.15799248-0.01139565j, var(E): 0.83421327, Px: 0.00083637-0.44351937j, Py: 0.00114585-1.53249856j
43.74727180427659
tensor(0.0003, device='cuda:0', dtype=torch.float64, grad_fn=<DivBackward0>)
43.7993385714244
tensor(0.0018, device='cuda:0', dtype=torch.float64, grad_fn=<DivBackward0>)
43.85128079336244
tensor(0.0006, device='cuda:0', dtype=torch.float64, grad_fn=<DivBackward0>)
43.90309906450063
tensor(0.0006, device='cuda:0', dtype=torch.float64, grad_fn=<DivBackward0>)
43.95479397500364
tensor(0.0015, device='cuda:0', dtype=torch.float64, grad_fn=<DivBackward0>)
44.006366110831244
tensor(0.0015, device='cuda:0', dtype=torch.float64, grad_fn=<DivBackward0>)
44.05781605377818
tensor(1.5528e-06, device='cuda:0', dtype=torch.float64,
       grad_fn=<DivBackward0>)
44.1091443815135
tensor(0.0020, device='cuda:0', dtype=torch.float64, grad_fn=<DivBackward0>)
44.1603516676195
tensor(0.0048, device='cuda:0', dtype=torch.float64, grad_fn=<DivBackward0>)
44.211438481630196
tensor(2.7528e-06, device='cuda:0', dtype=torch.float64,
       grad_fn=<DivBackward0>)
Epoch: 370/ 10000/ t/epoch=1.45............. Loss: -0.04444187, mean(E): -42.10106751-0.00480311j, var(E): 2.06147527, Px: 0.00011778-0.43817707j, Py: 0.00021998-1.63039836j
44.26240538906931
tensor(0.0029, device='cuda:0', dtype=torch.float64, grad_fn=<DivBackward0>)
44.313252951487826
tensor(0.0049, device='cuda:0', dtype=torch.float64, grad_fn=<DivBackward0>)
44.36398172650116
tensor(0.0018, device='cuda:0', dtype=torch.float64, grad_fn=<DivBackward0>)
44.41459226782577
tensor(0.0007, device='cuda:0', dtype=torch.float64, grad_fn=<DivBackward0>)
44.46508512531551
tensor(0.0022, device='cuda:0', dtype=torch.float64, grad_fn=<DivBackward0>)
44.51546084499742
tensor(0.0030, device='cuda:0', dtype=torch.float64, grad_fn=<DivBackward0>)
44.56571996910716
tensor(1.3114e-05, device='cuda:0', dtype=torch.float64,
       grad_fn=<DivBackward0>)
44.615863036124026
tensor(0.0004, device='cuda:0', dtype=torch.float64, grad_fn=<DivBackward0>)
44.665890580805595
tensor(0.0016, device='cuda:0', dtype=torch.float64, grad_fn=<DivBackward0>)
44.71580313422192
tensor(0.0009, device='cuda:0', dtype=torch.float64, grad_fn=<DivBackward0>)
Epoch: 380/ 10000/ t/epoch=1.45............. Loss: 0.18029595, mean(E): -42.14830826+0.00140946j, var(E): 1.01430062, Px: -0.00460480-0.43003754j, Py: -0.00005540-1.54810154j
44.76560122378936
tensor(2.1216e-05, device='cuda:0', dtype=torch.float64,
       grad_fn=<DivBackward0>)
44.81528537330403
tensor(0.0024, device='cuda:0', dtype=torch.float64, grad_fn=<DivBackward0>)
44.86485610297483
tensor(0.0040, device='cuda:0', dtype=torch.float64, grad_fn=<DivBackward0>)
44.91431392945615
tensor(0.0011, device='cuda:0', dtype=torch.float64, grad_fn=<DivBackward0>)
44.96365936588019
tensor(0.0016, device='cuda:0', dtype=torch.float64, grad_fn=<DivBackward0>)
45.01289292188888
tensor(0.0025, device='cuda:0', dtype=torch.float64, grad_fn=<DivBackward0>)
45.06201510366546
tensor(7.9171e-05, device='cuda:0', dtype=torch.float64,
       grad_fn=<DivBackward0>)
45.11102641396573
tensor(0.0006, device='cuda:0', dtype=torch.float64, grad_fn=<DivBackward0>)
45.15992735214891
tensor(0.0003, device='cuda:0', dtype=torch.float64, grad_fn=<DivBackward0>)
45.20871841420818
tensor(0.0005, device='cuda:0', dtype=torch.float64, grad_fn=<DivBackward0>)
Epoch: 390/ 10000/ t/epoch=1.45............. Loss: -0.28876478, mean(E): -42.02086168-0.01897181j, var(E): 1.04548719, Px: -0.00130419-0.44803799j, Py: -0.00289709-1.52683808j
45.2574000928008
tensor(0.0010, device='cuda:0', dtype=torch.float64, grad_fn=<DivBackward0>)
45.30597287727808
tensor(0.0013, device='cuda:0', dtype=torch.float64, grad_fn=<DivBackward0>)
45.35443725371478
tensor(0.0070, device='cuda:0', dtype=torch.float64, grad_fn=<DivBackward0>)
45.40279370493835
tensor(0.0006, device='cuda:0', dtype=torch.float64, grad_fn=<DivBackward0>)
45.4510427105578
tensor(0.0023, device='cuda:0', dtype=torch.float64, grad_fn=<DivBackward0>)
45.499184746992206
tensor(0.0006, device='cuda:0', dtype=torch.float64, grad_fn=<DivBackward0>)
45.547220287498945
tensor(0.0014, device='cuda:0', dtype=torch.float64, grad_fn=<DivBackward0>)
45.59514980220165
tensor(0.0038, device='cuda:0', dtype=torch.float64, grad_fn=<DivBackward0>)
45.64297375811775
tensor(0.0010, device='cuda:0', dtype=torch.float64, grad_fn=<DivBackward0>)
45.69069261918584
tensor(0.0020, device='cuda:0', dtype=torch.float64, grad_fn=<DivBackward0>)
Epoch: 400/ 10000/ t/epoch=1.45............. Loss: 0.16018767, mean(E): -42.06737343+0.00175301j, var(E): 0.66267934, Px: -0.00665430-0.46909818j, Py: 0.00009787-1.55019423j
45.73830684629262
tensor(0.0040, device='cuda:0', dtype=torch.float64, grad_fn=<DivBackward0>)
45.78581689729969
tensor(9.1102e-05, device='cuda:0', dtype=torch.float64,
       grad_fn=<DivBackward0>)
45.83322322706986
tensor(0.0008, device='cuda:0', dtype=torch.float64, grad_fn=<DivBackward0>)
45.88052628749337
tensor(0.0022, device='cuda:0', dtype=torch.float64, grad_fn=<DivBackward0>)
45.92772652751368
tensor(0.0005, device='cuda:0', dtype=torch.float64, grad_fn=<DivBackward0>)
45.97482439315307
tensor(0.0004, device='cuda:0', dtype=torch.float64, grad_fn=<DivBackward0>)
46.02182032753793
tensor(0.0005, device='cuda:0', dtype=torch.float64, grad_fn=<DivBackward0>)
46.06871477092373
tensor(0.0011, device='cuda:0', dtype=torch.float64, grad_fn=<DivBackward0>)
46.1155081607198
tensor(0.0007, device='cuda:0', dtype=torch.float64, grad_fn=<DivBackward0>)
46.16220093151382
tensor(0.0001, device='cuda:0', dtype=torch.float64, grad_fn=<DivBackward0>)
Epoch: 410/ 10000/ t/epoch=1.45............. Loss: 0.05243913, mean(E): -42.11421636+0.01015407j, var(E): 0.94870306, Px: -0.00162111-0.44968707j, Py: -0.00008263-1.55305485j
46.20879351509604
tensor(0.0009, device='cuda:0', dtype=torch.float64, grad_fn=<DivBackward0>)
46.255286340483195
tensor(0.0008, device='cuda:0', dtype=torch.float64, grad_fn=<DivBackward0>)
46.30167983394223
tensor(0.0008, device='cuda:0', dtype=torch.float64, grad_fn=<DivBackward0>)
46.34797441901379
tensor(7.3109e-05, device='cuda:0', dtype=torch.float64,
       grad_fn=<DivBackward0>)
46.39417051653535
tensor(0.0019, device='cuda:0', dtype=torch.float64, grad_fn=<DivBackward0>)
46.44026854466421
tensor(0.0004, device='cuda:0', dtype=torch.float64, grad_fn=<DivBackward0>)
46.48626891890022
tensor(0.0002, device='cuda:0', dtype=torch.float64, grad_fn=<DivBackward0>)
46.53217205210822
tensor(0.0004, device='cuda:0', dtype=torch.float64, grad_fn=<DivBackward0>)
46.577978354540264
tensor(0.0005, device='cuda:0', dtype=torch.float64, grad_fn=<DivBackward0>)
46.623688233857656
tensor(0.0005, device='cuda:0', dtype=torch.float64, grad_fn=<DivBackward0>)
Epoch: 420/ 10000/ t/epoch=1.45............. Loss: 0.20796593, mean(E): -42.07895417+0.00152422j, var(E): 0.71801632, Px: 0.00299891-0.46911782j, Py: 0.00166247-1.50493922j
46.66930209515272
tensor(2.6055e-05, device='cuda:0', dtype=torch.float64,
       grad_fn=<DivBackward0>)
46.714820340970284
tensor(3.4268e-05, device='cuda:0', dtype=torch.float64,
       grad_fn=<DivBackward0>)
46.76024337132907
tensor(0.0003, device='cuda:0', dtype=torch.float64, grad_fn=<DivBackward0>)
46.80557158374271
tensor(0.0008, device='cuda:0', dtype=torch.float64, grad_fn=<DivBackward0>)
46.85080537324071
tensor(8.4264e-05, device='cuda:0', dtype=torch.float64,
       grad_fn=<DivBackward0>)
46.895945132389016
tensor(0.0003, device='cuda:0', dtype=torch.float64, grad_fn=<DivBackward0>)
46.940991251310514
tensor(0.0002, device='cuda:0', dtype=torch.float64, grad_fn=<DivBackward0>)
46.98594411770524
tensor(0.0002, device='cuda:0', dtype=torch.float64, grad_fn=<DivBackward0>)
47.030804116870385
tensor(3.1865e-05, device='cuda:0', dtype=torch.float64,
       grad_fn=<DivBackward0>)
47.07557163172015
tensor(8.2614e-05, device='cuda:0', dtype=torch.float64,
       grad_fn=<DivBackward0>)
Epoch: 430/ 10000/ t/epoch=1.45............. Loss: 0.11140005, mean(E): -42.17181368-0.01007755j, var(E): 1.32224545, Px: 0.00111132-0.46407788j, Py: -0.00072104-1.47417090j
47.12024704280534
tensor(0.0011, device='cuda:0', dtype=torch.float64, grad_fn=<DivBackward0>)
47.16483072833274
tensor(0.0022, device='cuda:0', dtype=torch.float64, grad_fn=<DivBackward0>)
47.209323064184375
tensor(0.0004, device='cuda:0', dtype=torch.float64, grad_fn=<DivBackward0>)
47.253724423936504
tensor(0.0007, device='cuda:0', dtype=torch.float64, grad_fn=<DivBackward0>)
47.29803517887843
tensor(0.0024, device='cuda:0', dtype=torch.float64, grad_fn=<DivBackward0>)
47.34225569803115
tensor(0.0026, device='cuda:0', dtype=torch.float64, grad_fn=<DivBackward0>)
47.38638634816578
tensor(0.0012, device='cuda:0', dtype=torch.float64, grad_fn=<DivBackward0>)
47.43042749382182
tensor(0.0004, device='cuda:0', dtype=torch.float64, grad_fn=<DivBackward0>)
47.47437949732519
tensor(0.0046, device='cuda:0', dtype=torch.float64, grad_fn=<DivBackward0>)
47.51824271880615
tensor(0.0015, device='cuda:0', dtype=torch.float64, grad_fn=<DivBackward0>)
Epoch: 440/ 10000/ t/epoch=1.45............. Loss: 0.81456400, mean(E): -42.18558225-0.00895130j, var(E): 1.82023628, Px: -0.00481732-0.44309170j, Py: 0.00300724-1.55484876j
47.56201751621701
tensor(0.0007, device='cuda:0', dtype=torch.float64, grad_fn=<DivBackward0>)
47.605704245349635
tensor(0.0022, device='cuda:0', dtype=torch.float64, grad_fn=<DivBackward0>)
47.64930325985277
tensor(0.0015, device='cuda:0', dtype=torch.float64, grad_fn=<DivBackward0>)
47.6928149112493
tensor(4.1628e-05, device='cuda:0', dtype=torch.float64,
       grad_fn=<DivBackward0>)
47.736239548953144
tensor(0.0018, device='cuda:0', dtype=torch.float64, grad_fn=<DivBackward0>)
47.77957752028622
tensor(0.0006, device='cuda:0', dtype=torch.float64, grad_fn=<DivBackward0>)
47.82282917049499
tensor(0.0001, device='cuda:0', dtype=torch.float64, grad_fn=<DivBackward0>)
47.86599484276704
tensor(0.0003, device='cuda:0', dtype=torch.float64, grad_fn=<DivBackward0>)
47.909074878247395
tensor(0.0003, device='cuda:0', dtype=torch.float64, grad_fn=<DivBackward0>)
47.95206961605468
tensor(0.0009, device='cuda:0', dtype=torch.float64, grad_fn=<DivBackward0>)
Epoch: 450/ 10000/ t/epoch=1.45............. Loss: 0.60765681, mean(E): -42.15815386-0.01777506j, var(E): 1.24472335, Px: -0.00184051-0.45907243j, Py: 0.00397113-1.47804882j
47.99497939329718
tensor(0.0002, device='cuda:0', dtype=torch.float64, grad_fn=<DivBackward0>)
48.03780454508864
tensor(0.0012, device='cuda:0', dtype=torch.float64, grad_fn=<DivBackward0>)
48.080545404564035
tensor(0.0014, device='cuda:0', dtype=torch.float64, grad_fn=<DivBackward0>)
48.123202302895066
tensor(0.0017, device='cuda:0', dtype=torch.float64, grad_fn=<DivBackward0>)
48.165775569305566
tensor(1.9330e-05, device='cuda:0', dtype=torch.float64,
       grad_fn=<DivBackward0>)
48.20826553108677
tensor(0.0015, device='cuda:0', dtype=torch.float64, grad_fn=<DivBackward0>)
48.2506725136124
tensor(0.0029, device='cuda:0', dtype=torch.float64, grad_fn=<DivBackward0>)
48.29299684035359
tensor(0.0006, device='cuda:0', dtype=torch.float64, grad_fn=<DivBackward0>)
48.33523883289373
tensor(0.0018, device='cuda:0', dtype=torch.float64, grad_fn=<DivBackward0>)
48.3773988109431
tensor(0.0019, device='cuda:0', dtype=torch.float64, grad_fn=<DivBackward0>)
Epoch: 460/ 10000/ t/epoch=1.45............. Loss: 0.51505744, mean(E): -42.27961034-0.00544034j, var(E): 1.20476811, Px: 0.00629554-0.43420471j, Py: 0.00060922-1.44176819j
48.41947709235341
tensor(0.0012, device='cuda:0', dtype=torch.float64, grad_fn=<DivBackward0>)
48.46147399313216
tensor(0.0017, device='cuda:0', dtype=torch.float64, grad_fn=<DivBackward0>)
48.50338982745686
tensor(0.0027, device='cuda:0', dtype=torch.float64, grad_fn=<DivBackward0>)
48.54522490768919
tensor(0.0021, device='cuda:0', dtype=torch.float64, grad_fn=<DivBackward0>)
48.58697954438892
tensor(0.0004, device='cuda:0', dtype=torch.float64, grad_fn=<DivBackward0>)
48.628654046327746
tensor(0.0019, device='cuda:0', dtype=torch.float64, grad_fn=<DivBackward0>)
48.67024872050303
tensor(0.0014, device='cuda:0', dtype=torch.float64, grad_fn=<DivBackward0>)
48.71176387215132
tensor(0.0032, device='cuda:0', dtype=torch.float64, grad_fn=<DivBackward0>)
48.753199804761806
tensor(0.0017, device='cuda:0', dtype=torch.float64, grad_fn=<DivBackward0>)
48.79455682008964
tensor(0.0022, device='cuda:0', dtype=torch.float64, grad_fn=<DivBackward0>)
Epoch: 470/ 10000/ t/epoch=1.45............. Loss: -0.14698184, mean(E): -42.04964140+0.00345383j, var(E): 1.11226032, Px: 0.00659870-0.45509998j, Py: -0.00146988-1.51862995j
48.835835218169116
tensor(0.0001, device='cuda:0', dtype=torch.float64, grad_fn=<DivBackward0>)
48.87703529732674
tensor(0.0002, device='cuda:0', dtype=torch.float64, grad_fn=<DivBackward0>)
48.91815735419415
tensor(0.0019, device='cuda:0', dtype=torch.float64, grad_fn=<DivBackward0>)
48.95920168372093
tensor(0.0003, device='cuda:0', dtype=torch.float64, grad_fn=<DivBackward0>)
49.00016857918732
tensor(6.0089e-05, device='cuda:0', dtype=torch.float64,
       grad_fn=<DivBackward0>)
49.04105833221678
tensor(0.0001, device='cuda:0', dtype=torch.float64, grad_fn=<DivBackward0>)
49.08187123278845
tensor(0.0002, device='cuda:0', dtype=torch.float64, grad_fn=<DivBackward0>)
49.12260756924948
tensor(0.0021, device='cuda:0', dtype=torch.float64, grad_fn=<DivBackward0>)
49.16326762832727
tensor(0.0007, device='cuda:0', dtype=torch.float64, grad_fn=<DivBackward0>)
49.203851695141545
tensor(8.0710e-06, device='cuda:0', dtype=torch.float64,
       grad_fn=<DivBackward0>)
Epoch: 480/ 10000/ t/epoch=1.45............. Loss: 0.25919045, mean(E): -42.18296138-0.00691892j, var(E): 0.67999532, Px: -0.00006693-0.43228887j, Py: 0.00039944-1.49989220j
49.24436005321638
tensor(0.0004, device='cuda:0', dtype=torch.float64, grad_fn=<DivBackward0>)
49.28479298449211
tensor(0.0018, device='cuda:0', dtype=torch.float64, grad_fn=<DivBackward0>)
49.32515076933702
tensor(0.0009, device='cuda:0', dtype=torch.float64, grad_fn=<DivBackward0>)
49.365433686559115
tensor(0.0009, device='cuda:0', dtype=torch.float64, grad_fn=<DivBackward0>)
49.40564201341759
tensor(0.0033, device='cuda:0', dtype=torch.float64, grad_fn=<DivBackward0>)
49.44577602563434
tensor(0.0015, device='cuda:0', dtype=torch.float64, grad_fn=<DivBackward0>)
49.48583599740524
tensor(0.0001, device='cuda:0', dtype=torch.float64, grad_fn=<DivBackward0>)
49.52582220141146
tensor(0.0017, device='cuda:0', dtype=torch.float64, grad_fn=<DivBackward0>)
49.565734908830535
tensor(0.0020, device='cuda:0', dtype=torch.float64, grad_fn=<DivBackward0>)
49.60557438934748
tensor(0.0006, device='cuda:0', dtype=torch.float64, grad_fn=<DivBackward0>)
Epoch: 490/ 10000/ t/epoch=1.45............. Loss: 0.37463425, mean(E): -42.06284367-0.00103157j, var(E): 0.70349818, Px: -0.00138222-0.40552443j, Py: 0.00326537-1.48952073j
49.645340911165626
tensor(0.0003, device='cuda:0', dtype=torch.float64, grad_fn=<DivBackward0>)
49.68503474101752
tensor(0.0006, device='cuda:0', dtype=torch.float64, grad_fn=<DivBackward0>)
49.72465614417562
tensor(0.0023, device='cuda:0', dtype=torch.float64, grad_fn=<DivBackward0>)
49.76420538446298
tensor(0.0009, device='cuda:0', dtype=torch.float64, grad_fn=<DivBackward0>)
49.803682724263766
tensor(0.0001, device='cuda:0', dtype=torch.float64, grad_fn=<DivBackward0>)
49.84308842453367
tensor(0.0001, device='cuda:0', dtype=torch.float64, grad_fn=<DivBackward0>)
49.882422744810306
tensor(0.0008, device='cuda:0', dtype=torch.float64, grad_fn=<DivBackward0>)
49.92168594322345
tensor(0.0019, device='cuda:0', dtype=torch.float64, grad_fn=<DivBackward0>)
49.96087827650518
tensor(0.0003, device='cuda:0', dtype=torch.float64, grad_fn=<DivBackward0>)
50.0
tensor(0.0009, device='cuda:0', dtype=torch.float64, grad_fn=<DivBackward0>)
Epoch: 500/ 10000/ t/epoch=1.45............. Loss: 0.53726021, mean(E): -42.09067242+0.00806338j, var(E): 1.58906127, Px: 0.00066228-0.46301191j, Py: 0.00416551-1.57090253j
50.03905136767478
tensor(0.0008, device='cuda:0', dtype=torch.float64, grad_fn=<DivBackward0>)
50.07803263212865
tensor(0.0003, device='cuda:0', dtype=torch.float64, grad_fn=<DivBackward0>)
50.11694404460283
tensor(0.0002, device='cuda:0', dtype=torch.float64, grad_fn=<DivBackward0>)
50.155785854990306
tensor(0.0021, device='cuda:0', dtype=torch.float64, grad_fn=<DivBackward0>)
50.194558311845526
tensor(0.0011, device='cuda:0', dtype=torch.float64, grad_fn=<DivBackward0>)
50.23326166239386
tensor(0.0007, device='cuda:0', dtype=torch.float64, grad_fn=<DivBackward0>)
50.2718961525411
tensor(0.0023, device='cuda:0', dtype=torch.float64, grad_fn=<DivBackward0>)
50.310462026882874
tensor(0.0007, device='cuda:0', dtype=torch.float64, grad_fn=<DivBackward0>)
50.34895952871384
tensor(9.1131e-05, device='cuda:0', dtype=torch.float64,
       grad_fn=<DivBackward0>)
50.387388900037
tensor(0.0002, device='cuda:0', dtype=torch.float64, grad_fn=<DivBackward0>)
Epoch: 510/ 10000/ t/epoch=1.45............. Loss: 0.13879211, mean(E): -42.06653757-0.01222751j, var(E): 0.78725335, Px: 0.00158542-0.43432702j, Py: -0.00113280-1.53617316j
50.42575038157274
tensor(0.0004, device='cuda:0', dtype=torch.float64, grad_fn=<DivBackward0>)
50.464044212767945
tensor(0.0010, device='cuda:0', dtype=torch.float64, grad_fn=<DivBackward0>)
50.502270631804926
tensor(0.0001, device='cuda:0', dtype=torch.float64, grad_fn=<DivBackward0>)
50.54042987561033
tensor(0.0005, device='cuda:0', dtype=torch.float64, grad_fn=<DivBackward0>)
50.5785221798639
tensor(0.0005, device='cuda:0', dtype=torch.float64, grad_fn=<DivBackward0>)
50.61654777900735
tensor(0.0006, device='cuda:0', dtype=torch.float64, grad_fn=<DivBackward0>)
50.65450690625279
tensor(1.0140e-05, device='cuda:0', dtype=torch.float64,
       grad_fn=<DivBackward0>)
50.69239979359157
tensor(0.0019, device='cuda:0', dtype=torch.float64, grad_fn=<DivBackward0>)
50.73022667180255
tensor(0.0025, device='cuda:0', dtype=torch.float64, grad_fn=<DivBackward0>)
50.76798777046071
tensor(0.0004, device='cuda:0', dtype=torch.float64, grad_fn=<DivBackward0>)
Epoch: 520/ 10000/ t/epoch=1.45............. Loss: 0.11856538, mean(E): -42.14239305+0.00387089j, var(E): 0.64495263, Px: -0.00005732-0.42247948j, Py: 0.00270280-1.53196386j
50.80568331794543
tensor(0.0003, device='cuda:0', dtype=torch.float64, grad_fn=<DivBackward0>)
50.84331354144875
tensor(8.5812e-05, device='cuda:0', dtype=torch.float64,
       grad_fn=<DivBackward0>)
50.880878666983676
tensor(0.0015, device='cuda:0', dtype=torch.float64, grad_fn=<DivBackward0>)
50.91837891939225
tensor(8.2371e-05, device='cuda:0', dtype=torch.float64,
       grad_fn=<DivBackward0>)
50.955814522353634
tensor(0.0005, device='cuda:0', dtype=torch.float64, grad_fn=<DivBackward0>)
50.993185698392175
tensor(0.0005, device='cuda:0', dtype=torch.float64, grad_fn=<DivBackward0>)
51.03049266888523
tensor(8.5830e-05, device='cuda:0', dtype=torch.float64,
       grad_fn=<DivBackward0>)
51.06773565407114
tensor(0.0027, device='cuda:0', dtype=torch.float64, grad_fn=<DivBackward0>)
51.10491487305702
tensor(0.0006, device='cuda:0', dtype=torch.float64, grad_fn=<DivBackward0>)
51.14203054382639
tensor(0.0001, device='cuda:0', dtype=torch.float64, grad_fn=<DivBackward0>)
Epoch: 530/ 10000/ t/epoch=1.45............. Loss: 0.17838653, mean(E): -42.13568537+0.02533835j, var(E): 0.90576878, Px: 0.00077950-0.45232496j, Py: 0.00144005-1.49111921j
51.179082883246984
tensor(7.6659e-05, device='cuda:0', dtype=torch.float64,
       grad_fn=<DivBackward0>)
51.21607210707825
tensor(2.2093e-05, device='cuda:0', dtype=torch.float64,
       grad_fn=<DivBackward0>)
51.252998429978945
tensor(0.0012, device='cuda:0', dtype=torch.float64, grad_fn=<DivBackward0>)
51.28986206551458
tensor(0.0006, device='cuda:0', dtype=torch.float64, grad_fn=<DivBackward0>)
51.32666322616484
tensor(0.0009, device='cuda:0', dtype=torch.float64, grad_fn=<DivBackward0>)
51.363402123330935
tensor(0.0004, device='cuda:0', dtype=torch.float64, grad_fn=<DivBackward0>)
51.400078967342886
tensor(0.0005, device='cuda:0', dtype=torch.float64, grad_fn=<DivBackward0>)
51.43669396746676
tensor(0.0002, device='cuda:0', dtype=torch.float64, grad_fn=<DivBackward0>)
51.4732473319118
tensor(0.0009, device='cuda:0', dtype=torch.float64, grad_fn=<DivBackward0>)
51.50973926783756
tensor(0.0003, device='cuda:0', dtype=torch.float64, grad_fn=<DivBackward0>)
Epoch: 540/ 10000/ t/epoch=1.45............. Loss: 0.11249096, mean(E): -42.15714757-0.01067915j, var(E): 0.92690690, Px: 0.00058036-0.44747630j, Py: 0.00234595-1.52105912j
51.54616998136095
tensor(0.0010, device='cuda:0', dtype=torch.float64, grad_fn=<DivBackward0>)
51.5825396775632
tensor(0.0003, device='cuda:0', dtype=torch.float64, grad_fn=<DivBackward0>)
51.61884856049681
tensor(6.8408e-08, device='cuda:0', dtype=torch.float64,
       grad_fn=<DivBackward0>)
51.655096833192395
tensor(0.0005, device='cuda:0', dtype=torch.float64, grad_fn=<DivBackward0>)
51.691284697665516
tensor(0.0003, device='cuda:0', dtype=torch.float64, grad_fn=<DivBackward0>)
51.727412354923445
tensor(0.0002, device='cuda:0', dtype=torch.float64, grad_fn=<DivBackward0>)
51.76348000497182
tensor(0.0010, device='cuda:0', dtype=torch.float64, grad_fn=<DivBackward0>)
51.79948784682132
tensor(0.0003, device='cuda:0', dtype=torch.float64, grad_fn=<DivBackward0>)
51.83543607849429
tensor(0.0014, device='cuda:0', dtype=torch.float64, grad_fn=<DivBackward0>)
51.87132489703118
tensor(0.0002, device='cuda:0', dtype=torch.float64, grad_fn=<DivBackward0>)
Epoch: 550/ 10000/ t/epoch=1.45............. Loss: 0.20452746, mean(E): -41.86272671-0.00904140j, var(E): 3.58255700, Px: 0.00133406-0.42848035j, Py: 0.00117767-1.51719316j
51.90715449849712
tensor(0.0011, device='cuda:0', dtype=torch.float64, grad_fn=<DivBackward0>)
51.94292507798829
tensor(0.0058, device='cuda:0', dtype=torch.float64, grad_fn=<DivBackward0>)
51.978636829638326
tensor(0.0015, device='cuda:0', dtype=torch.float64, grad_fn=<DivBackward0>)
52.014289946624594
tensor(0.0006, device='cuda:0', dtype=torch.float64, grad_fn=<DivBackward0>)
52.04988462117453
tensor(0.0005, device='cuda:0', dtype=torch.float64, grad_fn=<DivBackward0>)
52.0854210445718
tensor(0.0073, device='cuda:0', dtype=torch.float64, grad_fn=<DivBackward0>)
52.12089940716251
tensor(0.0058, device='cuda:0', dtype=torch.float64, grad_fn=<DivBackward0>)
52.15631989836128
tensor(0.0061, device='cuda:0', dtype=torch.float64, grad_fn=<DivBackward0>)
52.19168270665734
tensor(0.0013, device='cuda:0', dtype=torch.float64, grad_fn=<DivBackward0>)
52.22698801962055
tensor(0.0053, device='cuda:0', dtype=torch.float64, grad_fn=<DivBackward0>)
Epoch: 560/ 10000/ t/epoch=1.45............. Loss: -0.12407990, mean(E): -41.48092545+0.01193012j, var(E): 2.02994173, Px: -0.00990725-0.47096553j, Py: -0.00172889-1.48878477j
52.26223602390735
tensor(0.0051, device='cuda:0', dtype=torch.float64, grad_fn=<DivBackward0>)
52.29742690526671
tensor(0.0091, device='cuda:0', dtype=torch.float64, grad_fn=<DivBackward0>)
52.33256084854598
tensor(0.0023, device='cuda:0', dtype=torch.float64, grad_fn=<DivBackward0>)
52.36763803769671
tensor(0.0006, device='cuda:0', dtype=torch.float64, grad_fn=<DivBackward0>)
52.402658655780456
tensor(0.0108, device='cuda:0', dtype=torch.float64, grad_fn=<DivBackward0>)
52.43762288497449
tensor(0.0007, device='cuda:0', dtype=torch.float64, grad_fn=<DivBackward0>)
52.472530906577475
tensor(0.0631, device='cuda:0', dtype=torch.float64, grad_fn=<DivBackward0>)
52.50738290101518
tensor(0.0044, device='cuda:0', dtype=torch.float64, grad_fn=<DivBackward0>)
52.54217904784595
tensor(0.0272, device='cuda:0', dtype=torch.float64, grad_fn=<DivBackward0>)
52.57691952576637
tensor(0.0010, device='cuda:0', dtype=torch.float64, grad_fn=<DivBackward0>)
Epoch: 570/ 10000/ t/epoch=1.45............. Loss: -0.27695864, mean(E): -41.67747712-0.03502859j, var(E): 3.00168329, Px: 0.00390224-0.42953221j, Py: 0.00183641-1.51834534j
52.611604512616715
tensor(0.0205, device='cuda:0', dtype=torch.float64, grad_fn=<DivBackward0>)
52.64623418538643
tensor(0.0104, device='cuda:0', dtype=torch.float64, grad_fn=<DivBackward0>)
52.68080872021952
tensor(0.0090, device='cuda:0', dtype=torch.float64, grad_fn=<DivBackward0>)
52.71532829241998
tensor(0.0084, device='cuda:0', dtype=torch.float64, grad_fn=<DivBackward0>)
52.749793076457074
tensor(0.0193, device='cuda:0', dtype=torch.float64, grad_fn=<DivBackward0>)
52.78420324597066
tensor(0.0105, device='cuda:0', dtype=torch.float64, grad_fn=<DivBackward0>)
52.81855897377644
tensor(0.0121, device='cuda:0', dtype=torch.float64, grad_fn=<DivBackward0>)
52.85286043187112
tensor(0.0100, device='cuda:0', dtype=torch.float64, grad_fn=<DivBackward0>)
52.887107791437636
tensor(0.0144, device='cuda:0', dtype=torch.float64, grad_fn=<DivBackward0>)
52.92130122285027
tensor(0.0008, device='cuda:0', dtype=torch.float64, grad_fn=<DivBackward0>)
Epoch: 580/ 10000/ t/epoch=1.45............. Loss: -0.21235723, mean(E): -41.40745234+0.01068612j, var(E): 2.09610008, Px: 0.00126115-0.41344470j, Py: 0.00372779-1.48805456j
52.955440895679686
tensor(0.0079, device='cuda:0', dtype=torch.float64, grad_fn=<DivBackward0>)
52.989526978698045
tensor(0.0104, device='cuda:0', dtype=torch.float64, grad_fn=<DivBackward0>)
53.02355963988394
tensor(0.0006, device='cuda:0', dtype=torch.float64, grad_fn=<DivBackward0>)
53.057539046427436
tensor(0.0057, device='cuda:0', dtype=torch.float64, grad_fn=<DivBackward0>)
53.091465364734944
tensor(0.0078, device='cuda:0', dtype=torch.float64, grad_fn=<DivBackward0>)
53.12533876043415
tensor(0.0025, device='cuda:0', dtype=torch.float64, grad_fn=<DivBackward0>)
53.1591593983788
tensor(0.0019, device='cuda:0', dtype=torch.float64, grad_fn=<DivBackward0>)
53.192927442653584
tensor(0.0038, device='cuda:0', dtype=torch.float64, grad_fn=<DivBackward0>)
53.226643056578915
tensor(0.0018, device='cuda:0', dtype=torch.float64, grad_fn=<DivBackward0>)
53.2603064027156
tensor(0.0112, device='cuda:0', dtype=torch.float64, grad_fn=<DivBackward0>)
Epoch: 590/ 10000/ t/epoch=1.45............. Loss: 0.16774419, mean(E): -41.74329058+0.04637568j, var(E): 1.66565735, Px: 0.00116774-0.43471417j, Py: -0.01442525-1.45611491j
53.2939176428696
tensor(0.0011, device='cuda:0', dtype=torch.float64, grad_fn=<DivBackward0>)
53.32747693809669
tensor(0.0019, device='cuda:0', dtype=torch.float64, grad_fn=<DivBackward0>)
53.36098444870706
tensor(0.0009, device='cuda:0', dtype=torch.float64, grad_fn=<DivBackward0>)
53.394440334269945
tensor(0.0028, device='cuda:0', dtype=torch.float64, grad_fn=<DivBackward0>)
53.42784475361816
tensor(0.0025, device='cuda:0', dtype=torch.float64, grad_fn=<DivBackward0>)
53.461197864852636
tensor(0.0137, device='cuda:0', dtype=torch.float64, grad_fn=<DivBackward0>)
53.49449982534692
tensor(0.0021, device='cuda:0', dtype=torch.float64, grad_fn=<DivBackward0>)
53.527750791751586
tensor(0.0011, device='cuda:0', dtype=torch.float64, grad_fn=<DivBackward0>)
53.56095091999873
tensor(0.0010, device='cuda:0', dtype=torch.float64, grad_fn=<DivBackward0>)
53.594100365306275
tensor(0.0021, device='cuda:0', dtype=torch.float64, grad_fn=<DivBackward0>)
Epoch: 600/ 10000/ t/epoch=1.45............. Loss: -0.12745878, mean(E): -41.53630063-0.00148272j, var(E): 2.40586936, Px: -0.00574197-0.40164170j, Py: 0.00261122-1.56819231j
53.62719928218238
tensor(0.0023, device='cuda:0', dtype=torch.float64, grad_fn=<DivBackward0>)
53.660247824429774
tensor(0.0006, device='cuda:0', dtype=torch.float64, grad_fn=<DivBackward0>)
53.69324614514996
tensor(0.0023, device='cuda:0', dtype=torch.float64, grad_fn=<DivBackward0>)
53.726194396747594
tensor(0.0039, device='cuda:0', dtype=torch.float64, grad_fn=<DivBackward0>)
53.759092730934576
tensor(0.0035, device='cuda:0', dtype=torch.float64, grad_fn=<DivBackward0>)
53.79194129873436
tensor(0.0032, device='cuda:0', dtype=torch.float64, grad_fn=<DivBackward0>)
53.82474025048602
tensor(0.0040, device='cuda:0', dtype=torch.float64, grad_fn=<DivBackward0>)
53.85748973584845
tensor(0.0006, device='cuda:0', dtype=torch.float64, grad_fn=<DivBackward0>)
53.89018990380441
tensor(0.0008, device='cuda:0', dtype=torch.float64, grad_fn=<DivBackward0>)
53.922840902664625
tensor(0.0029, device='cuda:0', dtype=torch.float64, grad_fn=<DivBackward0>)
Epoch: 610/ 10000/ t/epoch=1.45............. Loss: -0.22039856, mean(E): -41.55337752+0.00677832j, var(E): 1.67069199, Px: 0.00725148-0.40943465j, Py: 0.00053154-1.42602777j
53.955442880071814
tensor(0.0012, device='cuda:0', dtype=torch.float64, grad_fn=<DivBackward0>)
53.98799598300465
tensor(0.0045, device='cuda:0', dtype=torch.float64, grad_fn=<DivBackward0>)
54.020500357781856
tensor(0.0013, device='cuda:0', dtype=torch.float64, grad_fn=<DivBackward0>)
54.05295615006598
tensor(0.0004, device='cuda:0', dtype=torch.float64, grad_fn=<DivBackward0>)
54.08536350486746
tensor(0.0050, device='cuda:0', dtype=torch.float64, grad_fn=<DivBackward0>)
54.117722566548444
tensor(0.0007, device='cuda:0', dtype=torch.float64, grad_fn=<DivBackward0>)
54.150033478826664
tensor(0.0008, device='cuda:0', dtype=torch.float64, grad_fn=<DivBackward0>)
54.182296384779235
tensor(0.0040, device='cuda:0', dtype=torch.float64, grad_fn=<DivBackward0>)
54.2145114268465
tensor(0.0008, device='cuda:0', dtype=torch.float64, grad_fn=<DivBackward0>)
54.246678746835805
tensor(0.0014, device='cuda:0', dtype=torch.float64, grad_fn=<DivBackward0>)
Epoch: 620/ 10000/ t/epoch=1.45............. Loss: -0.32928054, mean(E): -41.62655950-0.00334385j, var(E): 1.40064483, Px: 0.00499791-0.40162257j, Py: -0.00014725-1.46046575j
54.27879848592519
tensor(0.0003, device='cuda:0', dtype=torch.float64, grad_fn=<DivBackward0>)
54.31087078466715
tensor(0.0010, device='cuda:0', dtype=torch.float64, grad_fn=<DivBackward0>)
54.34289578299234
tensor(0.0157, device='cuda:0', dtype=torch.float64, grad_fn=<DivBackward0>)
54.37487362021318
tensor(0.0062, device='cuda:0', dtype=torch.float64, grad_fn=<DivBackward0>)
54.40680443502757
tensor(0.0025, device='cuda:0', dtype=torch.float64, grad_fn=<DivBackward0>)
54.438688365522395
tensor(0.0102, device='cuda:0', dtype=torch.float64, grad_fn=<DivBackward0>)
54.47052554917723
tensor(0.0058, device='cuda:0', dtype=torch.float64, grad_fn=<DivBackward0>)
54.50231612286779
tensor(0.0013, device='cuda:0', dtype=torch.float64, grad_fn=<DivBackward0>)
54.53406022286954
tensor(0.0051, device='cuda:0', dtype=torch.float64, grad_fn=<DivBackward0>)
54.56575798486114
tensor(0.0115, device='cuda:0', dtype=torch.float64, grad_fn=<DivBackward0>)
Epoch: 630/ 10000/ t/epoch=1.45............. Loss: 0.47409845, mean(E): -41.88173969-0.02708450j, var(E): 1.53127211, Px: -0.00992811-0.37561437j, Py: 0.01060205-1.50029802j
54.59740954392798
tensor(0.0065, device='cuda:0', dtype=torch.float64, grad_fn=<DivBackward0>)
54.629015034565555
tensor(0.0021, device='cuda:0', dtype=torch.float64, grad_fn=<DivBackward0>)
54.660574590683
tensor(0.0072, device='cuda:0', dtype=torch.float64, grad_fn=<DivBackward0>)
54.69208834560641
tensor(0.0036, device='cuda:0', dtype=torch.float64, grad_fn=<DivBackward0>)
54.72355643208224
tensor(0.0544, device='cuda:0', dtype=torch.float64, grad_fn=<DivBackward0>)
54.75497898228069
tensor(0.0012, device='cuda:0', dtype=torch.float64, grad_fn=<DivBackward0>)
54.78635612779898
tensor(0.0059, device='cuda:0', dtype=torch.float64, grad_fn=<DivBackward0>)
54.817687999664756
tensor(0.0679, device='cuda:0', dtype=torch.float64, grad_fn=<DivBackward0>)
54.84897472833923
tensor(0.0616, device='cuda:0', dtype=torch.float64, grad_fn=<DivBackward0>)
54.88021644372054
tensor(0.0447, device='cuda:0', dtype=torch.float64, grad_fn=<DivBackward0>)
Epoch: 640/ 10000/ t/epoch=1.45............. Loss: 0.31700205, mean(E): -41.70737425+0.01312530j, var(E): 1.01199974, Px: -0.02838354-0.37595311j, Py: -0.00306750-1.51430969j
54.911413275147005
tensor(0.0079, device='cuda:0', dtype=torch.float64, grad_fn=<DivBackward0>)
54.94256535140024
tensor(0.0373, device='cuda:0', dtype=torch.float64, grad_fn=<DivBackward0>)
54.97367280070843
tensor(0.0213, device='cuda:0', dtype=torch.float64, grad_fn=<DivBackward0>)
55.00473575074947
tensor(0.0034, device='cuda:0', dtype=torch.float64, grad_fn=<DivBackward0>)
55.035754328654086
tensor(0.0084, device='cuda:0', dtype=torch.float64, grad_fn=<DivBackward0>)
55.06672866100899
tensor(0.0023, device='cuda:0', dtype=torch.float64, grad_fn=<DivBackward0>)
55.09765887385998
tensor(0.0015, device='cuda:0', dtype=torch.float64, grad_fn=<DivBackward0>)
55.12854509271497
tensor(0.0329, device='cuda:0', dtype=torch.float64, grad_fn=<DivBackward0>)
55.159387442547136
tensor(0.0031, device='cuda:0', dtype=torch.float64, grad_fn=<DivBackward0>)
55.19018604779784
tensor(0.0023, device='cuda:0', dtype=torch.float64, grad_fn=<DivBackward0>)
Epoch: 650/ 10000/ t/epoch=1.45............. Loss: 0.10133214, mean(E): -41.63558564-0.00923130j, var(E): 1.51456852, Px: -0.00549041-0.38624825j, Py: 0.00348723-1.52291941j
55.220941032379734
tensor(0.0098, device='cuda:0', dtype=torch.float64, grad_fn=<DivBackward0>)
55.251652519679695
tensor(0.0081, device='cuda:0', dtype=torch.float64, grad_fn=<DivBackward0>)
55.28232063256181
tensor(0.0058, device='cuda:0', dtype=torch.float64, grad_fn=<DivBackward0>)
55.31294549337037
tensor(0.0150, device='cuda:0', dtype=torch.float64, grad_fn=<DivBackward0>)
55.343527223932696
tensor(0.0069, device='cuda:0', dtype=torch.float64, grad_fn=<DivBackward0>)
55.374065945562165
tensor(0.0006, device='cuda:0', dtype=torch.float64, grad_fn=<DivBackward0>)
55.40456177906101
tensor(0.0155, device='cuda:0', dtype=torch.float64, grad_fn=<DivBackward0>)
55.43501484472324
tensor(0.0088, device='cuda:0', dtype=torch.float64, grad_fn=<DivBackward0>)
55.465425262337455
tensor(0.0023, device='cuda:0', dtype=torch.float64, grad_fn=<DivBackward0>)
55.495793151189666
tensor(0.0066, device='cuda:0', dtype=torch.float64, grad_fn=<DivBackward0>)
Epoch: 660/ 10000/ t/epoch=1.45............. Loss: 0.02053299, mean(E): -41.71060425+0.00456177j, var(E): 2.13448141, Px: 0.00740107-0.43200102j, Py: 0.00804173-1.50330065j
55.52611863006616
tensor(0.0083, device='cuda:0', dtype=torch.float64, grad_fn=<DivBackward0>)
55.55640181725621
tensor(0.0089, device='cuda:0', dtype=torch.float64, grad_fn=<DivBackward0>)
55.5866428305549
tensor(0.0066, device='cuda:0', dtype=torch.float64, grad_fn=<DivBackward0>)
55.61684178726587
tensor(0.0032, device='cuda:0', dtype=torch.float64, grad_fn=<DivBackward0>)
55.646998804204
tensor(0.0029, device='cuda:0', dtype=torch.float64, grad_fn=<DivBackward0>)
55.67711399769819
tensor(0.0068, device='cuda:0', dtype=torch.float64, grad_fn=<DivBackward0>)
55.70718748359399
tensor(0.0052, device='cuda:0', dtype=torch.float64, grad_fn=<DivBackward0>)
55.737219377256295
tensor(0.0025, device='cuda:0', dtype=torch.float64, grad_fn=<DivBackward0>)
55.767209793572036
tensor(0.0041, device='cuda:0', dtype=torch.float64, grad_fn=<DivBackward0>)
55.797158846952755
tensor(0.0014, device='cuda:0', dtype=torch.float64, grad_fn=<DivBackward0>)
Epoch: 670/ 10000/ t/epoch=1.45............. Loss: -0.04706753, mean(E): -41.70220901+0.01104105j, var(E): 0.93390351, Px: 0.00070033-0.39425149j, Py: -0.00500065-1.58752004j
55.82706665133726
tensor(0.0017, device='cuda:0', dtype=torch.float64, grad_fn=<DivBackward0>)
55.85693332019426
tensor(0.0014, device='cuda:0', dtype=torch.float64, grad_fn=<DivBackward0>)
55.88675896652483
tensor(0.0002, device='cuda:0', dtype=torch.float64, grad_fn=<DivBackward0>)
55.91654370286513
tensor(0.0056, device='cuda:0', dtype=torch.float64, grad_fn=<DivBackward0>)
55.94628764128884
tensor(0.0041, device='cuda:0', dtype=torch.float64, grad_fn=<DivBackward0>)
55.97599089340973
tensor(0.0054, device='cuda:0', dtype=torch.float64, grad_fn=<DivBackward0>)
56.0056535703842
tensor(0.0031, device='cuda:0', dtype=torch.float64, grad_fn=<DivBackward0>)
56.03527578291369
tensor(0.0091, device='cuda:0', dtype=torch.float64, grad_fn=<DivBackward0>)
56.064857641247286
tensor(0.0056, device='cuda:0', dtype=torch.float64, grad_fn=<DivBackward0>)
56.09439925518406
tensor(0.0020, device='cuda:0', dtype=torch.float64, grad_fn=<DivBackward0>)
Epoch: 680/ 10000/ t/epoch=1.45............. Loss: -0.07093402, mean(E): -41.67700769-0.00176987j, var(E): 1.12089799, Px: -0.00602946-0.37442553j, Py: -0.00014063-1.46850577j
56.12390073407557
tensor(0.0042, device='cuda:0', dtype=torch.float64, grad_fn=<DivBackward0>)
56.15336218682832
tensor(0.0013, device='cuda:0', dtype=torch.float64, grad_fn=<DivBackward0>)
56.18278372190609
tensor(0.0004, device='cuda:0', dtype=torch.float64, grad_fn=<DivBackward0>)
56.21216544733244
tensor(0.0022, device='cuda:0', dtype=torch.float64, grad_fn=<DivBackward0>)
56.241507470692966
tensor(0.0018, device='cuda:0', dtype=torch.float64, grad_fn=<DivBackward0>)
56.27080989913777
tensor(0.0008, device='cuda:0', dtype=torch.float64, grad_fn=<DivBackward0>)
56.300072839383716
tensor(0.0020, device='cuda:0', dtype=torch.float64, grad_fn=<DivBackward0>)
56.32929639771691
tensor(0.0005, device='cuda:0', dtype=torch.float64, grad_fn=<DivBackward0>)
56.35848067999479
tensor(0.0003, device='cuda:0', dtype=torch.float64, grad_fn=<DivBackward0>)
56.38762579164867
tensor(0.0027, device='cuda:0', dtype=torch.float64, grad_fn=<DivBackward0>)
Epoch: 690/ 10000/ t/epoch=1.45............. Loss: -0.41309878, mean(E): -41.62196790-0.00110076j, var(E): 1.45512913, Px: 0.00330809-0.38444935j, Py: 0.00607912-1.54155022j
56.41673183768581
tensor(0.0003, device='cuda:0', dtype=torch.float64, grad_fn=<DivBackward0>)
56.44579892269185
tensor(0.0005, device='cuda:0', dtype=torch.float64, grad_fn=<DivBackward0>)
56.47482715083297
tensor(0.0018, device='cuda:0', dtype=torch.float64, grad_fn=<DivBackward0>)
56.50381662585819
tensor(0.0006, device='cuda:0', dtype=torch.float64, grad_fn=<DivBackward0>)
56.53276745110153
tensor(0.0009, device='cuda:0', dtype=torch.float64, grad_fn=<DivBackward0>)
56.56167972948427
tensor(0.0007, device='cuda:0', dtype=torch.float64, grad_fn=<DivBackward0>)
56.59055356351712
tensor(0.0008, device='cuda:0', dtype=torch.float64, grad_fn=<DivBackward0>)
56.619389055302435
tensor(0.0036, device='cuda:0', dtype=torch.float64, grad_fn=<DivBackward0>)
56.64818630653633
tensor(0.0011, device='cuda:0', dtype=torch.float64, grad_fn=<DivBackward0>)
56.67694541851087
tensor(0.0011, device='cuda:0', dtype=torch.float64, grad_fn=<DivBackward0>)
Epoch: 700/ 10000/ t/epoch=1.45............. Loss: -0.20478643, mean(E): -41.76733216+0.01119678j, var(E): 0.97892083, Px: 0.00131021-0.37767536j, Py: 0.00423706-1.51933511j
56.705666492116215
tensor(0.0019, device='cuda:0', dtype=torch.float64, grad_fn=<DivBackward0>)
56.734349627842676
tensor(0.0005, device='cuda:0', dtype=torch.float64, grad_fn=<DivBackward0>)
Traceback (most recent call last):
  File "run.py", line 108, in <module>
    batch_samples = model.sample(batchsize)
  File "/scratch/h/Hannah.Lange/PhD/ML/one_hole/square_tJz/momentum_calculations/model.py", line 298, in sample
    samples[nx][ny], sigma, hidden, num_up, num_dn, num_sites = self._gen_samples(nx, ny, direction, inputs, hidden_inputs, samples, num_samples, num, num_up, num_dn, num_sites)
  File "/scratch/h/Hannah.Lange/PhD/ML/one_hole/square_tJz/momentum_calculations/model.py", line 258, in _gen_samples
    sample = torch.multinomial(ampl, 1) 
RuntimeError: probability tensor contains either `inf`, `nan` or element < 0
