1.13.1+cu117
GPU is available
Namespace(Jp=1.0, Jz=1.0, U=1.0, t=8.0, density=0.95, Nx=20, Ny=1, kx=0.1, ky=0.0, bounds=1, boundsx=0, boundsy=1, load_model=1, sym=0.0, antisym=0.0, hd=70)
20 1 0.95 19
20x1_qubits/periodic_open/Jp=1.0Jz=1.0t=8.0den=0.95/
Use RNN cell with weight sharing.
Model parameters: 
rnn.W1: 58800
rnn.b1: 70
rnn.W2: 58800
rnn.b2: 70
rnn.Wmerge: 9800
lin1.weight: 210
lin1.bias: 3
lin2.weight: 210
lin2.bias: 3
Total number of parameters in the network: 127966
check if ../20x1_qubits/periodic_open/Jp=1.0Jz=1.0t=8.0den=0.95/model_params_h=70_no_antisym.pt exists.
load ../20x1_qubits/periodic_open/Jp=1.0Jz=1.0t=8.0den=0.95/model_params_h=70_no_antisym.pt
0.0774777800073995
0.0
tensor(0.0121, device='cuda:0', dtype=torch.float64, grad_fn=<MulBackward0>)
Epoch: 1/ 20000/ t/epoch=2.16............. Loss: -0.24626565, mean(E): -23.32076922+0.01352608j, var(E): 1.93115035, Px: 0.49504642-0.01262360j, Py: 0.00000000+0.00000000j
0.15359755409214232
0.0
tensor(0.0170, device='cuda:0', dtype=torch.float64, grad_fn=<MulBackward0>)
0.22840610876527823
0.0
tensor(0.0314, device='cuda:0', dtype=torch.float64, grad_fn=<MulBackward0>)
0.30194785356751236
0.0
tensor(0.0458, device='cuda:0', dtype=torch.float64, grad_fn=<MulBackward0>)
0.37426497940623665
0.0
tensor(0.0563, device='cuda:0', dtype=torch.float64, grad_fn=<MulBackward0>)
0.4453976039241098
0.0
tensor(0.0703, device='cuda:0', dtype=torch.float64, grad_fn=<MulBackward0>)
0.5153839051532738
0.0
tensor(0.0793, device='cuda:0', dtype=torch.float64, grad_fn=<MulBackward0>)
0.5842602445700535
0.0
tensor(0.0827, device='cuda:0', dtype=torch.float64, grad_fn=<MulBackward0>)
0.6520612805431191
0.0
tensor(0.0775, device='cuda:0', dtype=torch.float64, grad_fn=<MulBackward0>)
0.7188200730612537
0.0
tensor(0.0851, device='cuda:0', dtype=torch.float64, grad_fn=<MulBackward0>)
Epoch: 10/ 20000/ t/epoch=0.68............. Loss: 0.56859173, mean(E): -21.86750574+0.07511683j, var(E): 14.93790795, Px: 0.44417558-0.05123099j, Py: 0.00000000+0.00000000j
0.7845681805329257
0.0
tensor(0.0946, device='cuda:0', dtype=torch.float64, grad_fn=<MulBackward0>)
0.8493357493671614
0.0
tensor(0.1123, device='cuda:0', dtype=torch.float64, grad_fn=<MulBackward0>)
0.9131515969722288
0.0
tensor(0.1158, device='cuda:0', dtype=torch.float64, grad_fn=<MulBackward0>)
0.9760432887441088
0.0
tensor(0.1069, device='cuda:0', dtype=torch.float64, grad_fn=<MulBackward0>)
1.0380372095595687
0.0
tensor(0.1164, device='cuda:0', dtype=torch.float64, grad_fn=<MulBackward0>)
1.0991586302379333
0.0
tensor(0.1292, device='cuda:0', dtype=torch.float64, grad_fn=<MulBackward0>)
1.1594317693905514
0.0
tensor(0.1607, device='cuda:0', dtype=torch.float64, grad_fn=<MulBackward0>)
1.2188798510368115
0.0
tensor(0.1586, device='cuda:0', dtype=torch.float64, grad_fn=<MulBackward0>)
1.277525158329733
0.0
tensor(0.1762, device='cuda:0', dtype=torch.float64, grad_fn=<MulBackward0>)
1.3353890837021747
0.0
tensor(0.1728, device='cuda:0', dtype=torch.float64, grad_fn=<MulBackward0>)
Epoch: 20/ 20000/ t/epoch=0.68............. Loss: 1.16132703, mean(E): -22.19629755-0.09162528j, var(E): 14.55643161, Px: 0.45972191-0.07778191j, Py: 0.00000000+0.00000000j
1.3924921757160704
0.0
tensor(0.1674, device='cuda:0', dtype=torch.float64, grad_fn=<MulBackward0>)
1.4488541828714223
0.0
tensor(0.1657, device='cuda:0', dtype=torch.float64, grad_fn=<MulBackward0>)
1.5044940946088057
0.0
tensor(0.1621, device='cuda:0', dtype=torch.float64, grad_fn=<MulBackward0>)
1.5594301797183674
0.0
tensor(0.1313, device='cuda:0', dtype=torch.float64, grad_fn=<MulBackward0>)
1.6136800223497487
0.0
tensor(0.1426, device='cuda:0', dtype=torch.float64, grad_fn=<MulBackward0>)
1.6672605558005171
0.0
tensor(0.1538, device='cuda:0', dtype=torch.float64, grad_fn=<MulBackward0>)
1.7201880942455647
0.0
tensor(0.1068, device='cuda:0', dtype=torch.float64, grad_fn=<MulBackward0>)
1.7724783625562346
0.0
tensor(0.0498, device='cuda:0', dtype=torch.float64, grad_fn=<MulBackward0>)
1.8241465243455401
0.0
tensor(0.0349, device='cuda:0', dtype=torch.float64, grad_fn=<MulBackward0>)
1.875207208364631
0.0
tensor(0.0262, device='cuda:0', dtype=torch.float64, grad_fn=<MulBackward0>)
Epoch: 30/ 20000/ t/epoch=0.68............. Loss: -0.68122989, mean(E): -21.74803277-0.02981470j, var(E): 6.22489546, Px: 0.21812070-0.12422988j, Py: 0.00000000+0.00000000j
1.9256745333654568
0.0
tensor(0.0234, device='cuda:0', dtype=torch.float64, grad_fn=<MulBackward0>)
1.9755621315353653
0.0
tensor(0.0083, device='cuda:0', dtype=torch.float64, grad_fn=<MulBackward0>)
2.024883170600935
0.0
tensor(0.0046, device='cuda:0', dtype=torch.float64, grad_fn=<MulBackward0>)
2.0736503746907187
0.0
tensor(8.0782e-07, device='cuda:0', dtype=torch.float64,
       grad_fn=<MulBackward0>)
--- Start the countdown ---
2.1218760440395776
0.0
tensor(0.0002, device='cuda:0', dtype=torch.float64, grad_fn=<MulBackward0>)
2.1695720736109703
0.0
tensor(0.0013, device='cuda:0', dtype=torch.float64, grad_fn=<MulBackward0>)
2.2167499707076876
0.0
tensor(0.0033, device='cuda:0', dtype=torch.float64, grad_fn=<MulBackward0>)
2.2634208716363076
0.0
tensor(0.0055, device='cuda:0', dtype=torch.float64, grad_fn=<MulBackward0>)
2.309595557485691
0.0
tensor(0.0111, device='cuda:0', dtype=torch.float64, grad_fn=<MulBackward0>)
2.3552844690754893
0.0
tensor(0.0135, device='cuda:0', dtype=torch.float64, grad_fn=<MulBackward0>)
Epoch: 40/ 20000/ t/epoch=0.68............. Loss: -0.18657385, mean(E): -21.98722752-0.00284844j, var(E): 6.33239363, Px: 0.17568546-0.14889019j, Py: 0.00000000+0.00000000j
2.4004977211264764
0.0
tensor(0.0254, device='cuda:0', dtype=torch.float64, grad_fn=<MulBackward0>)
2.4452451157008377
0.0
tensor(0.0363, device='cuda:0', dtype=torch.float64, grad_fn=<MulBackward0>)
2.489536154957076
0.0
tensor(0.0376, device='cuda:0', dtype=torch.float64, grad_fn=<MulBackward0>)
2.533380053261064
0.0
tensor(0.0375, device='cuda:0', dtype=torch.float64, grad_fn=<MulBackward0>)
2.5767857486918455
0.0
tensor(0.0320, device='cuda:0', dtype=torch.float64, grad_fn=<MulBackward0>)
2.6197619139781256
0.0
tensor(0.0153, device='cuda:0', dtype=torch.float64, grad_fn=<MulBackward0>)
2.6623169668989326
0.0
tensor(0.0110, device='cuda:0', dtype=torch.float64, grad_fn=<MulBackward0>)
2.7044590801796256
0.0
tensor(0.0003, device='cuda:0', dtype=torch.float64, grad_fn=<MulBackward0>)
2.7461961909123813
0.0
tensor(0.0005, device='cuda:0', dtype=torch.float64, grad_fn=<MulBackward0>)
2.787536009528289
0.0
tensor(0.0056, device='cuda:0', dtype=torch.float64, grad_fn=<MulBackward0>)
Epoch: 50/ 20000/ t/epoch=0.68............. Loss: -0.82206876, mean(E): -22.15083228+0.11276418j, var(E): 6.87764937, Px: 0.14482591-0.22113211j, Py: 0.00000000+0.00000000j
2.8284860283464486
0.0
tensor(0.0044, device='cuda:0', dtype=torch.float64, grad_fn=<MulBackward0>)
2.8690535297237485
0.0
tensor(0.0005, device='cuda:0', dtype=torch.float64, grad_fn=<MulBackward0>)
2.9092455938275426
0.0
tensor(0.0040, device='cuda:0', dtype=torch.float64, grad_fn=<MulBackward0>)
2.9490691060519243
0.0
tensor(0.0004, device='cuda:0', dtype=torch.float64, grad_fn=<MulBackward0>)
2.9885307640970664
0.0
tensor(0.0032, device='cuda:0', dtype=torch.float64, grad_fn=<MulBackward0>)
3.0276370847298173
0.0
tensor(0.0105, device='cuda:0', dtype=torch.float64, grad_fn=<MulBackward0>)
3.066394410242616
0.0
tensor(0.0029, device='cuda:0', dtype=torch.float64, grad_fn=<MulBackward0>)
3.1048089146267515
0.0
tensor(0.0039, device='cuda:0', dtype=torch.float64, grad_fn=<MulBackward0>)
3.142886609474978
0.0
tensor(0.0023, device='cuda:0', dtype=torch.float64, grad_fn=<MulBackward0>)
3.1806333496276156
0.0
tensor(0.0098, device='cuda:0', dtype=torch.float64, grad_fn=<MulBackward0>)
Epoch: 60/ 20000/ t/epoch=0.68............. Loss: -0.64180295, mean(E): -22.41592072-0.10283443j, var(E): 6.41756101, Px: 0.15541925-0.23443516j, Py: 0.00000000+0.00000000j
3.2180548385753904
0.0
tensor(0.0014, device='cuda:0', dtype=torch.float64, grad_fn=<MulBackward0>)
3.255156633631482
0.0
tensor(0.0085, device='cuda:0', dtype=torch.float64, grad_fn=<MulBackward0>)
3.29194415088451
0.0
tensor(0.0151, device='cuda:0', dtype=torch.float64, grad_fn=<MulBackward0>)
3.328422669943516
0.0
tensor(0.0161, device='cuda:0', dtype=torch.float64, grad_fn=<MulBackward0>)
3.364597338485295
0.0
tensor(0.0002, device='cuda:0', dtype=torch.float64, grad_fn=<MulBackward0>)
3.4004731766139313
0.0
tensor(0.0013, device='cuda:0', dtype=torch.float64, grad_fn=<MulBackward0>)
3.436055081041718
0.0
tensor(0.0029, device='cuda:0', dtype=torch.float64, grad_fn=<MulBackward0>)
3.4713478291001993
0.0
tensor(0.0049, device='cuda:0', dtype=torch.float64, grad_fn=<MulBackward0>)
3.5063560825895435
0.0
tensor(0.0058, device='cuda:0', dtype=torch.float64, grad_fn=<MulBackward0>)
3.5410843914740084
0.0
tensor(0.0012, device='cuda:0', dtype=torch.float64, grad_fn=<MulBackward0>)
Epoch: 70/ 20000/ t/epoch=0.67............. Loss: 0.31352676, mean(E): -22.60627304+0.07175340j, var(E): 3.44266503, Px: 0.08131953-0.32435889j, Py: 0.00000000+0.00000000j
3.575537197430816
0.0
tensor(0.0085, device='cuda:0', dtype=torch.float64, grad_fn=<MulBackward0>)
3.6097188372593596
0.0
tensor(0.0476, device='cuda:0', dtype=torch.float64, grad_fn=<MulBackward0>)
3.6436335461573077
0.0
tensor(0.0124, device='cuda:0', dtype=torch.float64, grad_fn=<MulBackward0>)
3.677285460869765
0.0
tensor(0.0052, device='cuda:0', dtype=torch.float64, grad_fn=<MulBackward0>)
3.7106786227173627
0.0
tensor(0.0157, device='cuda:0', dtype=torch.float64, grad_fn=<MulBackward0>)
3.7438169805088224
0.0
tensor(0.0072, device='cuda:0', dtype=torch.float64, grad_fn=<MulBackward0>)
3.776704393343231
0.0
tensor(0.0005, device='cuda:0', dtype=torch.float64, grad_fn=<MulBackward0>)
3.809344633307019
0.0
tensor(0.0004, device='cuda:0', dtype=torch.float64, grad_fn=<MulBackward0>)
3.841741388070334
0.0
tensor(0.0044, device='cuda:0', dtype=torch.float64, grad_fn=<MulBackward0>)
3.8738982633872943
0.0
tensor(2.0556e-06, device='cuda:0', dtype=torch.float64,
       grad_fn=<MulBackward0>)
Epoch: 80/ 20000/ t/epoch=0.68............. Loss: 1.22251764, mean(E): -22.42698341-0.04926302j, var(E): 5.25370477, Px: 0.09927157-0.31135703j, Py: 0.00000000+0.00000000j
3.905818785504353
0.0
tensor(0.0195, device='cuda:0', dtype=torch.float64, grad_fn=<MulBackward0>)
3.937506403480804
0.0
tensor(0.0049, device='cuda:0', dtype=torch.float64, grad_fn=<MulBackward0>)
3.9689644914252376
0.0
tensor(0.0260, device='cuda:0', dtype=torch.float64, grad_fn=<MulBackward0>)
4.000196350651585
0.0
tensor(0.0001, device='cuda:0', dtype=torch.float64, grad_fn=<MulBackward0>)
4.03120521175818
0.0
tensor(0.0187, device='cuda:0', dtype=torch.float64, grad_fn=<MulBackward0>)
4.0619942366331285
0.0
tensor(0.0436, device='cuda:0', dtype=torch.float64, grad_fn=<MulBackward0>)
4.092566520389097
0.0
tensor(0.0052, device='cuda:0', dtype=torch.float64, grad_fn=<MulBackward0>)
4.1229250932304655
0.0
tensor(0.0044, device='cuda:0', dtype=torch.float64, grad_fn=<MulBackward0>)
4.153072922255675
0.0
tensor(0.0308, device='cuda:0', dtype=torch.float64, grad_fn=<MulBackward0>)
4.183012913197455
0.0
tensor(0.0192, device='cuda:0', dtype=torch.float64, grad_fn=<MulBackward0>)
Epoch: 90/ 20000/ t/epoch=0.67............. Loss: 1.34583337, mean(E): -22.47115980-0.04371082j, var(E): 3.49438393, Px: -0.03219497-0.31807047j, Py: 0.00000000+0.00000000j
4.212747912103465
0.0
tensor(0.0190, device='cuda:0', dtype=torch.float64, grad_fn=<MulBackward0>)
4.242280706959798
0.0
tensor(0.0566, device='cuda:0', dtype=torch.float64, grad_fn=<MulBackward0>)
4.271614029259656
0.0
tensor(0.0350, device='cuda:0', dtype=torch.float64, grad_fn=<MulBackward0>)
4.300750555519393
0.0
tensor(0.0004, device='cuda:0', dtype=torch.float64, grad_fn=<MulBackward0>)
4.329692908744057
0.0
tensor(0.0026, device='cuda:0', dtype=torch.float64, grad_fn=<MulBackward0>)
4.358443659844412
0.0
tensor(0.0008, device='cuda:0', dtype=torch.float64, grad_fn=<MulBackward0>)
4.387005329007363
0.0
tensor(0.0086, device='cuda:0', dtype=torch.float64, grad_fn=<MulBackward0>)
4.415380387021608
0.0
tensor(0.0314, device='cuda:0', dtype=torch.float64, grad_fn=<MulBackward0>)
4.443571256560276
0.0
tensor(0.0293, device='cuda:0', dtype=torch.float64, grad_fn=<MulBackward0>)
4.4715803134221925
0.0
tensor(0.0138, device='cuda:0', dtype=torch.float64, grad_fn=<MulBackward0>)
Epoch: 100/ 20000/ t/epoch=0.68............. Loss: 1.84626781, mean(E): -22.39413917-0.08047784j, var(E): 5.99196888, Px: -0.04446984-0.37306380j, Py: 0.00000000+0.00000000j
4.499409887733377
0.0
tensor(0.0011, device='cuda:0', dtype=torch.float64, grad_fn=<MulBackward0>)
4.52706226511029
0.0
tensor(0.0129, device='cuda:0', dtype=torch.float64, grad_fn=<MulBackward0>)
4.554539687786281
0.0
tensor(0.0357, device='cuda:0', dtype=torch.float64, grad_fn=<MulBackward0>)
4.581844355702628
0.0
tensor(0.0186, device='cuda:0', dtype=torch.float64, grad_fn=<MulBackward0>)
4.608978427565478
0.0
tensor(8.7918e-05, device='cuda:0', dtype=torch.float64,
       grad_fn=<MulBackward0>)
4.635944021870002
0.0
tensor(1.4071e-05, device='cuda:0', dtype=torch.float64,
       grad_fn=<MulBackward0>)
4.6627432178929205
0.0
tensor(0.0005, device='cuda:0', dtype=torch.float64, grad_fn=<MulBackward0>)
4.689378056654612
0.0
tensor(0.0142, device='cuda:0', dtype=torch.float64, grad_fn=<MulBackward0>)
4.715850541851896
0.0
tensor(0.0199, device='cuda:0', dtype=torch.float64, grad_fn=<MulBackward0>)
4.742162640762553
0.0
tensor(0.0288, device='cuda:0', dtype=torch.float64, grad_fn=<MulBackward0>)
Epoch: 110/ 20000/ t/epoch=0.68............. Loss: 0.10534446, mean(E): -22.41573154+0.10052502j, var(E): 5.58548281, Px: 0.02211293-0.38638227j, Py: 0.00000000+0.00000000j
4.768316285122607
0.0
tensor(0.0167, device='cuda:0', dtype=torch.float64, grad_fn=<MulBackward0>)
4.794313371977364
0.0
tensor(0.0239, device='cuda:0', dtype=torch.float64, grad_fn=<MulBackward0>)
4.820155764507117
0.0
tensor(0.0430, device='cuda:0', dtype=torch.float64, grad_fn=<MulBackward0>)
4.845845292828429
0.0
tensor(0.0282, device='cuda:0', dtype=torch.float64, grad_fn=<MulBackward0>)
4.871383754771864
0.0
tensor(0.0002, device='cuda:0', dtype=torch.float64, grad_fn=<MulBackward0>)
4.896772916636985
0.0
tensor(3.5127e-05, device='cuda:0', dtype=torch.float64,
       grad_fn=<MulBackward0>)
4.922014513925397
0.0
tensor(0.0062, device='cuda:0', dtype=torch.float64, grad_fn=<MulBackward0>)
4.947110252052627
0.0
tensor(0.0153, device='cuda:0', dtype=torch.float64, grad_fn=<MulBackward0>)
4.972061807039545
0.0
tensor(0.0034, device='cuda:0', dtype=torch.float64, grad_fn=<MulBackward0>)
4.996870826184038
0.0
tensor(0.0009, device='cuda:0', dtype=torch.float64, grad_fn=<MulBackward0>)
Epoch: 120/ 20000/ t/epoch=0.68............. Loss: -3.58108344, mean(E): -22.39710249-0.02058888j, var(E): 4.22284461, Px: -0.08672344-0.31087625j, Py: 0.00000000+0.00000000j
5.021538928713607
0.0
tensor(0.0236, device='cuda:0', dtype=torch.float64, grad_fn=<MulBackward0>)
5.046067706419538
0.0
tensor(0.0326, device='cuda:0', dtype=torch.float64, grad_fn=<MulBackward0>)
5.070458724273257
0.0
tensor(1.8253e-07, device='cuda:0', dtype=torch.float64,
       grad_fn=<MulBackward0>)
5.0947135210254855
0.0
tensor(0.0350, device='cuda:0', dtype=torch.float64, grad_fn=<MulBackward0>)
5.118833609788744
0.0
tensor(0.0238, device='cuda:0', dtype=torch.float64, grad_fn=<MulBackward0>)
5.1428204786037774
0.0
tensor(0.0008, device='cuda:0', dtype=torch.float64, grad_fn=<MulBackward0>)
5.16667559099043
0.0
tensor(0.0020, device='cuda:0', dtype=torch.float64, grad_fn=<MulBackward0>)
5.190400386483446
0.0
tensor(0.0151, device='cuda:0', dtype=torch.float64, grad_fn=<MulBackward0>)
5.213996281153756
0.0
tensor(0.0083, device='cuda:0', dtype=torch.float64, grad_fn=<MulBackward0>)
5.237464668115645
0.0
tensor(0.0460, device='cuda:0', dtype=torch.float64, grad_fn=<MulBackward0>)
Epoch: 130/ 20000/ t/epoch=0.68............. Loss: 1.12927642, mean(E): -22.66289397+0.11392181j, var(E): 5.61434214, Px: -0.19371254-0.37334141j, Py: 0.00000000+0.00000000j
5.2608069180203
0.0
tensor(0.0103, device='cuda:0', dtype=torch.float64, grad_fn=<MulBackward0>)
5.284024379536174
0.0
tensor(0.0016, device='cuda:0', dtype=torch.float64, grad_fn=<MulBackward0>)
5.30711837981657
0.0
tensor(0.0084, device='cuda:0', dtype=torch.float64, grad_fn=<MulBackward0>)
5.330090224954854
0.0
tensor(0.0097, device='cuda:0', dtype=torch.float64, grad_fn=<MulBackward0>)
5.352941200427706
0.0
tensor(0.0244, device='cuda:0', dtype=torch.float64, grad_fn=<MulBackward0>)
5.375672571526752
0.0
tensor(0.0325, device='cuda:0', dtype=torch.float64, grad_fn=<MulBackward0>)
5.398285583778982
0.0
tensor(0.0156, device='cuda:0', dtype=torch.float64, grad_fn=<MulBackward0>)
5.420781463356255
0.0
tensor(0.0029, device='cuda:0', dtype=torch.float64, grad_fn=<MulBackward0>)
5.443161417474273
0.0
tensor(0.0012, device='cuda:0', dtype=torch.float64, grad_fn=<MulBackward0>)
5.465426634781311
0.0
tensor(0.0011, device='cuda:0', dtype=torch.float64, grad_fn=<MulBackward0>)
Epoch: 140/ 20000/ t/epoch=0.68............. Loss: 1.84922084, mean(E): -22.62271808-0.06794025j, var(E): 3.86227641, Px: 0.08608486-0.44481428j, Py: 0.00000000+0.00000000j
5.487578285737042
0.0
tensor(0.0141, device='cuda:0', dtype=torch.float64, grad_fn=<MulBackward0>)
5.509617522981761
0.0
tensor(0.0018, device='cuda:0', dtype=torch.float64, grad_fn=<MulBackward0>)
5.531545481696254
0.0
tensor(0.0029, device='cuda:0', dtype=torch.float64, grad_fn=<MulBackward0>)
5.553363279952668
0.0
tensor(0.0035, device='cuda:0', dtype=torch.float64, grad_fn=<MulBackward0>)
5.575072019056579
0.0
tensor(0.0024, device='cuda:0', dtype=torch.float64, grad_fn=<MulBackward0>)
5.596672783880576
0.0
tensor(0.0067, device='cuda:0', dtype=torch.float64, grad_fn=<MulBackward0>)
5.618166643189575
0.0
tensor(9.7169e-06, device='cuda:0', dtype=torch.float64,
       grad_fn=<MulBackward0>)
5.639554649958129
0.0
tensor(0.0157, device='cuda:0', dtype=torch.float64, grad_fn=<MulBackward0>)
5.6608378416799585
0.0
tensor(0.0209, device='cuda:0', dtype=torch.float64, grad_fn=<MulBackward0>)
5.68201724066995
0.0
tensor(0.0168, device='cuda:0', dtype=torch.float64, grad_fn=<MulBackward0>)
Epoch: 150/ 20000/ t/epoch=0.68............. Loss: -0.73625033, mean(E): -22.62382527+0.05523901j, var(E): 2.20086674, Px: 0.15434013-0.32707478j, Py: 0.00000000+0.00000000j
5.703093854358798
0.0
tensor(0.0327, device='cuda:0', dtype=torch.float64, grad_fn=<MulBackward0>)
5.724068675580558
0.0
tensor(0.0077, device='cuda:0', dtype=torch.float64, grad_fn=<MulBackward0>)
5.744942682853276
0.0
tensor(0.0004, device='cuda:0', dtype=torch.float64, grad_fn=<MulBackward0>)
5.7657168406529085
0.0
tensor(0.0064, device='cuda:0', dtype=torch.float64, grad_fn=<MulBackward0>)
5.786392099680723
0.0
tensor(0.0018, device='cuda:0', dtype=torch.float64, grad_fn=<MulBackward0>)
5.806969397124368
0.0
tensor(0.0031, device='cuda:0', dtype=torch.float64, grad_fn=<MulBackward0>)
5.827449656912771
0.0
tensor(0.0052, device='cuda:0', dtype=torch.float64, grad_fn=<MulBackward0>)
5.847833789965078
0.0
tensor(0.0186, device='cuda:0', dtype=torch.float64, grad_fn=<MulBackward0>)
5.86812269443376
0.0
tensor(0.0038, device='cuda:0', dtype=torch.float64, grad_fn=<MulBackward0>)
5.888317255942073
0.0
tensor(0.0322, device='cuda:0', dtype=torch.float64, grad_fn=<MulBackward0>)
Epoch: 160/ 20000/ t/epoch=0.67............. Loss: -1.11532644, mean(E): -22.61933004+0.01040763j, var(E): 4.35939943, Px: 0.02602808-0.35587493j, Py: 0.00000000+0.00000000j
5.908418347816027
0.0
tensor(0.0076, device='cuda:0', dtype=torch.float64, grad_fn=<MulBackward0>)
5.928426831311002
0.0
tensor(0.0036, device='cuda:0', dtype=torch.float64, grad_fn=<MulBackward0>)
5.94834355583318
0.0
tensor(0.0777, device='cuda:0', dtype=torch.float64, grad_fn=<MulBackward0>)
5.968169359155905
0.0
tensor(7.0931e-06, device='cuda:0', dtype=torch.float64,
       grad_fn=<MulBackward0>)
5.987905067631151
0.0
tensor(0.0034, device='cuda:0', dtype=torch.float64, grad_fn=<MulBackward0>)
6.0075514963961805
0.0
tensor(0.0013, device='cuda:0', dtype=torch.float64, grad_fn=<MulBackward0>)
6.027109449575575
0.0
tensor(0.0079, device='cuda:0', dtype=torch.float64, grad_fn=<MulBackward0>)
6.04657972047871
0.0
tensor(0.0038, device='cuda:0', dtype=torch.float64, grad_fn=<MulBackward0>)
6.065963091792852
0.0
tensor(0.0196, device='cuda:0', dtype=torch.float64, grad_fn=<MulBackward0>)
6.085260335771942
0.0
tensor(0.0047, device='cuda:0', dtype=torch.float64, grad_fn=<MulBackward0>)
Epoch: 170/ 20000/ t/epoch=0.68............. Loss: 0.52618215, mean(E): -22.66390753+0.13566987j, var(E): 3.90446856, Px: 0.12774420-0.42208133j, Py: 0.00000000+0.00000000j
6.104472214421212
0.0
tensor(0.0080, device='cuda:0', dtype=torch.float64, grad_fn=<MulBackward0>)
6.123599479677743
0.0
tensor(0.0022, device='cuda:0', dtype=torch.float64, grad_fn=<MulBackward0>)
6.142642873587052
0.0
tensor(0.0008, device='cuda:0', dtype=torch.float64, grad_fn=<MulBackward0>)
6.16160312847583
0.0
tensor(8.6457e-05, device='cuda:0', dtype=torch.float64,
       grad_fn=<MulBackward0>)
6.180480967120927
0.0
tensor(0.0566, device='cuda:0', dtype=torch.float64, grad_fn=<MulBackward0>)
6.199277102914681
0.0
tensor(0.0401, device='cuda:0', dtype=torch.float64, grad_fn=<MulBackward0>)
6.2179922400266765
0.0
tensor(0.0072, device='cuda:0', dtype=torch.float64, grad_fn=<MulBackward0>)
6.236627073562047
0.0
tensor(0.0007, device='cuda:0', dtype=torch.float64, grad_fn=<MulBackward0>)
6.255182289716376
0.0
tensor(0.0514, device='cuda:0', dtype=torch.float64, grad_fn=<MulBackward0>)
6.273658565927327
0.0
tensor(0.0375, device='cuda:0', dtype=torch.float64, grad_fn=<MulBackward0>)
Epoch: 180/ 20000/ t/epoch=0.68............. Loss: -1.73580831, mean(E): -22.49710384+0.01430869j, var(E): 3.45848606, Px: -0.17729505-0.27817021j, Py: 0.00000000+0.00000000j
6.292056571023038
0.0
tensor(0.0728, device='cuda:0', dtype=torch.float64, grad_fn=<MulBackward0>)
6.310376965367404
0.0
tensor(0.0696, device='cuda:0', dtype=torch.float64, grad_fn=<MulBackward0>)
6.3286204010023
0.0
tensor(0.0237, device='cuda:0', dtype=torch.float64, grad_fn=<MulBackward0>)
6.346787521786822
0.0
tensor(0.0144, device='cuda:0', dtype=torch.float64, grad_fn=<MulBackward0>)
6.364878963533655
0.0
tensor(0.0572, device='cuda:0', dtype=torch.float64, grad_fn=<MulBackward0>)
6.382895354142569
0.0
tensor(0.0288, device='cuda:0', dtype=torch.float64, grad_fn=<MulBackward0>)
6.400837313731204
0.0
tensor(0.0028, device='cuda:0', dtype=torch.float64, grad_fn=<MulBackward0>)
6.418705454763128
0.0
tensor(0.0115, device='cuda:0', dtype=torch.float64, grad_fn=<MulBackward0>)
6.436500382173291
0.0
tensor(0.0046, device='cuda:0', dtype=torch.float64, grad_fn=<MulBackward0>)
6.454222693490919
0.0
tensor(0.0023, device='cuda:0', dtype=torch.float64, grad_fn=<MulBackward0>)
Epoch: 190/ 20000/ t/epoch=0.68............. Loss: 3.08642344, mean(E): -22.15541928+0.03892135j, var(E): 7.39902095, Px: 0.11877220-0.27305885j, Py: 0.00000000+0.00000000j
6.471872978959896
0.0
tensor(5.6970e-05, device='cuda:0', dtype=torch.float64,
       grad_fn=<MulBackward0>)
6.489451821656724
0.0
tensor(0.0187, device='cuda:0', dtype=torch.float64, grad_fn=<MulBackward0>)
6.506959797606109
0.0
tensor(2.2104e-05, device='cuda:0', dtype=torch.float64,
       grad_fn=<MulBackward0>)
6.524397475894201
0.0
tensor(0.0018, device='cuda:0', dtype=torch.float64, grad_fn=<MulBackward0>)
6.541765418779605
0.0
tensor(0.0036, device='cuda:0', dtype=torch.float64, grad_fn=<MulBackward0>)
6.559064181802151
0.0
tensor(9.4066e-05, device='cuda:0', dtype=torch.float64,
       grad_fn=<MulBackward0>)
6.57629431388952
0.0
tensor(0.0008, device='cuda:0', dtype=torch.float64, grad_fn=<MulBackward0>)
6.59345635746177
0.0
tensor(0.0178, device='cuda:0', dtype=torch.float64, grad_fn=<MulBackward0>)
6.610550848533787
0.0
tensor(0.0020, device='cuda:0', dtype=torch.float64, grad_fn=<MulBackward0>)
6.627578316815741
0.0
tensor(0.0002, device='cuda:0', dtype=torch.float64, grad_fn=<MulBackward0>)
Epoch: 200/ 20000/ t/epoch=0.68............. Loss: -0.13795497, mean(E): -22.63831709-0.01169908j, var(E): 5.84325287, Px: 0.09435066-0.30369214j, Py: 0.00000000+0.00000000j
6.644539285811576
0.0
tensor(0.0039, device='cuda:0', dtype=torch.float64, grad_fn=<MulBackward0>)
6.661434272915584
0.0
tensor(0.0038, device='cuda:0', dtype=torch.float64, grad_fn=<MulBackward0>)
6.6782637895071115
0.0
tensor(0.0312, device='cuda:0', dtype=torch.float64, grad_fn=<MulBackward0>)
6.695028341043432
0.0
tensor(0.0147, device='cuda:0', dtype=torch.float64, grad_fn=<MulBackward0>)
6.711728427150833
0.0
tensor(0.0030, device='cuda:0', dtype=torch.float64, grad_fn=<MulBackward0>)
6.7283645417139715
0.0
tensor(0.0010, device='cuda:0', dtype=torch.float64, grad_fn=<MulBackward0>)
6.744937172963502
0.0
tensor(0.0013, device='cuda:0', dtype=torch.float64, grad_fn=<MulBackward0>)
6.7614468035620625
0.0
tensor(0.0129, device='cuda:0', dtype=torch.float64, grad_fn=<MulBackward0>)
6.777893910688611
0.0
tensor(2.9073e-05, device='cuda:0', dtype=torch.float64,
       grad_fn=<MulBackward0>)
6.794278966121188
0.0
tensor(0.0079, device='cuda:0', dtype=torch.float64, grad_fn=<MulBackward0>)
Epoch: 210/ 20000/ t/epoch=0.68............. Loss: -0.80188298, mean(E): -22.62965720+0.05134359j, var(E): 3.06606609, Px: 0.13399789-0.29374197j, Py: 0.00000000+0.00000000j
6.810602436318119
0.0
tensor(0.0045, device='cuda:0', dtype=torch.float64, grad_fn=<MulBackward0>)
6.826864782497681
0.0
tensor(0.0026, device='cuda:0', dtype=torch.float64, grad_fn=<MulBackward0>)
6.843066460716315
0.0
tensor(0.0026, device='cuda:0', dtype=torch.float64, grad_fn=<MulBackward0>)
6.8592079219453534
0.0
tensor(0.0195, device='cuda:0', dtype=torch.float64, grad_fn=<MulBackward0>)
6.875289612146344
0.0
tensor(0.0006, device='cuda:0', dtype=torch.float64, grad_fn=<MulBackward0>)
6.891311972344978
0.0
tensor(1.2296e-05, device='cuda:0', dtype=torch.float64,
       grad_fn=<MulBackward0>)
6.907275438703669
0.0
tensor(0.0073, device='cuda:0', dtype=torch.float64, grad_fn=<MulBackward0>)
6.923180442592787
0.0
tensor(0.0016, device='cuda:0', dtype=torch.float64, grad_fn=<MulBackward0>)
6.939027410660606
0.0
tensor(0.0033, device='cuda:0', dtype=torch.float64, grad_fn=<MulBackward0>)
6.954816764901974
0.0
tensor(3.7001e-05, device='cuda:0', dtype=torch.float64,
       grad_fn=<MulBackward0>)
Epoch: 220/ 20000/ t/epoch=0.67............. Loss: 1.09740012, mean(E): -22.62293745-0.12665979j, var(E): 2.99819702, Px: 0.09769346-0.34074289j, Py: 0.00000000+0.00000000j
6.970548922725745
0.0
tensor(0.0067, device='cuda:0', dtype=torch.float64, grad_fn=<MulBackward0>)
6.98622429702098
0.0
tensor(0.0103, device='cuda:0', dtype=torch.float64, grad_fn=<MulBackward0>)
7.001843296221978
0.0
tensor(0.0001, device='cuda:0', dtype=torch.float64, grad_fn=<MulBackward0>)
7.017406324372125
0.0
tensor(0.0013, device='cuda:0', dtype=torch.float64, grad_fn=<MulBackward0>)
7.032913781186614
0.0
tensor(0.0157, device='cuda:0', dtype=torch.float64, grad_fn=<MulBackward0>)
7.048366062114038
0.0
tensor(0.0156, device='cuda:0', dtype=torch.float64, grad_fn=<MulBackward0>)
7.063763558396902
0.0
tensor(0.0019, device='cuda:0', dtype=torch.float64, grad_fn=<MulBackward0>)
7.079106657131059
0.0
tensor(0.0289, device='cuda:0', dtype=torch.float64, grad_fn=<MulBackward0>)
7.094395741324108
0.0
tensor(0.0146, device='cuda:0', dtype=torch.float64, grad_fn=<MulBackward0>)
7.109631189952758
0.0
tensor(0.0039, device='cuda:0', dtype=torch.float64, grad_fn=<MulBackward0>)
Epoch: 230/ 20000/ t/epoch=0.68............. Loss: 0.76177380, mean(E): -22.70983043-0.02001619j, var(E): 3.56233708, Px: 0.07651346-0.30286959j, Py: 0.00000000+0.00000000j
7.124813378019187
0.0
tensor(0.0070, device='cuda:0', dtype=torch.float64, grad_fn=<MulBackward0>)
7.13994267660644
0.0
tensor(0.0104, device='cuda:0', dtype=torch.float64, grad_fn=<MulBackward0>)
7.155019452932839
0.0
tensor(0.0069, device='cuda:0', dtype=torch.float64, grad_fn=<MulBackward0>)
7.170044070405471
0.0
tensor(0.0074, device='cuda:0', dtype=torch.float64, grad_fn=<MulBackward0>)
7.185016888672743
0.0
tensor(0.0004, device='cuda:0', dtype=torch.float64, grad_fn=<MulBackward0>)
7.199938263676039
0.0
tensor(0.0021, device='cuda:0', dtype=torch.float64, grad_fn=<MulBackward0>)
7.214808547700493
0.0
tensor(0.0065, device='cuda:0', dtype=torch.float64, grad_fn=<MulBackward0>)
7.229628089424896
0.0
tensor(4.8378e-05, device='cuda:0', dtype=torch.float64,
       grad_fn=<MulBackward0>)
7.244397233970746
0.0
tensor(0.0097, device='cuda:0', dtype=torch.float64, grad_fn=<MulBackward0>)
7.259116322950482
0.0
tensor(0.0013, device='cuda:0', dtype=torch.float64, grad_fn=<MulBackward0>)
Epoch: 240/ 20000/ t/epoch=0.68............. Loss: 1.51706421, mean(E): -22.54058864-0.09642342j, var(E): 4.18883140, Px: 0.08675661-0.31902749j, Py: 0.00000000+0.00000000j
7.273785694514889
0.0
tensor(0.0120, device='cuda:0', dtype=torch.float64, grad_fn=<MulBackward0>)
7.288405683399714
0.0
tensor(0.0012, device='cuda:0', dtype=torch.float64, grad_fn=<MulBackward0>)
7.302976620971497
0.0
tensor(0.0076, device='cuda:0', dtype=torch.float64, grad_fn=<MulBackward0>)
7.317498835272635
0.0
tensor(0.0175, device='cuda:0', dtype=torch.float64, grad_fn=<MulBackward0>)
7.331972651065694
0.0
tensor(0.0002, device='cuda:0', dtype=torch.float64, grad_fn=<MulBackward0>)
7.3463983898769945
0.0
tensor(0.0181, device='cuda:0', dtype=torch.float64, grad_fn=<MulBackward0>)
7.360776370039456
0.0
tensor(1.6173e-05, device='cuda:0', dtype=torch.float64,
       grad_fn=<MulBackward0>)
7.375106906734762
0.0
tensor(0.0917, device='cuda:0', dtype=torch.float64, grad_fn=<MulBackward0>)
7.389390312034796
0.0
tensor(0.1366, device='cuda:0', dtype=torch.float64, grad_fn=<MulBackward0>)
7.403626894942439
0.0
tensor(0.0016, device='cuda:0', dtype=torch.float64, grad_fn=<MulBackward0>)
Epoch: 250/ 20000/ t/epoch=0.68............. Loss: -3.23922050, mean(E): -22.37085498+0.03620293j, var(E): 3.68356603, Px: 0.11489494-0.34725449j, Py: 0.00000000+0.00000000j
7.417816961431667
0.0
tensor(0.0060, device='cuda:0', dtype=torch.float64, grad_fn=<MulBackward0>)
7.431960814487013
0.0
tensor(0.0681, device='cuda:0', dtype=torch.float64, grad_fn=<MulBackward0>)
7.446058754142388
0.0
tensor(0.0370, device='cuda:0', dtype=torch.float64, grad_fn=<MulBackward0>)
7.460111077519259
0.0
tensor(0.0030, device='cuda:0', dtype=torch.float64, grad_fn=<MulBackward0>)
7.474118078864232
0.0
tensor(0.0029, device='cuda:0', dtype=torch.float64, grad_fn=<MulBackward0>)
7.4880800495860225
0.0
tensor(0.0727, device='cuda:0', dtype=torch.float64, grad_fn=<MulBackward0>)
7.501997278291821
0.0
tensor(0.0742, device='cuda:0', dtype=torch.float64, grad_fn=<MulBackward0>)
7.515870050823103
0.0
tensor(0.0273, device='cuda:0', dtype=torch.float64, grad_fn=<MulBackward0>)
7.529698650290841
0.0
tensor(0.0262, device='cuda:0', dtype=torch.float64, grad_fn=<MulBackward0>)
7.543483357110189
0.0
tensor(0.0012, device='cuda:0', dtype=torch.float64, grad_fn=<MulBackward0>)
Epoch: 260/ 20000/ t/epoch=0.68............. Loss: -1.20886036, mean(E): -22.46369623+0.01704954j, var(E): 6.34302218, Px: -0.11261207-0.23025759j, Py: 0.00000000+0.00000000j
7.557224449034581
0.0
tensor(0.0008, device='cuda:0', dtype=torch.float64, grad_fn=<MulBackward0>)
7.570922201189326
0.0
tensor(0.0324, device='cuda:0', dtype=torch.float64, grad_fn=<MulBackward0>)
7.5845768861046565
0.0
tensor(0.0681, device='cuda:0', dtype=torch.float64, grad_fn=<MulBackward0>)
7.598188773748262
0.0
tensor(0.0699, device='cuda:0', dtype=torch.float64, grad_fn=<MulBackward0>)
7.6117581315573135
0.0
tensor(0.0398, device='cuda:0', dtype=torch.float64, grad_fn=<MulBackward0>)
7.625285224469999
0.0
tensor(0.0035, device='cuda:0', dtype=torch.float64, grad_fn=<MulBackward0>)
7.638770314956549
0.0
tensor(0.0003, device='cuda:0', dtype=torch.float64, grad_fn=<MulBackward0>)
7.652213663049807
0.0
tensor(0.0119, device='cuda:0', dtype=torch.float64, grad_fn=<MulBackward0>)
7.6656155263753085
0.0
tensor(0.0088, device='cuda:0', dtype=torch.float64, grad_fn=<MulBackward0>)
7.678976160180907
0.0
tensor(0.0215, device='cuda:0', dtype=torch.float64, grad_fn=<MulBackward0>)
Epoch: 270/ 20000/ t/epoch=0.68............. Loss: 2.07100233, mean(E): -22.53762251-0.04725465j, var(E): 4.81750197, Px: 0.15286425-0.35079498j, Py: 0.00000000+0.00000000j
7.692295817365937
0.0
tensor(0.0048, device='cuda:0', dtype=torch.float64, grad_fn=<MulBackward0>)
7.70557474850995
0.0
tensor(0.0092, device='cuda:0', dtype=torch.float64, grad_fn=<MulBackward0>)
7.718813201900988
0.0
tensor(5.7459e-05, device='cuda:0', dtype=torch.float64,
       grad_fn=<MulBackward0>)
7.732011423563444
0.0
tensor(0.0004, device='cuda:0', dtype=torch.float64, grad_fn=<MulBackward0>)
7.745169657285496
0.0
tensor(0.0145, device='cuda:0', dtype=torch.float64, grad_fn=<MulBackward0>)
7.758288144646124
0.0
tensor(0.0006, device='cuda:0', dtype=torch.float64, grad_fn=<MulBackward0>)
7.771367125041726
0.0
tensor(0.0013, device='cuda:0', dtype=torch.float64, grad_fn=<MulBackward0>)
7.7844068357123275
0.0
tensor(0.0145, device='cuda:0', dtype=torch.float64, grad_fn=<MulBackward0>)
7.797407511767406
0.0
tensor(0.0012, device='cuda:0', dtype=torch.float64, grad_fn=<MulBackward0>)
7.810369386211319
0.0
tensor(0.0016, device='cuda:0', dtype=torch.float64, grad_fn=<MulBackward0>)
Epoch: 280/ 20000/ t/epoch=0.68............. Loss: 0.87117505, mean(E): -22.60468024-0.02765676j, var(E): 3.28246350, Px: 0.11446135-0.36828817j, Py: 0.00000000+0.00000000j
7.82329268996837
0.0
tensor(0.0014, device='cuda:0', dtype=torch.float64, grad_fn=<MulBackward0>)
7.836177651907487
0.0
tensor(0.0071, device='cuda:0', dtype=torch.float64, grad_fn=<MulBackward0>)
7.849024498866548
0.0
tensor(0.0172, device='cuda:0', dtype=torch.float64, grad_fn=<MulBackward0>)
7.861833455676335
0.0
tensor(0.0991, device='cuda:0', dtype=torch.float64, grad_fn=<MulBackward0>)
7.8746047451841505
0.0
tensor(0.0003, device='cuda:0', dtype=torch.float64, grad_fn=<MulBackward0>)
7.887338588277075
0.0
tensor(0.0025, device='cuda:0', dtype=torch.float64, grad_fn=<MulBackward0>)
7.900035203904895
0.0
tensor(0.0031, device='cuda:0', dtype=torch.float64, grad_fn=<MulBackward0>)
7.912694809102685
0.0
tensor(0.0491, device='cuda:0', dtype=torch.float64, grad_fn=<MulBackward0>)
7.925317619013076
0.0
tensor(0.0664, device='cuda:0', dtype=torch.float64, grad_fn=<MulBackward0>)
7.9379038469081875
0.0
tensor(0.0768, device='cuda:0', dtype=torch.float64, grad_fn=<MulBackward0>)
Epoch: 290/ 20000/ t/epoch=0.68............. Loss: -2.28775863, mean(E): -22.51510080+0.01688766j, var(E): 5.28226287, Px: 0.00162786-0.27134331j, Py: 0.00000000+0.00000000j
7.95045370421125
0.0
tensor(0.0012, device='cuda:0', dtype=torch.float64, grad_fn=<MulBackward0>)
7.9629674005179165
0.0
tensor(0.0199, device='cuda:0', dtype=torch.float64, grad_fn=<MulBackward0>)
7.975445143617263
0.0
tensor(0.0053, device='cuda:0', dtype=torch.float64, grad_fn=<MulBackward0>)
7.987887139512493
0.0
tensor(0.1267, device='cuda:0', dtype=torch.float64, grad_fn=<MulBackward0>)
8.000293592441343
0.0
tensor(0.0571, device='cuda:0', dtype=torch.float64, grad_fn=<MulBackward0>)
8.012664704896203
0.0
tensor(0.0021, device='cuda:0', dtype=torch.float64, grad_fn=<MulBackward0>)
8.025000677643934
0.0
tensor(0.0013, device='cuda:0', dtype=torch.float64, grad_fn=<MulBackward0>)
8.037301709745439
0.0
tensor(0.0124, device='cuda:0', dtype=torch.float64, grad_fn=<MulBackward0>)
8.049567998574915
0.0
tensor(1.5702e-05, device='cuda:0', dtype=torch.float64,
       grad_fn=<MulBackward0>)
8.061799739838872
0.0
tensor(0.0578, device='cuda:0', dtype=torch.float64, grad_fn=<MulBackward0>)
Epoch: 300/ 20000/ t/epoch=0.67............. Loss: -3.85270626, mean(E): -22.42001605+0.11964540j, var(E): 3.41125962, Px: 0.01531640-0.23429517j, Py: 0.00000000+0.00000000j
8.073997127594852
0.0
tensor(0.0080, device='cuda:0', dtype=torch.float64, grad_fn=<MulBackward0>)
8.08616035426992
0.0
tensor(0.0003, device='cuda:0', dtype=torch.float64, grad_fn=<MulBackward0>)
8.098289610678862
0.0
tensor(0.0496, device='cuda:0', dtype=torch.float64, grad_fn=<MulBackward0>)
8.11038508604216
0.0
tensor(0.0066, device='cuda:0', dtype=torch.float64, grad_fn=<MulBackward0>)
8.122446968003693
0.0
tensor(0.0282, device='cuda:0', dtype=torch.float64, grad_fn=<MulBackward0>)
8.134475442648213
0.0
tensor(0.0188, device='cuda:0', dtype=torch.float64, grad_fn=<MulBackward0>)
8.14647069451856
0.0
tensor(0.0276, device='cuda:0', dtype=torch.float64, grad_fn=<MulBackward0>)
8.158432906632665
0.0
tensor(0.0218, device='cuda:0', dtype=torch.float64, grad_fn=<MulBackward0>)
8.170362260500289
0.0
tensor(1.4044e-05, device='cuda:0', dtype=torch.float64,
       grad_fn=<MulBackward0>)
8.182258936139554
0.0
tensor(0.0505, device='cuda:0', dtype=torch.float64, grad_fn=<MulBackward0>)
Epoch: 310/ 20000/ t/epoch=0.67............. Loss: -3.01180277, mean(E): -22.58422971+0.09139129j, var(E): 4.54144587, Px: 0.02144415-0.27667652j, Py: 0.00000000+0.00000000j
8.194123112093251
0.0
tensor(0.0530, device='cuda:0', dtype=torch.float64, grad_fn=<MulBackward0>)
8.205954965444903
0.0
tensor(0.0308, device='cuda:0', dtype=torch.float64, grad_fn=<MulBackward0>)
8.217754671834635
0.0
tensor(0.0210, device='cuda:0', dtype=torch.float64, grad_fn=<MulBackward0>)
8.229522405474816
0.0
tensor(1.5668e-05, device='cuda:0', dtype=torch.float64,
       grad_fn=<MulBackward0>)
8.241258339165489
0.0
tensor(0.0095, device='cuda:0', dtype=torch.float64, grad_fn=<MulBackward0>)
8.2529626443096
0.0
tensor(0.0546, device='cuda:0', dtype=torch.float64, grad_fn=<MulBackward0>)
8.264635490928013
0.0
tensor(0.2000, device='cuda:0', dtype=torch.float64, grad_fn=<MulBackward0>)
8.276277047674334
0.0
tensor(0.0552, device='cuda:0', dtype=torch.float64, grad_fn=<MulBackward0>)
8.287887481849532
0.0
tensor(0.0006, device='cuda:0', dtype=torch.float64, grad_fn=<MulBackward0>)
8.29946695941636
0.0
tensor(0.0251, device='cuda:0', dtype=torch.float64, grad_fn=<MulBackward0>)
Epoch: 320/ 20000/ t/epoch=0.68............. Loss: -1.51379399, mean(E): -22.39978377-0.08896048j, var(E): 5.90638556, Px: 0.04495519-0.32055768j, Py: 0.00000000+0.00000000j
8.311015645013594
0.0
tensor(0.0037, device='cuda:0', dtype=torch.float64, grad_fn=<MulBackward0>)
8.32253370197008
0.0
tensor(0.0239, device='cuda:0', dtype=torch.float64, grad_fn=<MulBackward0>)
8.334021292318587
0.0
tensor(0.0522, device='cuda:0', dtype=torch.float64, grad_fn=<MulBackward0>)
8.345478576809487
0.0
tensor(0.0572, device='cuda:0', dtype=torch.float64, grad_fn=<MulBackward0>)
8.356905714924256
0.0
tensor(0.0218, device='cuda:0', dtype=torch.float64, grad_fn=<MulBackward0>)
8.36830286488879
0.0
tensor(0.0529, device='cuda:0', dtype=torch.float64, grad_fn=<MulBackward0>)
8.379670183686548
0.0
tensor(0.0551, device='cuda:0', dtype=torch.float64, grad_fn=<MulBackward0>)
8.391007827071531
0.0
tensor(0.0454, device='cuda:0', dtype=torch.float64, grad_fn=<MulBackward0>)
8.402315949581089
0.0
tensor(0.0418, device='cuda:0', dtype=torch.float64, grad_fn=<MulBackward0>)
8.413594704548549
0.0
tensor(0.0383, device='cuda:0', dtype=torch.float64, grad_fn=<MulBackward0>)
Epoch: 330/ 20000/ t/epoch=0.68............. Loss: 1.43913789, mean(E): -22.60321383+0.06680036j, var(E): 5.75082374, Px: 0.03253259-0.35407935j, Py: 0.00000000+0.00000000j
8.4248442441157
0.0
tensor(4.7144e-07, device='cuda:0', dtype=torch.float64,
       grad_fn=<MulBackward0>)
8.436064719245108
0.0
tensor(0.0584, device='cuda:0', dtype=torch.float64, grad_fn=<MulBackward0>)
8.44725627973226
0.0
tensor(0.0219, device='cuda:0', dtype=torch.float64, grad_fn=<MulBackward0>)
8.458419074217574
0.0
tensor(1.4706e-05, device='cuda:0', dtype=torch.float64,
       grad_fn=<MulBackward0>)
8.46955325019824
0.0
tensor(0.1313, device='cuda:0', dtype=torch.float64, grad_fn=<MulBackward0>)
8.480658954039914
0.0
tensor(4.3789e-05, device='cuda:0', dtype=torch.float64,
       grad_fn=<MulBackward0>)
8.491736330988267
0.0
tensor(0.0066, device='cuda:0', dtype=torch.float64, grad_fn=<MulBackward0>)
8.502785525180371
0.0
tensor(0.0066, device='cuda:0', dtype=torch.float64, grad_fn=<MulBackward0>)
8.513806679655968
0.0
tensor(1.8455e-05, device='cuda:0', dtype=torch.float64,
       grad_fn=<MulBackward0>)
8.524799936368563
0.0
tensor(0.0309, device='cuda:0', dtype=torch.float64, grad_fn=<MulBackward0>)
Epoch: 340/ 20000/ t/epoch=0.68............. Loss: -1.11287493, mean(E): -22.31722003+0.10332423j, var(E): 4.26693026, Px: 0.16018214-0.21769542j, Py: 0.00000000+0.00000000j
8.535765436196417
0.0
tensor(0.0013, device='cuda:0', dtype=torch.float64, grad_fn=<MulBackward0>)
8.546703318953353
0.0
tensor(0.0017, device='cuda:0', dtype=torch.float64, grad_fn=<MulBackward0>)
8.557613723399479
0.0
tensor(0.0037, device='cuda:0', dtype=torch.float64, grad_fn=<MulBackward0>)
8.568496787251723
0.0
tensor(0.0004, device='cuda:0', dtype=torch.float64, grad_fn=<MulBackward0>)
8.579352647194291
0.0
tensor(0.0313, device='cuda:0', dtype=torch.float64, grad_fn=<MulBackward0>)
8.590181438888942
0.0
tensor(0.0179, device='cuda:0', dtype=torch.float64, grad_fn=<MulBackward0>)
8.60098329698518
0.0
tensor(1.9110e-06, device='cuda:0', dtype=torch.float64,
       grad_fn=<MulBackward0>)
8.611758355130286
0.0
tensor(0.0158, device='cuda:0', dtype=torch.float64, grad_fn=<MulBackward0>)
8.622506745979251
0.0
tensor(0.0028, device='cuda:0', dtype=torch.float64, grad_fn=<MulBackward0>)
8.633228601204559
0.0
tensor(0.0339, device='cuda:0', dtype=torch.float64, grad_fn=<MulBackward0>)
Epoch: 350/ 20000/ t/epoch=0.68............. Loss: -0.09077240, mean(E): -22.49917245+0.03610810j, var(E): 2.98328542, Px: 0.03734267-0.28900478j, Py: 0.00000000+0.00000000j
8.643924051505888
0.0
tensor(0.0016, device='cuda:0', dtype=torch.float64, grad_fn=<MulBackward0>)
8.654593226619646
0.0
tensor(0.0124, device='cuda:0', dtype=torch.float64, grad_fn=<MulBackward0>)
8.665236255328436
0.0
tensor(0.0038, device='cuda:0', dtype=torch.float64, grad_fn=<MulBackward0>)
8.675853265470362
0.0
tensor(0.0025, device='cuda:0', dtype=torch.float64, grad_fn=<MulBackward0>)
8.686444383948258
0.0
tensor(0.0239, device='cuda:0', dtype=torch.float64, grad_fn=<MulBackward0>)
8.697009736738778
0.0
tensor(0.0106, device='cuda:0', dtype=torch.float64, grad_fn=<MulBackward0>)
8.707549448901402
0.0
tensor(0.0674, device='cuda:0', dtype=torch.float64, grad_fn=<MulBackward0>)
8.718063644587295
0.0
tensor(0.0931, device='cuda:0', dtype=torch.float64, grad_fn=<MulBackward0>)
8.728552447048102
0.0
tensor(0.0073, device='cuda:0', dtype=torch.float64, grad_fn=<MulBackward0>)
8.739015978644614
0.0
tensor(0.0064, device='cuda:0', dtype=torch.float64, grad_fn=<MulBackward0>)
Epoch: 360/ 20000/ t/epoch=0.68............. Loss: -2.52711680, mean(E): -22.56951573+0.03278493j, var(E): 4.20249758, Px: 0.12707127-0.35351949j, Py: 0.00000000+0.00000000j
8.749454360855319
0.0
tensor(0.0192, device='cuda:0', dtype=torch.float64, grad_fn=<MulBackward0>)
8.75986771428488
0.0
tensor(0.0012, device='cuda:0', dtype=torch.float64, grad_fn=<MulBackward0>)
8.770256158672488
0.0
tensor(0.0114, device='cuda:0', dtype=torch.float64, grad_fn=<MulBackward0>)
8.780619812900126
0.0
tensor(0.0079, device='cuda:0', dtype=torch.float64, grad_fn=<MulBackward0>)
8.790958795000726
0.0
tensor(0.0054, device='cuda:0', dtype=torch.float64, grad_fn=<MulBackward0>)
8.80127322216625
0.0
tensor(0.0371, device='cuda:0', dtype=torch.float64, grad_fn=<MulBackward0>)
8.811563210755637
0.0
tensor(0.0412, device='cuda:0', dtype=torch.float64, grad_fn=<MulBackward0>)
8.8218288763027
0.0
tensor(0.0074, device='cuda:0', dtype=torch.float64, grad_fn=<MulBackward0>)
8.8320703335239
0.0
tensor(0.0056, device='cuda:0', dtype=torch.float64, grad_fn=<MulBackward0>)
8.84228769632604
0.0
tensor(0.0144, device='cuda:0', dtype=torch.float64, grad_fn=<MulBackward0>)
Epoch: 370/ 20000/ t/epoch=0.68............. Loss: 0.64238742, mean(E): -22.56050110-0.07316632j, var(E): 3.90401797, Px: 0.14038866-0.38325258j, Py: 0.00000000+0.00000000j
8.852481077813861
0.0
tensor(0.0030, device='cuda:0', dtype=torch.float64, grad_fn=<MulBackward0>)
8.862650590297566
0.0
tensor(0.0090, device='cuda:0', dtype=torch.float64, grad_fn=<MulBackward0>)
8.87279634530023
0.0
tensor(0.0031, device='cuda:0', dtype=torch.float64, grad_fn=<MulBackward0>)
8.882918453565154
0.0
tensor(0.0172, device='cuda:0', dtype=torch.float64, grad_fn=<MulBackward0>)
8.893017025063102
0.0
tensor(0.1047, device='cuda:0', dtype=torch.float64, grad_fn=<MulBackward0>)
8.903092168999486
0.0
tensor(0.0202, device='cuda:0', dtype=torch.float64, grad_fn=<MulBackward0>)
8.91314399382143
0.0
tensor(0.0083, device='cuda:0', dtype=torch.float64, grad_fn=<MulBackward0>)
8.923172607224805
0.0
tensor(0.0638, device='cuda:0', dtype=torch.float64, grad_fn=<MulBackward0>)
8.93317811616112
0.0
tensor(0.0071, device='cuda:0', dtype=torch.float64, grad_fn=<MulBackward0>)
8.943160626844385
0.0
tensor(0.0435, device='cuda:0', dtype=torch.float64, grad_fn=<MulBackward0>)
Epoch: 380/ 20000/ t/epoch=0.68............. Loss: -2.24192575, mean(E): -22.34945040+0.01575744j, var(E): 2.72287076, Px: 0.03024241-0.25414440j, Py: 0.00000000+0.00000000j
8.953120244757873
0.0
tensor(0.0109, device='cuda:0', dtype=torch.float64, grad_fn=<MulBackward0>)
8.963057074660806
0.0
tensor(0.0048, device='cuda:0', dtype=torch.float64, grad_fn=<MulBackward0>)
8.972971220594966
0.0
tensor(0.0231, device='cuda:0', dtype=torch.float64, grad_fn=<MulBackward0>)
8.98286278589123
0.0
tensor(9.7758e-05, device='cuda:0', dtype=torch.float64,
       grad_fn=<MulBackward0>)
8.992731873176037
0.0
tensor(0.0007, device='cuda:0', dtype=torch.float64, grad_fn=<MulBackward0>)
9.002578584377776
0.0
tensor(0.0010, device='cuda:0', dtype=torch.float64, grad_fn=<MulBackward0>)
9.012403020733093
0.0
tensor(0.0003, device='cuda:0', dtype=torch.float64, grad_fn=<MulBackward0>)
9.022205282793147
0.0
tensor(0.0127, device='cuda:0', dtype=torch.float64, grad_fn=<MulBackward0>)
9.031985470429783
0.0
tensor(0.0098, device='cuda:0', dtype=torch.float64, grad_fn=<MulBackward0>)
9.041743682841636
0.0
tensor(1.2363e-05, device='cuda:0', dtype=torch.float64,
       grad_fn=<MulBackward0>)
Epoch: 390/ 20000/ t/epoch=0.68............. Loss: 1.16020857, mean(E): -22.67412800+0.05067905j, var(E): 4.01555945, Px: 0.10116931-0.38109797j, Py: 0.00000000+0.00000000j
9.051480018560161
0.0
tensor(0.0014, device='cuda:0', dtype=torch.float64, grad_fn=<MulBackward0>)
9.061194575455616
0.0
tensor(0.0159, device='cuda:0', dtype=torch.float64, grad_fn=<MulBackward0>)
9.070887450742957
0.0
tensor(0.0146, device='cuda:0', dtype=torch.float64, grad_fn=<MulBackward0>)
9.08055874098767
0.0
tensor(0.0053, device='cuda:0', dtype=torch.float64, grad_fn=<MulBackward0>)
9.09020854211156
0.0
tensor(0.0692, device='cuda:0', dtype=torch.float64, grad_fn=<MulBackward0>)
9.09983694939844
0.0
tensor(0.0104, device='cuda:0', dtype=torch.float64, grad_fn=<MulBackward0>)
9.10944405749979
0.0
tensor(0.0148, device='cuda:0', dtype=torch.float64, grad_fn=<MulBackward0>)
9.11902996044033
0.0
tensor(0.0717, device='cuda:0', dtype=torch.float64, grad_fn=<MulBackward0>)
9.12859475162355
0.0
tensor(0.0511, device='cuda:0', dtype=torch.float64, grad_fn=<MulBackward0>)
9.138138523837167
0.0
tensor(0.0133, device='cuda:0', dtype=torch.float64, grad_fn=<MulBackward0>)
Epoch: 400/ 20000/ t/epoch=0.68............. Loss: -1.80298336, mean(E): -22.42849844+0.05999509j, var(E): 4.06180424, Px: 0.13820091-0.45315883j, Py: 0.00000000+0.00000000j
9.147661369258525
0.0
tensor(0.0168, device='cuda:0', dtype=torch.float64, grad_fn=<MulBackward0>)
9.157163379459938
0.0
tensor(0.0090, device='cuda:0', dtype=torch.float64, grad_fn=<MulBackward0>)
9.166644645413971
0.0
tensor(0.0002, device='cuda:0', dtype=torch.float64, grad_fn=<MulBackward0>)
9.176105257498673
0.0
tensor(0.0566, device='cuda:0', dtype=torch.float64, grad_fn=<MulBackward0>)
9.185545305502735
0.0
tensor(0.0165, device='cuda:0', dtype=torch.float64, grad_fn=<MulBackward0>)
9.194964878630614
0.0
tensor(0.0017, device='cuda:0', dtype=torch.float64, grad_fn=<MulBackward0>)
9.204364065507587
0.0
tensor(0.0022, device='cuda:0', dtype=torch.float64, grad_fn=<MulBackward0>)
9.213742954184745
0.0
tensor(1.2245e-05, device='cuda:0', dtype=torch.float64,
       grad_fn=<MulBackward0>)
9.22310163214396
0.0
tensor(0.0113, device='cuda:0', dtype=torch.float64, grad_fn=<MulBackward0>)
9.232440186302766
0.0
tensor(0.0065, device='cuda:0', dtype=torch.float64, grad_fn=<MulBackward0>)
Epoch: 410/ 20000/ t/epoch=0.68............. Loss: 0.27444109, mean(E): -22.53755408+0.03973072j, var(E): 4.19301753, Px: 0.07340908-0.27881920j, Py: 0.00000000+0.00000000j
9.241758703019208
0.0
tensor(0.0573, device='cuda:0', dtype=torch.float64, grad_fn=<MulBackward0>)
9.251057268096638
0.0
tensor(0.0018, device='cuda:0', dtype=torch.float64, grad_fn=<MulBackward0>)
9.260335966788446
0.0
tensor(0.0040, device='cuda:0', dtype=torch.float64, grad_fn=<MulBackward0>)
9.269594883802757
0.0
tensor(0.0064, device='cuda:0', dtype=torch.float64, grad_fn=<MulBackward0>)
9.27883410330707
0.0
tensor(0.0015, device='cuda:0', dtype=torch.float64, grad_fn=<MulBackward0>)
9.288053708932843
0.0
tensor(0.0001, device='cuda:0', dtype=torch.float64, grad_fn=<MulBackward0>)
9.297253783780045
0.0
tensor(0.0003, device='cuda:0', dtype=torch.float64, grad_fn=<MulBackward0>)
9.306434410421645
0.0
tensor(0.0002, device='cuda:0', dtype=torch.float64, grad_fn=<MulBackward0>)
9.315595670908053
0.0
tensor(0.0593, device='cuda:0', dtype=torch.float64, grad_fn=<MulBackward0>)
9.324737646771531
0.0
tensor(0.0353, device='cuda:0', dtype=torch.float64, grad_fn=<MulBackward0>)
Epoch: 420/ 20000/ t/epoch=0.68............. Loss: -0.72849373, mean(E): -22.45716185+0.10781553j, var(E): 6.23796335, Px: 0.16151079-0.41696974j, Py: 0.00000000+0.00000000j
9.333860419030543
0.0
tensor(0.0037, device='cuda:0', dtype=torch.float64, grad_fn=<MulBackward0>)
9.342964068194057
0.0
tensor(0.0101, device='cuda:0', dtype=torch.float64, grad_fn=<MulBackward0>)
9.352048674265813
0.0
tensor(0.0572, device='cuda:0', dtype=torch.float64, grad_fn=<MulBackward0>)
9.361114316748543
0.0
tensor(0.0596, device='cuda:0', dtype=torch.float64, grad_fn=<MulBackward0>)
9.370161074648141
0.0
tensor(0.0326, device='cuda:0', dtype=torch.float64, grad_fn=<MulBackward0>)
9.379189026477803
0.0
tensor(0.0307, device='cuda:0', dtype=torch.float64, grad_fn=<MulBackward0>)
9.388198250262104
0.0
tensor(0.0049, device='cuda:0', dtype=torch.float64, grad_fn=<MulBackward0>)
9.397188823541047
0.0
tensor(0.0072, device='cuda:0', dtype=torch.float64, grad_fn=<MulBackward0>)
9.406160823374076
0.0
tensor(0.0311, device='cuda:0', dtype=torch.float64, grad_fn=<MulBackward0>)
9.41511432634403
0.0
tensor(0.0683, device='cuda:0', dtype=torch.float64, grad_fn=<MulBackward0>)
Epoch: 430/ 20000/ t/epoch=0.68............. Loss: -1.68330617, mean(E): -22.55424050+0.00136832j, var(E): 3.99128873, Px: 0.01485757-0.32897075j, Py: 0.00000000+0.00000000j
9.424049408561068
0.0
tensor(0.0733, device='cuda:0', dtype=torch.float64, grad_fn=<MulBackward0>)
9.432966145666548
0.0
tensor(0.0471, device='cuda:0', dtype=torch.float64, grad_fn=<MulBackward0>)
9.441864612836874
0.0
tensor(0.0012, device='cuda:0', dtype=torch.float64, grad_fn=<MulBackward0>)
9.450744884787301
0.0
tensor(0.0596, device='cuda:0', dtype=torch.float64, grad_fn=<MulBackward0>)
9.459607035775687
0.0
tensor(0.0089, device='cuda:0', dtype=torch.float64, grad_fn=<MulBackward0>)
9.46845113960623
0.0
tensor(0.0018, device='cuda:0', dtype=torch.float64, grad_fn=<MulBackward0>)
9.477277269633156
0.0
tensor(0.0002, device='cuda:0', dtype=torch.float64, grad_fn=<MulBackward0>)
9.486085498764364
0.0
tensor(0.0361, device='cuda:0', dtype=torch.float64, grad_fn=<MulBackward0>)
9.494875899465038
0.0
tensor(0.1956, device='cuda:0', dtype=torch.float64, grad_fn=<MulBackward0>)
9.50364854376123
0.0
tensor(0.0004, device='cuda:0', dtype=torch.float64, grad_fn=<MulBackward0>)
Epoch: 440/ 20000/ t/epoch=0.68............. Loss: 2.45491099, mean(E): -22.54677619+0.03413104j, var(E): 4.31616606, Px: 0.09314945-0.43699493j, Py: 0.00000000+0.00000000j
9.512403503243403
0.0
tensor(0.0039, device='cuda:0', dtype=torch.float64, grad_fn=<MulBackward0>)
9.521140849069926
0.0
tensor(0.0081, device='cuda:0', dtype=torch.float64, grad_fn=<MulBackward0>)
9.529860651970555
0.0
tensor(0.0654, device='cuda:0', dtype=torch.float64, grad_fn=<MulBackward0>)
9.538562982249859
0.0
tensor(0.0184, device='cuda:0', dtype=torch.float64, grad_fn=<MulBackward0>)
9.547247909790629
0.0
tensor(0.0164, device='cuda:0', dtype=torch.float64, grad_fn=<MulBackward0>)
9.555915504057245
0.0
tensor(2.4053e-05, device='cuda:0', dtype=torch.float64,
       grad_fn=<MulBackward0>)
9.564565834098998
0.0
tensor(0.0124, device='cuda:0', dtype=torch.float64, grad_fn=<MulBackward0>)
9.573198968553408
0.0
tensor(0.0024, device='cuda:0', dtype=torch.float64, grad_fn=<MulBackward0>)
9.581814975649479
0.0
tensor(0.0083, device='cuda:0', dtype=torch.float64, grad_fn=<MulBackward0>)
9.590413923210937
0.0
tensor(0.0183, device='cuda:0', dtype=torch.float64, grad_fn=<MulBackward0>)
Epoch: 450/ 20000/ t/epoch=0.68............. Loss: -1.23479341, mean(E): -22.56867219+0.04291721j, var(E): 5.77317646, Px: 0.05626453-0.41276140j, Py: 0.00000000+0.00000000j
9.598995878659435
0.0
tensor(0.0154, device='cuda:0', dtype=torch.float64, grad_fn=<MulBackward0>)
9.607560909017728
0.0
tensor(0.0311, device='cuda:0', dtype=torch.float64, grad_fn=<MulBackward0>)
9.616109080912807
0.0
tensor(0.0445, device='cuda:0', dtype=torch.float64, grad_fn=<MulBackward0>)
9.624640460579013
0.0
tensor(0.0241, device='cuda:0', dtype=torch.float64, grad_fn=<MulBackward0>)
9.633155113861113
0.0
tensor(0.0049, device='cuda:0', dtype=torch.float64, grad_fn=<MulBackward0>)
9.641653106217355
0.0
tensor(0.0167, device='cuda:0', dtype=torch.float64, grad_fn=<MulBackward0>)
9.65013450272248
0.0
tensor(0.0006, device='cuda:0', dtype=torch.float64, grad_fn=<MulBackward0>)
9.658599368070718
0.0
tensor(0.0485, device='cuda:0', dtype=torch.float64, grad_fn=<MulBackward0>)
9.667047766578746
0.0
tensor(0.0637, device='cuda:0', dtype=torch.float64, grad_fn=<MulBackward0>)
9.67547976218862
0.0
tensor(0.0660, device='cuda:0', dtype=torch.float64, grad_fn=<MulBackward0>)
Epoch: 460/ 20000/ t/epoch=0.68............. Loss: -1.23997157, mean(E): -22.42620359-0.01452152j, var(E): 3.43403736, Px: 0.01740663-0.37789814j, Py: 0.00000000+0.00000000j
9.683895418470684
0.0
tensor(0.0110, device='cuda:0', dtype=torch.float64, grad_fn=<MulBackward0>)
9.692294798626431
0.0
tensor(0.0008, device='cuda:0', dtype=torch.float64, grad_fn=<MulBackward0>)
9.700677965491371
0.0
tensor(4.5485e-08, device='cuda:0', dtype=torch.float64,
       grad_fn=<MulBackward0>)
9.709044981537838
0.0
tensor(0.0017, device='cuda:0', dtype=torch.float64, grad_fn=<MulBackward0>)
9.717395908877783
0.0
tensor(0.0012, device='cuda:0', dtype=torch.float64, grad_fn=<MulBackward0>)
9.72573080926555
0.0
tensor(0.0002, device='cuda:0', dtype=torch.float64, grad_fn=<MulBackward0>)
9.734049744100608
0.0
tensor(0.0070, device='cuda:0', dtype=torch.float64, grad_fn=<MulBackward0>)
9.742352774430264
0.0
tensor(0.0449, device='cuda:0', dtype=torch.float64, grad_fn=<MulBackward0>)
9.75063996095236
0.0
tensor(0.0350, device='cuda:0', dtype=torch.float64, grad_fn=<MulBackward0>)
9.758911364017928
0.0
tensor(0.5397, device='cuda:0', dtype=torch.float64, grad_fn=<MulBackward0>)
Epoch: 470/ 20000/ t/epoch=0.68............. Loss: 4.60921202, mean(E): -21.99573568+0.09797514j, var(E): 16.83664336, Px: -0.33517250-0.52157371j, Py: 0.00000000+0.00000000j
9.767167043633822
0.0
tensor(0.5342, device='cuda:0', dtype=torch.float64, grad_fn=<MulBackward0>)
9.775407059465348
0.0
tensor(0.3631, device='cuda:0', dtype=torch.float64, grad_fn=<MulBackward0>)
9.783631470838829
0.0
tensor(0.0186, device='cuda:0', dtype=torch.float64, grad_fn=<MulBackward0>)
9.791840336744185
0.0
tensor(0.1242, device='cuda:0', dtype=torch.float64, grad_fn=<MulBackward0>)
9.800033715837465
0.0
tensor(0.0006, device='cuda:0', dtype=torch.float64, grad_fn=<MulBackward0>)
9.808211666443356
0.0
tensor(0.0029, device='cuda:0', dtype=torch.float64, grad_fn=<MulBackward0>)
9.816374246557691
0.0
tensor(2.9461, device='cuda:0', dtype=torch.float64, grad_fn=<MulBackward0>)
9.824521513849897
0.0
tensor(0.0243, device='cuda:0', dtype=torch.float64, grad_fn=<MulBackward0>)
9.832653525665453
0.0
tensor(0.0374, device='cuda:0', dtype=torch.float64, grad_fn=<MulBackward0>)
9.840770339028309
0.0
tensor(0.0051, device='cuda:0', dtype=torch.float64, grad_fn=<MulBackward0>)
Epoch: 480/ 20000/ t/epoch=0.68............. Loss: -1.33213384, mean(E): -12.80939661-0.17036656j, var(E): 17.62912894, Px: -0.07727790-0.52250487j, Py: 0.00000000+0.00000000j
9.848872010643277
0.0
tensor(0.0810, device='cuda:0', dtype=torch.float64, grad_fn=<MulBackward0>)
9.856958596898421
0.0
tensor(0.1368, device='cuda:0', dtype=torch.float64, grad_fn=<MulBackward0>)
9.865030153867405
0.0
tensor(0.0006, device='cuda:0', dtype=torch.float64, grad_fn=<MulBackward0>)
9.873086737311823
0.0
tensor(0.0454, device='cuda:0', dtype=torch.float64, grad_fn=<MulBackward0>)
9.881128402683519
0.0
tensor(0.0404, device='cuda:0', dtype=torch.float64, grad_fn=<MulBackward0>)
9.889155205126867
0.0
tensor(0.0122, device='cuda:0', dtype=torch.float64, grad_fn=<MulBackward0>)
9.897167199481046
0.0
tensor(0.1317, device='cuda:0', dtype=torch.float64, grad_fn=<MulBackward0>)
9.905164440282292
0.0
tensor(0.1362, device='cuda:0', dtype=torch.float64, grad_fn=<MulBackward0>)
9.913146981766108
0.0
tensor(0.0617, device='cuda:0', dtype=torch.float64, grad_fn=<MulBackward0>)
9.921114877869497
0.0
tensor(0.0231, device='cuda:0', dtype=torch.float64, grad_fn=<MulBackward0>)
Epoch: 490/ 20000/ t/epoch=0.68............. Loss: -1.23545675, mean(E): -12.62309823+0.34413540j, var(E): 13.45382666, Px: -0.05175306-0.49998562j, Py: 0.00000000+0.00000000j
9.929068182233125
0.0
tensor(0.0355, device='cuda:0', dtype=torch.float64, grad_fn=<MulBackward0>)
9.937006948203503
0.0
tensor(0.0869, device='cuda:0', dtype=torch.float64, grad_fn=<MulBackward0>)
9.944931228835124
0.0
tensor(0.0419, device='cuda:0', dtype=torch.float64, grad_fn=<MulBackward0>)
9.952841076892597
0.0
tensor(0.0390, device='cuda:0', dtype=torch.float64, grad_fn=<MulBackward0>)
9.960736544852754
0.0
tensor(0.0470, device='cuda:0', dtype=torch.float64, grad_fn=<MulBackward0>)
9.968617684906734
0.0
tensor(0.0241, device='cuda:0', dtype=torch.float64, grad_fn=<MulBackward0>)
9.97648454896206
0.0
tensor(0.0170, device='cuda:0', dtype=torch.float64, grad_fn=<MulBackward0>)
9.98433718864469
0.0
tensor(0.0023, device='cuda:0', dtype=torch.float64, grad_fn=<MulBackward0>)
9.992175655301036
0.0
tensor(0.0175, device='cuda:0', dtype=torch.float64, grad_fn=<MulBackward0>)
10.0
0.0
tensor(0.0221, device='cuda:0', dtype=torch.float64, grad_fn=<MulBackward0>)
Epoch: 500/ 20000/ t/epoch=0.68............. Loss: -1.34463043, mean(E): -13.24041358-0.14378556j, var(E): 10.87226902, Px: 0.05300258-0.46159366j, Py: 0.00000000+0.00000000j
10.007810273534956
0.0
tensor(0.0187, device='cuda:0', dtype=torch.float64, grad_fn=<MulBackward0>)
10.015606526425728
0.0
tensor(0.0026, device='cuda:0', dtype=torch.float64, grad_fn=<MulBackward0>)
10.023388808920565
0.0
tensor(0.0013, device='cuda:0', dtype=torch.float64, grad_fn=<MulBackward0>)
10.031157170998062
0.0
tensor(0.0083, device='cuda:0', dtype=torch.float64, grad_fn=<MulBackward0>)
10.038911662369106
0.0
tensor(0.0077, device='cuda:0', dtype=torch.float64, grad_fn=<MulBackward0>)
10.046652332478772
0.0
tensor(0.0088, device='cuda:0', dtype=torch.float64, grad_fn=<MulBackward0>)
10.054379230508221
0.0
tensor(3.7614e-06, device='cuda:0', dtype=torch.float64,
       grad_fn=<MulBackward0>)
10.062092405376575
0.0
tensor(0.0078, device='cuda:0', dtype=torch.float64, grad_fn=<MulBackward0>)
10.069791905742768
0.0
tensor(3.9402e-06, device='cuda:0', dtype=torch.float64,
       grad_fn=<MulBackward0>)
10.0774777800074
0.0
tensor(8.7121e-05, device='cuda:0', dtype=torch.float64,
       grad_fn=<MulBackward0>)
Epoch: 510/ 20000/ t/epoch=0.68............. Loss: -2.09388008, mean(E): -13.99068584-0.15116173j, var(E): 20.13236860, Px: 0.10294026-0.45066826j, Py: 0.00000000+0.00000000j
10.085150076314548
0.0
tensor(3.8962e-05, device='cuda:0', dtype=torch.float64,
       grad_fn=<MulBackward0>)
10.09280884255359
0.0
tensor(0.0018, device='cuda:0', dtype=torch.float64, grad_fn=<MulBackward0>)
10.100454126360985
0.0
tensor(0.0018, device='cuda:0', dtype=torch.float64, grad_fn=<MulBackward0>)
10.108085975122066
0.0
tensor(0.0059, device='cuda:0', dtype=torch.float64, grad_fn=<MulBackward0>)
10.11570443597278
0.0
tensor(2.2257e-06, device='cuda:0', dtype=torch.float64,
       grad_fn=<MulBackward0>)
10.12330955580147
0.0
tensor(0.0084, device='cuda:0', dtype=torch.float64, grad_fn=<MulBackward0>)
10.13090138125056
0.0
tensor(0.0003, device='cuda:0', dtype=torch.float64, grad_fn=<MulBackward0>)
10.138479958718314
0.0
tensor(0.0003, device='cuda:0', dtype=torch.float64, grad_fn=<MulBackward0>)
10.14604533436051
0.0
tensor(0.0136, device='cuda:0', dtype=torch.float64, grad_fn=<MulBackward0>)
10.153597554092142
0.0
tensor(0.0083, device='cuda:0', dtype=torch.float64, grad_fn=<MulBackward0>)
Epoch: 520/ 20000/ t/epoch=0.68............. Loss: -2.64499756, mean(E): -15.15530179-0.06998911j, var(E): 7.75383190, Px: 0.12859545-0.46166856j, Py: 0.00000000+0.00000000j
10.161136663589085
0.0
tensor(0.0003, device='cuda:0', dtype=torch.float64, grad_fn=<MulBackward0>)
10.168662708289752
0.0
tensor(0.0123, device='cuda:0', dtype=torch.float64, grad_fn=<MulBackward0>)
10.176175733396736
0.0
tensor(0.0044, device='cuda:0', dtype=torch.float64, grad_fn=<MulBackward0>)
10.18367578387845
0.0
tensor(0.0066, device='cuda:0', dtype=torch.float64, grad_fn=<MulBackward0>)
10.191162904470728
0.0
tensor(0.0052, device='cuda:0', dtype=torch.float64, grad_fn=<MulBackward0>)
10.198637139678436
0.0
tensor(0.0025, device='cuda:0', dtype=torch.float64, grad_fn=<MulBackward0>)
10.206098533777046
0.0
tensor(0.0021, device='cuda:0', dtype=torch.float64, grad_fn=<MulBackward0>)
10.213547130814229
0.0
tensor(4.8705e-05, device='cuda:0', dtype=torch.float64,
       grad_fn=<MulBackward0>)
10.220982974611402
0.0
tensor(0.0063, device='cuda:0', dtype=torch.float64, grad_fn=<MulBackward0>)
10.228406108765277
0.0
tensor(0.0062, device='cuda:0', dtype=torch.float64, grad_fn=<MulBackward0>)
Epoch: 530/ 20000/ t/epoch=0.68............. Loss: -0.77085813, mean(E): -15.98765266-0.12507850j, var(E): 10.21420830, Px: 0.07545516-0.48299925j, Py: 0.00000000+0.00000000j
10.235816576649396
0.0
tensor(0.0013, device='cuda:0', dtype=torch.float64, grad_fn=<MulBackward0>)
10.243214421415649
0.0
tensor(0.0034, device='cuda:0', dtype=torch.float64, grad_fn=<MulBackward0>)
10.25059968599579
0.0
tensor(0.0043, device='cuda:0', dtype=torch.float64, grad_fn=<MulBackward0>)
10.257972413102916
0.0
tensor(0.0055, device='cuda:0', dtype=torch.float64, grad_fn=<MulBackward0>)
10.265332645232967
0.0
tensor(0.0001, device='cuda:0', dtype=torch.float64, grad_fn=<MulBackward0>)
10.272680424666188
0.0
tensor(0.0057, device='cuda:0', dtype=torch.float64, grad_fn=<MulBackward0>)
10.280015793468579
0.0
tensor(0.0096, device='cuda:0', dtype=torch.float64, grad_fn=<MulBackward0>)
10.287338793493353
0.0
tensor(0.0069, device='cuda:0', dtype=torch.float64, grad_fn=<MulBackward0>)
10.29464946638236
0.0
tensor(0.0131, device='cuda:0', dtype=torch.float64, grad_fn=<MulBackward0>)
10.301947853567512
0.0
tensor(0.0002, device='cuda:0', dtype=torch.float64, grad_fn=<MulBackward0>)
Epoch: 540/ 20000/ t/epoch=0.68............. Loss: 0.11960755, mean(E): -16.12939860-0.30863961j, var(E): 15.85724668, Px: 0.09564046-0.53235860j, Py: 0.00000000+0.00000000j
10.309233996272189
0.0
tensor(0.0003, device='cuda:0', dtype=torch.float64, grad_fn=<MulBackward0>)
10.31650793551264
0.0
tensor(0.0074, device='cuda:0', dtype=torch.float64, grad_fn=<MulBackward0>)
10.323769712099363
0.0
tensor(0.0574, device='cuda:0', dtype=torch.float64, grad_fn=<MulBackward0>)
10.331019366638479
0.0
tensor(0.0231, device='cuda:0', dtype=torch.float64, grad_fn=<MulBackward0>)
10.338256939533103
0.0
tensor(0.0035, device='cuda:0', dtype=torch.float64, grad_fn=<MulBackward0>)
10.345482470984688
0.0
tensor(0.0131, device='cuda:0', dtype=torch.float64, grad_fn=<MulBackward0>)
10.352696000994364
0.0
tensor(0.0064, device='cuda:0', dtype=torch.float64, grad_fn=<MulBackward0>)
10.359897569364264
0.0
tensor(5.2366e-05, device='cuda:0', dtype=torch.float64,
       grad_fn=<MulBackward0>)
10.367087215698858
0.0
tensor(0.0142, device='cuda:0', dtype=torch.float64, grad_fn=<MulBackward0>)
10.374264979406236
0.0
tensor(0.0024, device='cuda:0', dtype=torch.float64, grad_fn=<MulBackward0>)
Epoch: 550/ 20000/ t/epoch=0.68............. Loss: -0.49212228, mean(E): -16.49432912+0.15561127j, var(E): 8.41294206, Px: 0.08473018-0.47090514j, Py: 0.00000000+0.00000000j
10.381430899699424
0.0
tensor(0.0019, device='cuda:0', dtype=torch.float64, grad_fn=<MulBackward0>)
10.388585015597657
0.0
tensor(0.0383, device='cuda:0', dtype=torch.float64, grad_fn=<MulBackward0>)
10.395727365927666
0.0
tensor(0.0091, device='cuda:0', dtype=torch.float64, grad_fn=<MulBackward0>)
10.402857989324918
0.0
tensor(0.0055, device='cuda:0', dtype=torch.float64, grad_fn=<MulBackward0>)
10.409976924234904
0.0
tensor(4.2554e-05, device='cuda:0', dtype=torch.float64,
       grad_fn=<MulBackward0>)
10.41708420891436
0.0
tensor(0.0312, device='cuda:0', dtype=torch.float64, grad_fn=<MulBackward0>)
10.424179881432503
0.0
tensor(0.0175, device='cuda:0', dtype=torch.float64, grad_fn=<MulBackward0>)
10.431263979672256
0.0
tensor(0.0004, device='cuda:0', dtype=torch.float64, grad_fn=<MulBackward0>)
10.438336541331468
0.0
tensor(0.0130, device='cuda:0', dtype=torch.float64, grad_fn=<MulBackward0>)
10.445397603924109
0.0
tensor(0.0128, device='cuda:0', dtype=torch.float64, grad_fn=<MulBackward0>)
Epoch: 560/ 20000/ t/epoch=0.68............. Loss: 0.25843865, mean(E): -16.89103960-0.13993116j, var(E): 7.52639054, Px: 0.13505098-0.57790979j, Py: 0.00000000+0.00000000j
10.45244720478147
0.0
tensor(0.0029, device='cuda:0', dtype=torch.float64, grad_fn=<MulBackward0>)
10.45948538105334
0.0
tensor(0.0180, device='cuda:0', dtype=torch.float64, grad_fn=<MulBackward0>)
10.466512169709198
0.0
tensor(0.0099, device='cuda:0', dtype=torch.float64, grad_fn=<MulBackward0>)
10.473527607539342
0.0
tensor(0.0082, device='cuda:0', dtype=torch.float64, grad_fn=<MulBackward0>)
10.480531731156091
0.0
tensor(0.0272, device='cuda:0', dtype=torch.float64, grad_fn=<MulBackward0>)
10.487524576994897
0.0
tensor(0.0151, device='cuda:0', dtype=torch.float64, grad_fn=<MulBackward0>)
10.494506181315495
0.0
tensor(0.0024, device='cuda:0', dtype=torch.float64, grad_fn=<MulBackward0>)
10.501476580203036
0.0
tensor(0.0278, device='cuda:0', dtype=torch.float64, grad_fn=<MulBackward0>)
10.508435809569189
0.0
tensor(0.0159, device='cuda:0', dtype=torch.float64, grad_fn=<MulBackward0>)
10.515383905153275
0.0
tensor(0.0952, device='cuda:0', dtype=torch.float64, grad_fn=<MulBackward0>)
Epoch: 570/ 20000/ t/epoch=0.68............. Loss: -0.16405467, mean(E): -17.05523823+0.02796403j, var(E): 7.25586204, Px: 0.19514879-0.56646141j, Py: 0.00000000+0.00000000j
10.522320902523344
0.0
tensor(0.0141, device='cuda:0', dtype=torch.float64, grad_fn=<MulBackward0>)
10.529246837077286
0.0
tensor(0.0019, device='cuda:0', dtype=torch.float64, grad_fn=<MulBackward0>)
10.536161744043904
0.0
tensor(0.0551, device='cuda:0', dtype=torch.float64, grad_fn=<MulBackward0>)
10.543065658483997
0.0
tensor(0.0029, device='cuda:0', dtype=torch.float64, grad_fn=<MulBackward0>)
10.549958615291414
0.0
tensor(0.0056, device='cuda:0', dtype=torch.float64, grad_fn=<MulBackward0>)
10.556840649194132
0.0
tensor(9.9606e-05, device='cuda:0', dtype=torch.float64,
       grad_fn=<MulBackward0>)
10.563711794755289
0.0
tensor(0.0099, device='cuda:0', dtype=torch.float64, grad_fn=<MulBackward0>)
10.570572086374224
0.0
tensor(0.0017, device='cuda:0', dtype=torch.float64, grad_fn=<MulBackward0>)
10.577421558287528
0.0
tensor(0.0003, device='cuda:0', dtype=torch.float64, grad_fn=<MulBackward0>)
10.584260244570054
0.0
tensor(0.0080, device='cuda:0', dtype=torch.float64, grad_fn=<MulBackward0>)
Epoch: 580/ 20000/ t/epoch=0.68............. Loss: -0.17858444, mean(E): -17.35016042-0.07047193j, var(E): 6.08908916, Px: 0.12741466-0.52790561j, Py: 0.00000000+0.00000000j
10.591088179135937
0.0
tensor(0.0062, device='cuda:0', dtype=torch.float64, grad_fn=<MulBackward0>)
10.597905395739609
0.0
tensor(0.0156, device='cuda:0', dtype=torch.float64, grad_fn=<MulBackward0>)
10.604711927976789
0.0
tensor(9.3568e-05, device='cuda:0', dtype=torch.float64,
       grad_fn=<MulBackward0>)
10.611507809285488
0.0
tensor(0.0659, device='cuda:0', dtype=torch.float64, grad_fn=<MulBackward0>)
10.61829307294699
0.0
tensor(0.0075, device='cuda:0', dtype=torch.float64, grad_fn=<MulBackward0>)
10.62506775208683
0.0
tensor(0.1150, device='cuda:0', dtype=torch.float64, grad_fn=<MulBackward0>)
10.63183187967576
0.0
tensor(0.0760, device='cuda:0', dtype=torch.float64, grad_fn=<MulBackward0>)
10.638585488530715
0.0
tensor(0.0179, device='cuda:0', dtype=torch.float64, grad_fn=<MulBackward0>)
10.645328611315783
0.0
tensor(0.0691, device='cuda:0', dtype=torch.float64, grad_fn=<MulBackward0>)
10.65206128054312
0.0
tensor(0.0081, device='cuda:0', dtype=torch.float64, grad_fn=<MulBackward0>)
Epoch: 590/ 20000/ t/epoch=0.68............. Loss: 0.38224704, mean(E): -16.99654744+0.05352487j, var(E): 9.93339282, Px: 0.07237999-0.47758510j, Py: 0.00000000+0.00000000j
10.65878352857392
0.0
tensor(0.0109, device='cuda:0', dtype=torch.float64, grad_fn=<MulBackward0>)
10.665495387619337
0.0
tensor(0.0316, device='cuda:0', dtype=torch.float64, grad_fn=<MulBackward0>)
10.672196889741413
0.0
tensor(0.0086, device='cuda:0', dtype=torch.float64, grad_fn=<MulBackward0>)
10.67888806685399
0.0
tensor(0.0279, device='cuda:0', dtype=torch.float64, grad_fn=<MulBackward0>)
10.685568950723631
0.0
tensor(0.0005, device='cuda:0', dtype=torch.float64, grad_fn=<MulBackward0>)
10.692239572970529
0.0
tensor(0.2394, device='cuda:0', dtype=torch.float64, grad_fn=<MulBackward0>)
10.698899965069383
0.0
tensor(3.9936e-05, device='cuda:0', dtype=torch.float64,
       grad_fn=<MulBackward0>)
10.705550158350317
0.0
tensor(0.0634, device='cuda:0', dtype=torch.float64, grad_fn=<MulBackward0>)
10.712190183999745
0.0
tensor(0.0016, device='cuda:0', dtype=torch.float64, grad_fn=<MulBackward0>)
10.718820073061256
0.0
tensor(0.0977, device='cuda:0', dtype=torch.float64, grad_fn=<MulBackward0>)
Epoch: 600/ 20000/ t/epoch=0.68............. Loss: -1.38896174, mean(E): -17.67456572+0.09313531j, var(E): 7.39009527, Px: 0.00454958-0.44267815j, Py: 0.00000000+0.00000000j
10.725439856436477
0.0
tensor(0.0975, device='cuda:0', dtype=torch.float64, grad_fn=<MulBackward0>)
10.732049564885955
0.0
tensor(0.0884, device='cuda:0', dtype=torch.float64, grad_fn=<MulBackward0>)
10.738649229029992
0.0
tensor(0.0989, device='cuda:0', dtype=torch.float64, grad_fn=<MulBackward0>)
10.745238879349518
0.0
tensor(0.0679, device='cuda:0', dtype=torch.float64, grad_fn=<MulBackward0>)
10.751818546186914
0.0
tensor(0.0231, device='cuda:0', dtype=torch.float64, grad_fn=<MulBackward0>)
10.758388259746871
0.0
tensor(0.0034, device='cuda:0', dtype=torch.float64, grad_fn=<MulBackward0>)
10.764948050097205
0.0
tensor(0.0017, device='cuda:0', dtype=torch.float64, grad_fn=<MulBackward0>)
10.77149794716969
0.0
tensor(0.0063, device='cuda:0', dtype=torch.float64, grad_fn=<MulBackward0>)
10.778037980760882
0.0
tensor(0.0360, device='cuda:0', dtype=torch.float64, grad_fn=<MulBackward0>)
10.784568180532926
0.0
tensor(0.0069, device='cuda:0', dtype=torch.float64, grad_fn=<MulBackward0>)
Epoch: 610/ 20000/ t/epoch=0.68............. Loss: -0.11334197, mean(E): -17.90079959-0.03723767j, var(E): 13.48663977, Px: 0.07469441-0.57751015j, Py: 0.00000000+0.00000000j
10.791088576014364
0.0
tensor(0.0765, device='cuda:0', dtype=torch.float64, grad_fn=<MulBackward0>)
10.797599196600931
0.0
tensor(0.9186, device='cuda:0', dtype=torch.float64, grad_fn=<MulBackward0>)
10.80410007155637
0.0
tensor(0.8940, device='cuda:0', dtype=torch.float64, grad_fn=<MulBackward0>)
10.810591230013195
0.0
tensor(2.4641, device='cuda:0', dtype=torch.float64, grad_fn=<MulBackward0>)
10.81707270097349
0.0
tensor(0.0541, device='cuda:0', dtype=torch.float64, grad_fn=<MulBackward0>)
10.823544513309688
0.0
tensor(3.4036, device='cuda:0', dtype=torch.float64, grad_fn=<MulBackward0>)
10.830006695765332
0.0
tensor(0.0080, device='cuda:0', dtype=torch.float64, grad_fn=<MulBackward0>)
10.836459276955848
0.0
tensor(0.3382, device='cuda:0', dtype=torch.float64, grad_fn=<MulBackward0>)
10.8429022853693
0.0
tensor(7.0425, device='cuda:0', dtype=torch.float64, grad_fn=<MulBackward0>)
Traceback (most recent call last):
  File "/ssd003/home/hlange/RNN-VMC/one_hole/tXXZchain/momentum_calculations/run.py", line 107, in <module>
    batch_samples = model.sample(batchsize)
  File "/ssd003/home/hlange/RNN-VMC/one_hole/tXXZchain/momentum_calculations/model.py", line 298, in sample
    samples[nx][ny], sigma, hidden, num_up, num_dn, num_sites = self._gen_samples(nx, ny, direction, inputs, hidden_inputs, samples, num_samples, num, num_up, num_dn, num_sites)
  File "/ssd003/home/hlange/RNN-VMC/one_hole/tXXZchain/momentum_calculations/model.py", line 258, in _gen_samples
    sample = torch.multinomial(ampl, 1) 
RuntimeError: probability tensor contains either `inf`, `nan` or element < 0
